[0.963s] DEBUG:colcon:Command line arguments: ['/usr/bin/colcon', 'build', '--packages-select', 'sws_metrics']
[0.963s] DEBUG:colcon:Parsed command line arguments: Namespace(log_base=None, log_level=None, verb_name='build', build_base='build', install_base='install', merge_install=False, symlink_install=False, test_result_base=None, continue_on_error=False, executor='parallel', parallel_workers=16, event_handlers=None, ignore_user_meta=False, metas=['./colcon.meta'], base_paths=['.'], packages_ignore=None, packages_ignore_regex=None, paths=None, packages_up_to=None, packages_up_to_regex=None, packages_above=None, packages_above_and_dependencies=None, packages_above_depth=None, packages_select_by_dep=None, packages_skip_by_dep=None, packages_skip_up_to=None, packages_select_build_failed=False, packages_skip_build_finished=False, packages_select_test_failures=False, packages_skip_test_passed=False, packages_select=['sws_metrics'], packages_skip=None, packages_select_regex=None, packages_skip_regex=None, packages_start=None, packages_end=None, cmake_args=None, cmake_target=None, cmake_target_skip_unavailable=False, cmake_clean_cache=False, cmake_clean_first=False, cmake_force_configure=False, ament_cmake_args=None, catkin_cmake_args=None, catkin_skip_building_tests=False, verb_parser=<colcon_defaults.argument_parser.defaults.DefaultArgumentsDecorator object at 0x7e8a73de3be0>, verb_extension=<colcon_core.verb.build.BuildVerb object at 0x7e8a73de3790>, main=<bound method BuildVerb.main of <colcon_core.verb.build.BuildVerb object at 0x7e8a73de3790>>)
[1.196s] Level 1:colcon.colcon_core.package_discovery:discover_packages(colcon_meta) check parameters
[1.196s] Level 1:colcon.colcon_core.package_discovery:discover_packages(recursive) check parameters
[1.196s] Level 1:colcon.colcon_core.package_discovery:discover_packages(ignore) check parameters
[1.196s] Level 1:colcon.colcon_core.package_discovery:discover_packages(path) check parameters
[1.197s] Level 1:colcon.colcon_core.package_discovery:discover_packages(colcon_meta) discover
[1.197s] Level 1:colcon.colcon_core.package_discovery:discover_packages(recursive) discover
[1.197s] INFO:colcon.colcon_core.package_discovery:Crawling recursively for packages in '/home/user/exchange/ws'
[1.197s] Level 1:colcon.colcon_core.package_identification:_identify(.) by extensions ['ignore', 'ignore_ament_install']
[1.197s] Level 1:colcon.colcon_core.package_identification:_identify(.) by extension 'ignore'
[1.197s] Level 1:colcon.colcon_core.package_identification:_identify(.) by extension 'ignore_ament_install'
[1.197s] Level 1:colcon.colcon_core.package_identification:_identify(.) by extensions ['colcon_pkg']
[1.197s] Level 1:colcon.colcon_core.package_identification:_identify(.) by extension 'colcon_pkg'
[1.197s] Level 1:colcon.colcon_core.package_identification:_identify(.) by extensions ['colcon_meta']
[1.197s] Level 1:colcon.colcon_core.package_identification:_identify(.) by extension 'colcon_meta'
[1.197s] Level 1:colcon.colcon_core.package_identification:_identify(.) by extensions ['ros']
[1.197s] Level 1:colcon.colcon_core.package_identification:_identify(.) by extension 'ros'
[1.207s] Level 1:colcon.colcon_core.package_identification:_identify(.) by extensions ['cmake', 'python']
[1.207s] Level 1:colcon.colcon_core.package_identification:_identify(.) by extension 'cmake'
[1.207s] Level 1:colcon.colcon_core.package_identification:_identify(.) by extension 'python'
[1.207s] Level 1:colcon.colcon_core.package_identification:_identify(.) by extensions ['python_setup_py']
[1.207s] Level 1:colcon.colcon_core.package_identification:_identify(.) by extension 'python_setup_py'
[1.207s] Level 1:colcon.colcon_core.package_identification:_identify(build) by extensions ['ignore', 'ignore_ament_install']
[1.207s] Level 1:colcon.colcon_core.package_identification:_identify(build) by extension 'ignore'
[1.207s] Level 1:colcon.colcon_core.package_identification:_identify(build) ignored
[1.208s] Level 1:colcon.colcon_core.package_identification:_identify(install) by extensions ['ignore', 'ignore_ament_install']
[1.208s] Level 1:colcon.colcon_core.package_identification:_identify(install) by extension 'ignore'
[1.208s] Level 1:colcon.colcon_core.package_identification:_identify(install) ignored
[1.208s] Level 1:colcon.colcon_core.package_identification:_identify(log) by extensions ['ignore', 'ignore_ament_install']
[1.208s] Level 1:colcon.colcon_core.package_identification:_identify(log) by extension 'ignore'
[1.208s] Level 1:colcon.colcon_core.package_identification:_identify(log) ignored
[1.208s] Level 1:colcon.colcon_core.package_identification:_identify(src) by extensions ['ignore', 'ignore_ament_install']
[1.208s] Level 1:colcon.colcon_core.package_identification:_identify(src) by extension 'ignore'
[1.209s] Level 1:colcon.colcon_core.package_identification:_identify(src) by extension 'ignore_ament_install'
[1.209s] Level 1:colcon.colcon_core.package_identification:_identify(src) by extensions ['colcon_pkg']
[1.209s] Level 1:colcon.colcon_core.package_identification:_identify(src) by extension 'colcon_pkg'
[1.209s] Level 1:colcon.colcon_core.package_identification:_identify(src) by extensions ['colcon_meta']
[1.209s] Level 1:colcon.colcon_core.package_identification:_identify(src) by extension 'colcon_meta'
[1.209s] Level 1:colcon.colcon_core.package_identification:_identify(src) by extensions ['ros']
[1.209s] Level 1:colcon.colcon_core.package_identification:_identify(src) by extension 'ros'
[1.209s] Level 1:colcon.colcon_core.package_identification:_identify(src) by extensions ['cmake', 'python']
[1.209s] Level 1:colcon.colcon_core.package_identification:_identify(src) by extension 'cmake'
[1.209s] Level 1:colcon.colcon_core.package_identification:_identify(src) by extension 'python'
[1.209s] Level 1:colcon.colcon_core.package_identification:_identify(src) by extensions ['python_setup_py']
[1.209s] Level 1:colcon.colcon_core.package_identification:_identify(src) by extension 'python_setup_py'
[1.210s] Level 1:colcon.colcon_core.package_identification:_identify(src/basic_say) by extensions ['ignore', 'ignore_ament_install']
[1.210s] Level 1:colcon.colcon_core.package_identification:_identify(src/basic_say) by extension 'ignore'
[1.210s] Level 1:colcon.colcon_core.package_identification:_identify(src/basic_say) by extension 'ignore_ament_install'
[1.210s] Level 1:colcon.colcon_core.package_identification:_identify(src/basic_say) by extensions ['colcon_pkg']
[1.210s] Level 1:colcon.colcon_core.package_identification:_identify(src/basic_say) by extension 'colcon_pkg'
[1.210s] Level 1:colcon.colcon_core.package_identification:_identify(src/basic_say) by extensions ['colcon_meta']
[1.210s] Level 1:colcon.colcon_core.package_identification:_identify(src/basic_say) by extension 'colcon_meta'
[1.210s] Level 1:colcon.colcon_core.package_identification:_identify(src/basic_say) by extensions ['ros']
[1.210s] Level 1:colcon.colcon_core.package_identification:_identify(src/basic_say) by extension 'ros'
[1.213s] DEBUG:colcon.colcon_core.package_identification:Package 'src/basic_say' with type 'ros.ament_python' and name 'basic_say'
[1.213s] Level 1:colcon.colcon_core.package_identification:_identify(src/chatbot) by extensions ['ignore', 'ignore_ament_install']
[1.213s] Level 1:colcon.colcon_core.package_identification:_identify(src/chatbot) by extension 'ignore'
[1.213s] Level 1:colcon.colcon_core.package_identification:_identify(src/chatbot) by extension 'ignore_ament_install'
[1.213s] Level 1:colcon.colcon_core.package_identification:_identify(src/chatbot) by extensions ['colcon_pkg']
[1.213s] Level 1:colcon.colcon_core.package_identification:_identify(src/chatbot) by extension 'colcon_pkg'
[1.213s] Level 1:colcon.colcon_core.package_identification:_identify(src/chatbot) by extensions ['colcon_meta']
[1.213s] Level 1:colcon.colcon_core.package_identification:_identify(src/chatbot) by extension 'colcon_meta'
[1.213s] Level 1:colcon.colcon_core.package_identification:_identify(src/chatbot) by extensions ['ros']
[1.213s] Level 1:colcon.colcon_core.package_identification:_identify(src/chatbot) by extension 'ros'
[1.214s] DEBUG:colcon.colcon_core.package_identification:Package 'src/chatbot' with type 'ros.ament_python' and name 'chatbot'
[1.214s] Level 1:colcon.colcon_core.package_identification:_identify(src/emotion_mirror) by extensions ['ignore', 'ignore_ament_install']
[1.214s] Level 1:colcon.colcon_core.package_identification:_identify(src/emotion_mirror) by extension 'ignore'
[1.214s] Level 1:colcon.colcon_core.package_identification:_identify(src/emotion_mirror) by extension 'ignore_ament_install'
[1.214s] Level 1:colcon.colcon_core.package_identification:_identify(src/emotion_mirror) by extensions ['colcon_pkg']
[1.214s] Level 1:colcon.colcon_core.package_identification:_identify(src/emotion_mirror) by extension 'colcon_pkg'
[1.214s] Level 1:colcon.colcon_core.package_identification:_identify(src/emotion_mirror) by extensions ['colcon_meta']
[1.214s] Level 1:colcon.colcon_core.package_identification:_identify(src/emotion_mirror) by extension 'colcon_meta'
[1.214s] Level 1:colcon.colcon_core.package_identification:_identify(src/emotion_mirror) by extensions ['ros']
[1.214s] Level 1:colcon.colcon_core.package_identification:_identify(src/emotion_mirror) by extension 'ros'
[1.216s] DEBUG:colcon.colcon_core.package_identification:Package 'src/emotion_mirror' with type 'ros.ament_python' and name 'emotion_mirror'
[1.216s] Level 1:colcon.colcon_core.package_identification:_identify(src/sample_skill_msgs) by extensions ['ignore', 'ignore_ament_install']
[1.216s] Level 1:colcon.colcon_core.package_identification:_identify(src/sample_skill_msgs) by extension 'ignore'
[1.216s] Level 1:colcon.colcon_core.package_identification:_identify(src/sample_skill_msgs) by extension 'ignore_ament_install'
[1.216s] Level 1:colcon.colcon_core.package_identification:_identify(src/sample_skill_msgs) by extensions ['colcon_pkg']
[1.216s] Level 1:colcon.colcon_core.package_identification:_identify(src/sample_skill_msgs) by extension 'colcon_pkg'
[1.216s] Level 1:colcon.colcon_core.package_identification:_identify(src/sample_skill_msgs) by extensions ['colcon_meta']
[1.216s] Level 1:colcon.colcon_core.package_identification:_identify(src/sample_skill_msgs) by extension 'colcon_meta'
[1.216s] Level 1:colcon.colcon_core.package_identification:_identify(src/sample_skill_msgs) by extensions ['ros']
[1.217s] Level 1:colcon.colcon_core.package_identification:_identify(src/sample_skill_msgs) by extension 'ros'
[1.217s] DEBUG:colcon.colcon_core.package_identification:Package 'src/sample_skill_msgs' with type 'ros.ament_cmake' and name 'sample_skill_msgs'
[1.217s] Level 1:colcon.colcon_core.package_identification:_identify(src/sws_metrics) by extensions ['ignore', 'ignore_ament_install']
[1.217s] Level 1:colcon.colcon_core.package_identification:_identify(src/sws_metrics) by extension 'ignore'
[1.217s] Level 1:colcon.colcon_core.package_identification:_identify(src/sws_metrics) by extension 'ignore_ament_install'
[1.218s] Level 1:colcon.colcon_core.package_identification:_identify(src/sws_metrics) by extensions ['colcon_pkg']
[1.218s] Level 1:colcon.colcon_core.package_identification:_identify(src/sws_metrics) by extension 'colcon_pkg'
[1.218s] Level 1:colcon.colcon_core.package_identification:_identify(src/sws_metrics) by extensions ['colcon_meta']
[1.218s] Level 1:colcon.colcon_core.package_identification:_identify(src/sws_metrics) by extension 'colcon_meta'
[1.218s] Level 1:colcon.colcon_core.package_identification:_identify(src/sws_metrics) by extensions ['ros']
[1.218s] Level 1:colcon.colcon_core.package_identification:_identify(src/sws_metrics) by extension 'ros'
[1.218s] DEBUG:colcon.colcon_core.package_identification:Package 'src/sws_metrics' with type 'ros.ament_python' and name 'sws_metrics'
[1.218s] Level 1:colcon.colcon_core.package_discovery:discover_packages(recursive) using defaults
[1.218s] Level 1:colcon.colcon_core.package_discovery:discover_packages(ignore) discover
[1.219s] Level 1:colcon.colcon_core.package_discovery:discover_packages(ignore) using defaults
[1.219s] Level 1:colcon.colcon_core.package_discovery:discover_packages(path) discover
[1.219s] Level 1:colcon.colcon_core.package_discovery:discover_packages(path) using defaults
[1.238s] INFO:colcon.colcon_core.package_selection:Skipping not selected package 'chatbot' in 'src/chatbot'
[1.238s] INFO:colcon.colcon_core.package_selection:Skipping not selected package 'emotion_mirror' in 'src/emotion_mirror'
[1.238s] INFO:colcon.colcon_core.package_selection:Skipping not selected package 'sample_skill_msgs' in 'src/sample_skill_msgs'
[1.238s] INFO:colcon.colcon_core.package_selection:Skipping not selected package 'basic_say' in 'src/basic_say'
[1.239s] Level 5:colcon.colcon_core.verb:set package 'sws_metrics' build argument 'cmake_args' from command line to 'None'
[1.239s] Level 5:colcon.colcon_core.verb:set package 'sws_metrics' build argument 'cmake_target' from command line to 'None'
[1.239s] Level 5:colcon.colcon_core.verb:set package 'sws_metrics' build argument 'cmake_target_skip_unavailable' from command line to 'False'
[1.239s] Level 5:colcon.colcon_core.verb:set package 'sws_metrics' build argument 'cmake_clean_cache' from command line to 'False'
[1.239s] Level 5:colcon.colcon_core.verb:set package 'sws_metrics' build argument 'cmake_clean_first' from command line to 'False'
[1.239s] Level 5:colcon.colcon_core.verb:set package 'sws_metrics' build argument 'cmake_force_configure' from command line to 'False'
[1.239s] Level 5:colcon.colcon_core.verb:set package 'sws_metrics' build argument 'ament_cmake_args' from command line to 'None'
[1.239s] Level 5:colcon.colcon_core.verb:set package 'sws_metrics' build argument 'catkin_cmake_args' from command line to 'None'
[1.239s] Level 5:colcon.colcon_core.verb:set package 'sws_metrics' build argument 'catkin_skip_building_tests' from command line to 'False'
[1.239s] DEBUG:colcon.colcon_core.verb:Building package 'sws_metrics' with the following arguments: {'ament_cmake_args': None, 'build_base': '/home/user/exchange/ws/build/sws_metrics', 'catkin_cmake_args': None, 'catkin_skip_building_tests': False, 'cmake_args': None, 'cmake_clean_cache': False, 'cmake_clean_first': False, 'cmake_force_configure': False, 'cmake_target': None, 'cmake_target_skip_unavailable': False, 'install_base': '/home/user/exchange/ws/install/sws_metrics', 'merge_install': False, 'path': '/home/user/exchange/ws/src/sws_metrics', 'symlink_install': False, 'test_result_base': None}
[1.239s] INFO:colcon.colcon_core.executor:Executing jobs using 'parallel' executor
[1.240s] DEBUG:colcon.colcon_parallel_executor.executor.parallel:run_until_complete
[1.240s] INFO:colcon.colcon_ros.task.ament_python.build:Building ROS package in '/home/user/exchange/ws/src/sws_metrics' with build type 'ament_python'
[1.241s] Level 1:colcon.colcon_core.shell:create_environment_hook('sws_metrics', 'ament_prefix_path')
[1.245s] INFO:colcon.colcon_core.plugin_system:Skipping extension 'colcon_core.shell.bat': Not used on non-Windows systems
[1.245s] INFO:colcon.colcon_core.shell:Creating environment hook '/home/user/exchange/ws/install/sws_metrics/share/sws_metrics/hook/ament_prefix_path.ps1'
[1.248s] INFO:colcon.colcon_core.shell:Creating environment descriptor '/home/user/exchange/ws/install/sws_metrics/share/sws_metrics/hook/ament_prefix_path.dsv'
[1.250s] INFO:colcon.colcon_core.shell:Creating environment hook '/home/user/exchange/ws/install/sws_metrics/share/sws_metrics/hook/ament_prefix_path.sh'
[1.250s] INFO:colcon.colcon_core.shell:Skip shell extension 'powershell' for command environment: Not usable outside of PowerShell
[1.250s] DEBUG:colcon.colcon_core.shell:Skip shell extension 'dsv' for command environment
[1.394s] INFO:colcon.colcon_core.task.python.build:Building Python package in '/home/user/exchange/ws/src/sws_metrics'
[1.395s] INFO:colcon.colcon_core.shell:Skip shell extension 'powershell' for command environment: Not usable outside of PowerShell
[1.395s] DEBUG:colcon.colcon_core.shell:Skip shell extension 'dsv' for command environment
[1.738s] DEBUG:colcon.colcon_core.event_handler.log_command:Invoking command in '/home/user/exchange/ws/src/sws_metrics': PYTHONPATH=/home/user/exchange/ws/build/sws_metrics/prefix_override:/usr/lib/python3/dist-packages/colcon_core/task/python/colcon_distutils_commands:/home/user/exchange/ws/install/sws_metrics/lib/python3.10/site-packages:${PYTHONPATH} /usr/bin/python3 -W ignore:setup.py install is deprecated -W ignore:easy_install command is deprecated setup.py egg_info --egg-base ../../build/sws_metrics build --build-base /home/user/exchange/ws/build/sws_metrics/build install --record /home/user/exchange/ws/build/sws_metrics/install.log --single-version-externally-managed install_data
[1.893s] DEBUG:colcon.colcon_core.event_handler.log_command:Invoked command in '/home/user/exchange/ws/src/sws_metrics' returned '0': PYTHONPATH=/home/user/exchange/ws/build/sws_metrics/prefix_override:/usr/lib/python3/dist-packages/colcon_core/task/python/colcon_distutils_commands:/home/user/exchange/ws/install/sws_metrics/lib/python3.10/site-packages:${PYTHONPATH} /usr/bin/python3 -W ignore:setup.py install is deprecated -W ignore:easy_install command is deprecated setup.py egg_info --egg-base ../../build/sws_metrics build --build-base /home/user/exchange/ws/build/sws_metrics/build install --record /home/user/exchange/ws/build/sws_metrics/install.log --single-version-externally-managed install_data
[1.899s] Level 1:colcon.colcon_core.environment:checking '/home/user/exchange/ws/install/sws_metrics' for CMake module files
[1.899s] Level 1:colcon.colcon_core.environment:checking '/home/user/exchange/ws/install/sws_metrics' for CMake config files
[1.899s] Level 1:colcon.colcon_core.environment:checking '/home/user/exchange/ws/install/sws_metrics/lib'
[1.900s] Level 1:colcon.colcon_core.environment:checking '/home/user/exchange/ws/install/sws_metrics/bin'
[1.900s] Level 1:colcon.colcon_core.environment:checking '/home/user/exchange/ws/install/sws_metrics/lib/pkgconfig/sws_metrics.pc'
[1.900s] Level 1:colcon.colcon_core.environment:checking '/home/user/exchange/ws/install/sws_metrics/lib/python3.10/site-packages'
[1.900s] Level 1:colcon.colcon_core.shell:create_environment_hook('sws_metrics', 'pythonpath')
[1.900s] INFO:colcon.colcon_core.shell:Creating environment hook '/home/user/exchange/ws/install/sws_metrics/share/sws_metrics/hook/pythonpath.ps1'
[1.900s] INFO:colcon.colcon_core.shell:Creating environment descriptor '/home/user/exchange/ws/install/sws_metrics/share/sws_metrics/hook/pythonpath.dsv'
[1.901s] INFO:colcon.colcon_core.shell:Creating environment hook '/home/user/exchange/ws/install/sws_metrics/share/sws_metrics/hook/pythonpath.sh'
[1.901s] Level 1:colcon.colcon_core.environment:checking '/home/user/exchange/ws/install/sws_metrics/bin'
[1.901s] Level 1:colcon.colcon_core.environment:create_environment_scripts_only(sws_metrics)
[1.901s] INFO:colcon.colcon_core.shell:Creating package script '/home/user/exchange/ws/install/sws_metrics/share/sws_metrics/package.ps1'
[1.902s] INFO:colcon.colcon_core.shell:Creating package descriptor '/home/user/exchange/ws/install/sws_metrics/share/sws_metrics/package.dsv'
[1.903s] INFO:colcon.colcon_core.shell:Creating package script '/home/user/exchange/ws/install/sws_metrics/share/sws_metrics/package.sh'
[1.903s] INFO:colcon.colcon_core.shell:Creating package script '/home/user/exchange/ws/install/sws_metrics/share/sws_metrics/package.bash'
[1.904s] INFO:colcon.colcon_core.shell:Creating package script '/home/user/exchange/ws/install/sws_metrics/share/sws_metrics/package.zsh'
[1.905s] Level 1:colcon.colcon_core.environment:create_file_with_runtime_dependencies(/home/user/exchange/ws/install/sws_metrics/share/colcon-core/packages/sws_metrics)
[1.906s] DEBUG:colcon.colcon_parallel_executor.executor.parallel:closing loop
[1.907s] DEBUG:colcon.colcon_parallel_executor.executor.parallel:loop closed
[1.907s] DEBUG:colcon.colcon_parallel_executor.executor.parallel:run_until_complete finished with '0'
[1.907s] DEBUG:colcon.colcon_core.event_reactor:joining thread
[1.918s] INFO:colcon.colcon_core.plugin_system:Skipping extension 'colcon_notification.desktop_notification.notify_send': Could not find 'notify-send'
[1.918s] INFO:colcon.colcon_core.plugin_system:Skipping extension 'colcon_notification.desktop_notification.terminal_notifier': Not used on non-Darwin systems
[1.918s] INFO:colcon.colcon_core.plugin_system:Skipping extension 'colcon_notification.desktop_notification.win32': Not used on non-Windows systems
[1.918s] INFO:colcon.colcon_notification.desktop_notification:Sending desktop notification using 'notify2'
[1.920s] DEBUG:colcon.colcon_notification.desktop_notification.notify2:Failed to initialize notify2: org.freedesktop.DBus.Error.Spawn.ExecFailed: /usr/bin/dbus-launch terminated abnormally without any error message
[1.921s] DEBUG:colcon.colcon_core.event_reactor:joined thread
[1.921s] INFO:colcon.colcon_core.shell:Creating prefix script '/home/user/exchange/ws/install/local_setup.ps1'
[1.922s] INFO:colcon.colcon_core.shell:Creating prefix util module '/home/user/exchange/ws/install/_local_setup_util_ps1.py'
[1.923s] INFO:colcon.colcon_core.shell:Creating prefix chain script '/home/user/exchange/ws/install/setup.ps1'
[1.924s] INFO:colcon.colcon_core.shell:Creating prefix script '/home/user/exchange/ws/install/local_setup.sh'
[1.925s] INFO:colcon.colcon_core.shell:Creating prefix util module '/home/user/exchange/ws/install/_local_setup_util_sh.py'
[1.925s] INFO:colcon.colcon_core.shell:Creating prefix chain script '/home/user/exchange/ws/install/setup.sh'
[1.926s] INFO:colcon.colcon_core.shell:Creating prefix script '/home/user/exchange/ws/install/local_setup.bash'
[1.926s] INFO:colcon.colcon_core.shell:Creating prefix chain script '/home/user/exchange/ws/install/setup.bash'
[1.927s] INFO:colcon.colcon_core.shell:Creating prefix script '/home/user/exchange/ws/install/local_setup.zsh'
[1.928s] INFO:colcon.colcon_core.shell:Creating prefix chain script '/home/user/exchange/ws/install/setup.zsh'
