[0.028s] Invoking command in '/home/user/exchange/ws/build/sample_skill_msgs': CMAKE_PREFIX_PATH=/opt/pal/alum:/opt/ros/humble /usr/bin/cmake /home/user/exchange/ws/src/sample_skill_msgs -DCMAKE_INSTALL_PREFIX=/home/user/exchange/ws/install/sample_skill_msgs
[0.216s] -- The C compiler identification is GNU 11.4.0
[0.350s] -- The CXX compiler identification is GNU 11.4.0
[0.376s] -- Detecting C compiler ABI info
[0.440s] -- Detecting C compiler ABI info - done
[0.443s] -- Check for working C compiler: /usr/bin/cc - skipped
[0.444s] -- Detecting C compile features
[0.444s] -- Detecting C compile features - done
[0.447s] -- Detecting CXX compiler ABI info
[0.506s] -- Detecting CXX compiler ABI info - done
[0.510s] -- Check for working CXX compiler: /usr/bin/c++ - skipped
[0.510s] -- Detecting CXX compile features
[0.510s] -- Detecting CXX compile features - done
[0.515s] -- Found ament_cmake_auto: 1.3.11 (/opt/ros/humble/share/ament_cmake_auto/cmake)
[0.624s] -- Found Python3: /usr/bin/python3 (found version "3.10.12") found components: Interpreter 
[0.805s] -- Found rosidl_generator_c: 3.1.6 (/opt/ros/humble/share/rosidl_generator_c/cmake)
[0.812s] -- Found rosidl_adapter: 3.1.6 (/opt/ros/humble/share/rosidl_adapter/cmake)
[0.822s] -- Found rosidl_generator_cpp: 3.1.6 (/opt/ros/humble/share/rosidl_generator_cpp/cmake)
[0.838s] -- Using all available rosidl_typesupport_c: rosidl_typesupport_fastrtps_c;rosidl_typesupport_introspection_c
[0.856s] -- Using all available rosidl_typesupport_cpp: rosidl_typesupport_fastrtps_cpp;rosidl_typesupport_introspection_cpp
[1.058s] -- Found ament_cmake_ros: 0.10.0 (/opt/ros/humble/share/ament_cmake_ros/cmake)
[1.310s] -- Using all available rosidl_typesupport_c: rosidl_typesupport_fastrtps_c;rosidl_typesupport_introspection_c
[1.402s] -- Using all available rosidl_typesupport_cpp: rosidl_typesupport_fastrtps_cpp;rosidl_typesupport_introspection_cpp
[1.420s] -- Found PythonInterp: /usr/bin/python3 (found suitable version "3.10.12", minimum required is "3.6") 
[1.424s] -- Found python_cmake_module: 0.10.0 (/opt/ros/humble/share/python_cmake_module/cmake)
[1.447s] -- Found PythonLibs: /usr/lib/x86_64-linux-gnu/libpython3.10.so (found suitable version "3.10.12", minimum required is "3.5") 
[1.447s] -- Using PYTHON_EXECUTABLE: /usr/bin/python3
[1.447s] -- Using PYTHON_INCLUDE_DIRS: /usr/include/python3.10
[1.447s] -- Using PYTHON_LIBRARIES: /usr/lib/x86_64-linux-gnu/libpython3.10.so
[1.459s] -- Found PythonExtra: .so  
[1.570s] -- Added test 'copyright' to check source files copyright and LICENSE
[1.575s] -- Added test 'lint_cmake' to check CMake code style
[1.579s] -- Added test 'xmllint' to check XML markup files
[1.583s] -- Configuring done
[1.646s] -- Generating done
[1.657s] -- Build files have been written to: /home/user/exchange/ws/build/sample_skill_msgs
[1.663s] Invoked command in '/home/user/exchange/ws/build/sample_skill_msgs' returned '0': CMAKE_PREFIX_PATH=/opt/pal/alum:/opt/ros/humble /usr/bin/cmake /home/user/exchange/ws/src/sample_skill_msgs -DCMAKE_INSTALL_PREFIX=/home/user/exchange/ws/install/sample_skill_msgs
[1.664s] Invoking command in '/home/user/exchange/ws/build/sample_skill_msgs': CMAKE_PREFIX_PATH=/opt/pal/alum:/opt/ros/humble /usr/bin/cmake --build /home/user/exchange/ws/build/sample_skill_msgs -- -j16 -l16
[1.693s] [  3%] [34m[1mGenerating C code for ROS interfaces[0m
[1.700s] [  6%] [34m[1mGenerating C++ code for ROS interfaces[0m
[1.706s] [  6%] Built target ament_cmake_python_copy_sample_skill_msgs
[1.845s] running egg_info
[1.846s] creating sample_skill_msgs.egg-info
[1.846s] writing sample_skill_msgs.egg-info/PKG-INFO
[1.846s] writing dependency_links to sample_skill_msgs.egg-info/dependency_links.txt
[1.846s] writing top-level names to sample_skill_msgs.egg-info/top_level.txt
[1.847s] writing manifest file 'sample_skill_msgs.egg-info/SOURCES.txt'
[1.848s] reading manifest file 'sample_skill_msgs.egg-info/SOURCES.txt'
[1.848s] writing manifest file 'sample_skill_msgs.egg-info/SOURCES.txt'
[1.863s] [  6%] Built target ament_cmake_python_build_sample_skill_msgs_egg
[1.919s] [  6%] Built target sample_skill_msgs__cpp
[1.920s] [  9%] [32mBuilding C object CMakeFiles/sample_skill_msgs__rosidl_generator_c.dir/rosidl_generator_c/sample_skill_msgs/action/detail/skill_control__functions.c.o[0m
[1.927s] [ 12%] [34m[1mGenerating C++ type support dispatch for ROS interfaces[0m
[1.928s] [ 16%] [34m[1mGenerating C++ type support for eProsima Fast-RTPS[0m
[1.928s] [ 19%] [34m[1mGenerating C++ introspection for ROS interfaces[0m
[2.037s] [ 22%] [32m[1mLinking C shared library libsample_skill_msgs__rosidl_generator_c.so[0m
[2.068s] [ 22%] Built target sample_skill_msgs__rosidl_generator_c
[2.074s] [ 25%] [32mBuilding CXX object CMakeFiles/sample_skill_msgs__rosidl_typesupport_cpp.dir/rosidl_typesupport_cpp/sample_skill_msgs/action/skill_control__type_support.cpp.o[0m
[2.079s] [ 32%] [34m[1mGenerating C type support for eProsima Fast-RTPS[0m
[2.079s] [ 32%] [34m[1mGenerating C type support dispatch for ROS interfaces[0m
[2.079s] [ 35%] [34m[1mGenerating C introspection for ROS interfaces[0m
[2.117s] [ 38%] [32mBuilding CXX object CMakeFiles/sample_skill_msgs__rosidl_typesupport_introspection_cpp.dir/rosidl_typesupport_introspection_cpp/sample_skill_msgs/action/detail/skill_control__type_support.cpp.o[0m
[2.142s] [ 41%] [32mBuilding CXX object CMakeFiles/sample_skill_msgs__rosidl_typesupport_fastrtps_cpp.dir/rosidl_typesupport_fastrtps_cpp/sample_skill_msgs/action/detail/dds_fastrtps/skill_control__type_support.cpp.o[0m
[2.231s] [ 45%] [32mBuilding CXX object CMakeFiles/sample_skill_msgs__rosidl_typesupport_c.dir/rosidl_typesupport_c/sample_skill_msgs/action/skill_control__type_support.cpp.o[0m
[2.267s] gmake[2]: Warning: File 'rosidl_typesupport_introspection_c/sample_skill_msgs/action/detail/skill_control__rosidl_typesupport_introspection_c.h' has modification time 0.0071 s in the future
[2.268s] gmake[2]: Warning: File 'rosidl_typesupport_fastrtps_c/sample_skill_msgs/action/detail/skill_control__rosidl_typesupport_fastrtps_c.h' has modification time 0.0082 s in the future
[2.280s] [ 48%] [32mBuilding C object CMakeFiles/sample_skill_msgs__rosidl_typesupport_introspection_c.dir/rosidl_typesupport_introspection_c/sample_skill_msgs/action/detail/skill_control__type_support.c.o[0m
[2.282s] [ 51%] [32mBuilding CXX object CMakeFiles/sample_skill_msgs__rosidl_typesupport_fastrtps_c.dir/rosidl_typesupport_fastrtps_c/sample_skill_msgs/action/detail/skill_control__type_support_c.cpp.o[0m
[2.289s] [ 54%] [32m[1mLinking CXX shared library libsample_skill_msgs__rosidl_typesupport_c.so[0m
[2.327s] [ 54%] Built target sample_skill_msgs__rosidl_typesupport_c
[2.334s] [ 58%] [32m[1mLinking C shared library libsample_skill_msgs__rosidl_typesupport_introspection_c.so[0m
[2.355s] gmake[2]: warning:  Clock skew detected.  Your build may be incomplete.
[2.360s] [ 58%] Built target sample_skill_msgs__rosidl_typesupport_introspection_c
[2.528s] [ 61%] [32m[1mLinking CXX shared library libsample_skill_msgs__rosidl_typesupport_cpp.so[0m
[2.551s] [ 64%] [32m[1mLinking CXX shared library libsample_skill_msgs__rosidl_typesupport_fastrtps_c.so[0m
[2.561s] [ 64%] Built target sample_skill_msgs__rosidl_typesupport_cpp
[2.604s] [ 67%] [32m[1mLinking CXX shared library libsample_skill_msgs__rosidl_typesupport_introspection_cpp.so[0m
[2.611s] [ 70%] [32m[1mLinking CXX shared library libsample_skill_msgs__rosidl_typesupport_fastrtps_cpp.so[0m
[2.612s] gmake[2]: warning:  Clock skew detected.  Your build may be incomplete.
[2.621s] [ 70%] Built target sample_skill_msgs__rosidl_typesupport_fastrtps_c
[2.656s] [ 70%] Built target sample_skill_msgs__rosidl_typesupport_introspection_cpp
[2.671s] [ 70%] Built target sample_skill_msgs__rosidl_typesupport_fastrtps_cpp
[2.685s] [ 70%] Built target sample_skill_msgs
[2.700s] [ 74%] [34m[1mGenerating Python code for ROS interfaces[0m
[3.021s] [ 74%] Built target sample_skill_msgs__py
[3.036s] [ 77%] [32mBuilding C object CMakeFiles/sample_skill_msgs__rosidl_generator_py.dir/rosidl_generator_py/sample_skill_msgs/action/_skill_control_s.c.o[0m
[3.258s] [ 80%] [32m[1mLinking C shared library rosidl_generator_py/sample_skill_msgs/libsample_skill_msgs__rosidl_generator_py.so[0m
[3.292s] [ 80%] Built target sample_skill_msgs__rosidl_generator_py
[3.308s] [ 83%] [32mBuilding C object CMakeFiles/sample_skill_msgs__rosidl_typesupport_fastrtps_c__pyext.dir/rosidl_generator_py/sample_skill_msgs/_sample_skill_msgs_s.ep.rosidl_typesupport_fastrtps_c.c.o[0m
[3.309s] [ 87%] [32mBuilding C object CMakeFiles/sample_skill_msgs__rosidl_typesupport_c__pyext.dir/rosidl_generator_py/sample_skill_msgs/_sample_skill_msgs_s.ep.rosidl_typesupport_c.c.o[0m
[3.310s] [ 90%] [32mBuilding C object CMakeFiles/sample_skill_msgs__rosidl_typesupport_introspection_c__pyext.dir/rosidl_generator_py/sample_skill_msgs/_sample_skill_msgs_s.ep.rosidl_typesupport_introspection_c.c.o[0m
[3.393s] [ 93%] [32m[1mLinking C shared library rosidl_generator_py/sample_skill_msgs/sample_skill_msgs_s__rosidl_typesupport_c.cpython-310-x86_64-linux-gnu.so[0m
[3.396s] [ 96%] [32m[1mLinking C shared library rosidl_generator_py/sample_skill_msgs/sample_skill_msgs_s__rosidl_typesupport_introspection_c.cpython-310-x86_64-linux-gnu.so[0m
[3.399s] [100%] [32m[1mLinking C shared library rosidl_generator_py/sample_skill_msgs/sample_skill_msgs_s__rosidl_typesupport_fastrtps_c.cpython-310-x86_64-linux-gnu.so[0m
[3.422s] [100%] Built target sample_skill_msgs__rosidl_typesupport_c__pyext
[3.424s] [100%] Built target sample_skill_msgs__rosidl_typesupport_introspection_c__pyext
[3.427s] [100%] Built target sample_skill_msgs__rosidl_typesupport_fastrtps_c__pyext
[3.437s] Invoked command in '/home/user/exchange/ws/build/sample_skill_msgs' returned '0': CMAKE_PREFIX_PATH=/opt/pal/alum:/opt/ros/humble /usr/bin/cmake --build /home/user/exchange/ws/build/sample_skill_msgs -- -j16 -l16
[3.444s] Invoking command in '/home/user/exchange/ws/build/sample_skill_msgs': CMAKE_PREFIX_PATH=/opt/pal/alum:/opt/ros/humble /usr/bin/cmake --install /home/user/exchange/ws/build/sample_skill_msgs
[3.448s] -- Install configuration: ""
[3.450s] -- Installing: /home/user/exchange/ws/install/sample_skill_msgs/share/ament_index/resource_index/rosidl_interfaces/sample_skill_msgs
[3.450s] -- Installing: /home/user/exchange/ws/install/sample_skill_msgs/include/sample_skill_msgs/sample_skill_msgs
[3.451s] -- Installing: /home/user/exchange/ws/install/sample_skill_msgs/include/sample_skill_msgs/sample_skill_msgs/msg
[3.452s] -- Installing: /home/user/exchange/ws/install/sample_skill_msgs/include/sample_skill_msgs/sample_skill_msgs/msg/rosidl_generator_c__visibility_control.h
[3.452s] -- Installing: /home/user/exchange/ws/install/sample_skill_msgs/include/sample_skill_msgs/sample_skill_msgs/action
[3.452s] -- Installing: /home/user/exchange/ws/install/sample_skill_msgs/include/sample_skill_msgs/sample_skill_msgs/action/skill_control.h
[3.453s] -- Installing: /home/user/exchange/ws/install/sample_skill_msgs/include/sample_skill_msgs/sample_skill_msgs/action/detail
[3.453s] -- Installing: /home/user/exchange/ws/install/sample_skill_msgs/include/sample_skill_msgs/sample_skill_msgs/action/detail/skill_control__functions.c
[3.453s] -- Installing: /home/user/exchange/ws/install/sample_skill_msgs/include/sample_skill_msgs/sample_skill_msgs/action/detail/skill_control__functions.h
[3.454s] -- Installing: /home/user/exchange/ws/install/sample_skill_msgs/include/sample_skill_msgs/sample_skill_msgs/action/detail/skill_control__type_support.h
[3.454s] -- Installing: /home/user/exchange/ws/install/sample_skill_msgs/include/sample_skill_msgs/sample_skill_msgs/action/detail/skill_control__struct.h
[3.455s] -- Installing: /home/user/exchange/ws/install/sample_skill_msgs/share/sample_skill_msgs/environment/library_path.sh
[3.455s] -- Installing: /home/user/exchange/ws/install/sample_skill_msgs/share/sample_skill_msgs/environment/library_path.dsv
[3.456s] -- Installing: /home/user/exchange/ws/install/sample_skill_msgs/lib/libsample_skill_msgs__rosidl_generator_c.so
[3.456s] -- Set runtime path of "/home/user/exchange/ws/install/sample_skill_msgs/lib/libsample_skill_msgs__rosidl_generator_c.so" to ""
[3.456s] -- Up-to-date: /home/user/exchange/ws/install/sample_skill_msgs/include/sample_skill_msgs/sample_skill_msgs
[3.456s] -- Up-to-date: /home/user/exchange/ws/install/sample_skill_msgs/include/sample_skill_msgs/sample_skill_msgs/msg
[3.457s] -- Installing: /home/user/exchange/ws/install/sample_skill_msgs/include/sample_skill_msgs/sample_skill_msgs/msg/rosidl_typesupport_fastrtps_c__visibility_control.h
[3.457s] -- Up-to-date: /home/user/exchange/ws/install/sample_skill_msgs/include/sample_skill_msgs/sample_skill_msgs/action
[3.457s] -- Up-to-date: /home/user/exchange/ws/install/sample_skill_msgs/include/sample_skill_msgs/sample_skill_msgs/action/detail
[3.457s] -- Installing: /home/user/exchange/ws/install/sample_skill_msgs/include/sample_skill_msgs/sample_skill_msgs/action/detail/skill_control__rosidl_typesupport_fastrtps_c.h
[3.457s] -- Installing: /home/user/exchange/ws/install/sample_skill_msgs/lib/libsample_skill_msgs__rosidl_typesupport_fastrtps_c.so
[3.457s] -- Set runtime path of "/home/user/exchange/ws/install/sample_skill_msgs/lib/libsample_skill_msgs__rosidl_typesupport_fastrtps_c.so" to ""
[3.457s] -- Up-to-date: /home/user/exchange/ws/install/sample_skill_msgs/include/sample_skill_msgs/sample_skill_msgs
[3.457s] -- Up-to-date: /home/user/exchange/ws/install/sample_skill_msgs/include/sample_skill_msgs/sample_skill_msgs/msg
[3.457s] -- Installing: /home/user/exchange/ws/install/sample_skill_msgs/include/sample_skill_msgs/sample_skill_msgs/msg/rosidl_generator_cpp__visibility_control.hpp
[3.458s] -- Up-to-date: /home/user/exchange/ws/install/sample_skill_msgs/include/sample_skill_msgs/sample_skill_msgs/action
[3.458s] -- Installing: /home/user/exchange/ws/install/sample_skill_msgs/include/sample_skill_msgs/sample_skill_msgs/action/skill_control.hpp
[3.458s] -- Up-to-date: /home/user/exchange/ws/install/sample_skill_msgs/include/sample_skill_msgs/sample_skill_msgs/action/detail
[3.458s] -- Installing: /home/user/exchange/ws/install/sample_skill_msgs/include/sample_skill_msgs/sample_skill_msgs/action/detail/skill_control__traits.hpp
[3.458s] -- Installing: /home/user/exchange/ws/install/sample_skill_msgs/include/sample_skill_msgs/sample_skill_msgs/action/detail/skill_control__builder.hpp
[3.458s] -- Installing: /home/user/exchange/ws/install/sample_skill_msgs/include/sample_skill_msgs/sample_skill_msgs/action/detail/skill_control__struct.hpp
[3.458s] -- Installing: /home/user/exchange/ws/install/sample_skill_msgs/include/sample_skill_msgs/sample_skill_msgs/action/detail/skill_control__type_support.hpp
[3.459s] -- Up-to-date: /home/user/exchange/ws/install/sample_skill_msgs/include/sample_skill_msgs/sample_skill_msgs
[3.459s] -- Up-to-date: /home/user/exchange/ws/install/sample_skill_msgs/include/sample_skill_msgs/sample_skill_msgs/msg
[3.459s] -- Installing: /home/user/exchange/ws/install/sample_skill_msgs/include/sample_skill_msgs/sample_skill_msgs/msg/rosidl_typesupport_fastrtps_cpp__visibility_control.h
[3.459s] -- Up-to-date: /home/user/exchange/ws/install/sample_skill_msgs/include/sample_skill_msgs/sample_skill_msgs/action
[3.459s] -- Up-to-date: /home/user/exchange/ws/install/sample_skill_msgs/include/sample_skill_msgs/sample_skill_msgs/action/detail
[3.459s] -- Installing: /home/user/exchange/ws/install/sample_skill_msgs/include/sample_skill_msgs/sample_skill_msgs/action/detail/skill_control__rosidl_typesupport_fastrtps_cpp.hpp
[3.459s] -- Installing: /home/user/exchange/ws/install/sample_skill_msgs/include/sample_skill_msgs/sample_skill_msgs/action/detail/dds_fastrtps
[3.460s] -- Installing: /home/user/exchange/ws/install/sample_skill_msgs/lib/libsample_skill_msgs__rosidl_typesupport_fastrtps_cpp.so
[3.460s] -- Set runtime path of "/home/user/exchange/ws/install/sample_skill_msgs/lib/libsample_skill_msgs__rosidl_typesupport_fastrtps_cpp.so" to ""
[3.461s] -- Up-to-date: /home/user/exchange/ws/install/sample_skill_msgs/include/sample_skill_msgs/sample_skill_msgs
[3.461s] -- Up-to-date: /home/user/exchange/ws/install/sample_skill_msgs/include/sample_skill_msgs/sample_skill_msgs/msg
[3.461s] -- Installing: /home/user/exchange/ws/install/sample_skill_msgs/include/sample_skill_msgs/sample_skill_msgs/msg/rosidl_typesupport_introspection_c__visibility_control.h
[3.461s] -- Up-to-date: /home/user/exchange/ws/install/sample_skill_msgs/include/sample_skill_msgs/sample_skill_msgs/action
[3.461s] -- Up-to-date: /home/user/exchange/ws/install/sample_skill_msgs/include/sample_skill_msgs/sample_skill_msgs/action/detail
[3.461s] -- Installing: /home/user/exchange/ws/install/sample_skill_msgs/include/sample_skill_msgs/sample_skill_msgs/action/detail/skill_control__rosidl_typesupport_introspection_c.h
[3.461s] -- Installing: /home/user/exchange/ws/install/sample_skill_msgs/include/sample_skill_msgs/sample_skill_msgs/action/detail/skill_control__type_support.c
[3.461s] -- Installing: /home/user/exchange/ws/install/sample_skill_msgs/lib/libsample_skill_msgs__rosidl_typesupport_introspection_c.so
[3.462s] -- Set runtime path of "/home/user/exchange/ws/install/sample_skill_msgs/lib/libsample_skill_msgs__rosidl_typesupport_introspection_c.so" to ""
[3.462s] -- Installing: /home/user/exchange/ws/install/sample_skill_msgs/lib/libsample_skill_msgs__rosidl_typesupport_c.so
[3.462s] -- Set runtime path of "/home/user/exchange/ws/install/sample_skill_msgs/lib/libsample_skill_msgs__rosidl_typesupport_c.so" to ""
[3.462s] -- Up-to-date: /home/user/exchange/ws/install/sample_skill_msgs/include/sample_skill_msgs/sample_skill_msgs
[3.463s] -- Up-to-date: /home/user/exchange/ws/install/sample_skill_msgs/include/sample_skill_msgs/sample_skill_msgs/action
[3.463s] -- Up-to-date: /home/user/exchange/ws/install/sample_skill_msgs/include/sample_skill_msgs/sample_skill_msgs/action/detail
[3.463s] -- Installing: /home/user/exchange/ws/install/sample_skill_msgs/include/sample_skill_msgs/sample_skill_msgs/action/detail/skill_control__rosidl_typesupport_introspection_cpp.hpp
[3.463s] -- Installing: /home/user/exchange/ws/install/sample_skill_msgs/include/sample_skill_msgs/sample_skill_msgs/action/detail/skill_control__type_support.cpp
[3.463s] -- Installing: /home/user/exchange/ws/install/sample_skill_msgs/lib/libsample_skill_msgs__rosidl_typesupport_introspection_cpp.so
[3.463s] -- Set runtime path of "/home/user/exchange/ws/install/sample_skill_msgs/lib/libsample_skill_msgs__rosidl_typesupport_introspection_cpp.so" to ""
[3.463s] -- Installing: /home/user/exchange/ws/install/sample_skill_msgs/lib/libsample_skill_msgs__rosidl_typesupport_cpp.so
[3.464s] -- Set runtime path of "/home/user/exchange/ws/install/sample_skill_msgs/lib/libsample_skill_msgs__rosidl_typesupport_cpp.so" to ""
[3.464s] -- Installing: /home/user/exchange/ws/install/sample_skill_msgs/share/sample_skill_msgs/environment/pythonpath.sh
[3.464s] -- Installing: /home/user/exchange/ws/install/sample_skill_msgs/share/sample_skill_msgs/environment/pythonpath.dsv
[3.464s] -- Installing: /home/user/exchange/ws/install/sample_skill_msgs/local/lib/python3.10/dist-packages/sample_skill_msgs-0.1.0-py3.10.egg-info
[3.466s] -- Installing: /home/user/exchange/ws/install/sample_skill_msgs/local/lib/python3.10/dist-packages/sample_skill_msgs-0.1.0-py3.10.egg-info/SOURCES.txt
[3.466s] -- Installing: /home/user/exchange/ws/install/sample_skill_msgs/local/lib/python3.10/dist-packages/sample_skill_msgs-0.1.0-py3.10.egg-info/top_level.txt
[3.467s] -- Installing: /home/user/exchange/ws/install/sample_skill_msgs/local/lib/python3.10/dist-packages/sample_skill_msgs-0.1.0-py3.10.egg-info/PKG-INFO
[3.467s] -- Installing: /home/user/exchange/ws/install/sample_skill_msgs/local/lib/python3.10/dist-packages/sample_skill_msgs-0.1.0-py3.10.egg-info/dependency_links.txt
[3.467s] -- Installing: /home/user/exchange/ws/install/sample_skill_msgs/local/lib/python3.10/dist-packages/sample_skill_msgs
[3.467s] -- Installing: /home/user/exchange/ws/install/sample_skill_msgs/local/lib/python3.10/dist-packages/sample_skill_msgs/libsample_skill_msgs__rosidl_generator_py.so
[3.468s] -- Installing: /home/user/exchange/ws/install/sample_skill_msgs/local/lib/python3.10/dist-packages/sample_skill_msgs/sample_skill_msgs_s__rosidl_typesupport_introspection_c.cpython-310-x86_64-linux-gnu.so
[3.468s] -- Installing: /home/user/exchange/ws/install/sample_skill_msgs/local/lib/python3.10/dist-packages/sample_skill_msgs/__init__.py
[3.468s] -- Installing: /home/user/exchange/ws/install/sample_skill_msgs/local/lib/python3.10/dist-packages/sample_skill_msgs/_sample_skill_msgs_s.ep.rosidl_typesupport_introspection_c.c
[3.468s] -- Installing: /home/user/exchange/ws/install/sample_skill_msgs/local/lib/python3.10/dist-packages/sample_skill_msgs/sample_skill_msgs_s__rosidl_typesupport_c.cpython-310-x86_64-linux-gnu.so
[3.469s] -- Installing: /home/user/exchange/ws/install/sample_skill_msgs/local/lib/python3.10/dist-packages/sample_skill_msgs/_sample_skill_msgs_s.ep.rosidl_typesupport_fastrtps_c.c
[3.469s] -- Installing: /home/user/exchange/ws/install/sample_skill_msgs/local/lib/python3.10/dist-packages/sample_skill_msgs/sample_skill_msgs_s__rosidl_typesupport_fastrtps_c.cpython-310-x86_64-linux-gnu.so
[3.469s] -- Installing: /home/user/exchange/ws/install/sample_skill_msgs/local/lib/python3.10/dist-packages/sample_skill_msgs/action
[3.470s] -- Installing: /home/user/exchange/ws/install/sample_skill_msgs/local/lib/python3.10/dist-packages/sample_skill_msgs/action/__init__.py
[3.470s] -- Installing: /home/user/exchange/ws/install/sample_skill_msgs/local/lib/python3.10/dist-packages/sample_skill_msgs/action/_skill_control.py
[3.470s] -- Installing: /home/user/exchange/ws/install/sample_skill_msgs/local/lib/python3.10/dist-packages/sample_skill_msgs/action/_skill_control_s.c
[3.470s] -- Installing: /home/user/exchange/ws/install/sample_skill_msgs/local/lib/python3.10/dist-packages/sample_skill_msgs/_sample_skill_msgs_s.ep.rosidl_typesupport_c.c
[3.494s] Listing '/home/user/exchange/ws/install/sample_skill_msgs/local/lib/python3.10/dist-packages/sample_skill_msgs'...
[3.494s] Compiling '/home/user/exchange/ws/install/sample_skill_msgs/local/lib/python3.10/dist-packages/sample_skill_msgs/__init__.py'...
[3.494s] Listing '/home/user/exchange/ws/install/sample_skill_msgs/local/lib/python3.10/dist-packages/sample_skill_msgs/action'...
[3.494s] Compiling '/home/user/exchange/ws/install/sample_skill_msgs/local/lib/python3.10/dist-packages/sample_skill_msgs/action/__init__.py'...
[3.494s] Compiling '/home/user/exchange/ws/install/sample_skill_msgs/local/lib/python3.10/dist-packages/sample_skill_msgs/action/_skill_control.py'...
[3.497s] -- Installing: /home/user/exchange/ws/install/sample_skill_msgs/local/lib/python3.10/dist-packages/sample_skill_msgs/sample_skill_msgs_s__rosidl_typesupport_fastrtps_c.cpython-310-x86_64-linux-gnu.so
[3.497s] -- Set runtime path of "/home/user/exchange/ws/install/sample_skill_msgs/local/lib/python3.10/dist-packages/sample_skill_msgs/sample_skill_msgs_s__rosidl_typesupport_fastrtps_c.cpython-310-x86_64-linux-gnu.so" to ""
[3.497s] -- Installing: /home/user/exchange/ws/install/sample_skill_msgs/local/lib/python3.10/dist-packages/sample_skill_msgs/sample_skill_msgs_s__rosidl_typesupport_introspection_c.cpython-310-x86_64-linux-gnu.so
[3.498s] -- Set runtime path of "/home/user/exchange/ws/install/sample_skill_msgs/local/lib/python3.10/dist-packages/sample_skill_msgs/sample_skill_msgs_s__rosidl_typesupport_introspection_c.cpython-310-x86_64-linux-gnu.so" to ""
[3.498s] -- Installing: /home/user/exchange/ws/install/sample_skill_msgs/local/lib/python3.10/dist-packages/sample_skill_msgs/sample_skill_msgs_s__rosidl_typesupport_c.cpython-310-x86_64-linux-gnu.so
[3.498s] -- Set runtime path of "/home/user/exchange/ws/install/sample_skill_msgs/local/lib/python3.10/dist-packages/sample_skill_msgs/sample_skill_msgs_s__rosidl_typesupport_c.cpython-310-x86_64-linux-gnu.so" to ""
[3.498s] -- Installing: /home/user/exchange/ws/install/sample_skill_msgs/lib/libsample_skill_msgs__rosidl_generator_py.so
[3.499s] -- Set runtime path of "/home/user/exchange/ws/install/sample_skill_msgs/lib/libsample_skill_msgs__rosidl_generator_py.so" to ""
[3.499s] -- Installing: /home/user/exchange/ws/install/sample_skill_msgs/share/sample_skill_msgs/action/SkillControl.idl
[3.499s] -- Installing: /home/user/exchange/ws/install/sample_skill_msgs/share/sample_skill_msgs/action/SkillControl.action
[3.500s] -- Installing: /home/user/exchange/ws/install/sample_skill_msgs/share/ament_index/resource_index/package_run_dependencies/sample_skill_msgs
[3.501s] -- Installing: /home/user/exchange/ws/install/sample_skill_msgs/share/ament_index/resource_index/parent_prefix_path/sample_skill_msgs
[3.501s] -- Installing: /home/user/exchange/ws/install/sample_skill_msgs/share/sample_skill_msgs/environment/ament_prefix_path.sh
[3.501s] -- Installing: /home/user/exchange/ws/install/sample_skill_msgs/share/sample_skill_msgs/environment/ament_prefix_path.dsv
[3.501s] -- Installing: /home/user/exchange/ws/install/sample_skill_msgs/share/sample_skill_msgs/environment/path.sh
[3.502s] -- Installing: /home/user/exchange/ws/install/sample_skill_msgs/share/sample_skill_msgs/environment/path.dsv
[3.502s] -- Installing: /home/user/exchange/ws/install/sample_skill_msgs/share/sample_skill_msgs/local_setup.bash
[3.502s] -- Installing: /home/user/exchange/ws/install/sample_skill_msgs/share/sample_skill_msgs/local_setup.sh
[3.502s] -- Installing: /home/user/exchange/ws/install/sample_skill_msgs/share/sample_skill_msgs/local_setup.zsh
[3.503s] -- Installing: /home/user/exchange/ws/install/sample_skill_msgs/share/sample_skill_msgs/local_setup.dsv
[3.503s] -- Installing: /home/user/exchange/ws/install/sample_skill_msgs/share/sample_skill_msgs/package.dsv
[3.503s] -- Installing: /home/user/exchange/ws/install/sample_skill_msgs/share/ament_index/resource_index/packages/sample_skill_msgs
[3.504s] -- Installing: /home/user/exchange/ws/install/sample_skill_msgs/share/sample_skill_msgs/cmake/export_sample_skill_msgs__rosidl_generator_cExport.cmake
[3.504s] -- Installing: /home/user/exchange/ws/install/sample_skill_msgs/share/sample_skill_msgs/cmake/export_sample_skill_msgs__rosidl_generator_cExport-noconfig.cmake
[3.505s] -- Installing: /home/user/exchange/ws/install/sample_skill_msgs/share/sample_skill_msgs/cmake/export_sample_skill_msgs__rosidl_typesupport_fastrtps_cExport.cmake
[3.505s] -- Installing: /home/user/exchange/ws/install/sample_skill_msgs/share/sample_skill_msgs/cmake/export_sample_skill_msgs__rosidl_typesupport_fastrtps_cExport-noconfig.cmake
[3.505s] -- Installing: /home/user/exchange/ws/install/sample_skill_msgs/share/sample_skill_msgs/cmake/export_sample_skill_msgs__rosidl_generator_cppExport.cmake
[3.505s] -- Installing: /home/user/exchange/ws/install/sample_skill_msgs/share/sample_skill_msgs/cmake/export_sample_skill_msgs__rosidl_typesupport_fastrtps_cppExport.cmake
[3.506s] -- Installing: /home/user/exchange/ws/install/sample_skill_msgs/share/sample_skill_msgs/cmake/export_sample_skill_msgs__rosidl_typesupport_fastrtps_cppExport-noconfig.cmake
[3.506s] -- Installing: /home/user/exchange/ws/install/sample_skill_msgs/share/sample_skill_msgs/cmake/sample_skill_msgs__rosidl_typesupport_introspection_cExport.cmake
[3.506s] -- Installing: /home/user/exchange/ws/install/sample_skill_msgs/share/sample_skill_msgs/cmake/sample_skill_msgs__rosidl_typesupport_introspection_cExport-noconfig.cmake
[3.506s] -- Installing: /home/user/exchange/ws/install/sample_skill_msgs/share/sample_skill_msgs/cmake/sample_skill_msgs__rosidl_typesupport_cExport.cmake
[3.506s] -- Installing: /home/user/exchange/ws/install/sample_skill_msgs/share/sample_skill_msgs/cmake/sample_skill_msgs__rosidl_typesupport_cExport-noconfig.cmake
[3.507s] -- Installing: /home/user/exchange/ws/install/sample_skill_msgs/share/sample_skill_msgs/cmake/sample_skill_msgs__rosidl_typesupport_introspection_cppExport.cmake
[3.507s] -- Installing: /home/user/exchange/ws/install/sample_skill_msgs/share/sample_skill_msgs/cmake/sample_skill_msgs__rosidl_typesupport_introspection_cppExport-noconfig.cmake
[3.507s] -- Installing: /home/user/exchange/ws/install/sample_skill_msgs/share/sample_skill_msgs/cmake/sample_skill_msgs__rosidl_typesupport_cppExport.cmake
[3.508s] -- Installing: /home/user/exchange/ws/install/sample_skill_msgs/share/sample_skill_msgs/cmake/sample_skill_msgs__rosidl_typesupport_cppExport-noconfig.cmake
[3.508s] -- Installing: /home/user/exchange/ws/install/sample_skill_msgs/share/sample_skill_msgs/cmake/export_sample_skill_msgs__rosidl_generator_pyExport.cmake
[3.508s] -- Installing: /home/user/exchange/ws/install/sample_skill_msgs/share/sample_skill_msgs/cmake/export_sample_skill_msgs__rosidl_generator_pyExport-noconfig.cmake
[3.508s] -- Installing: /home/user/exchange/ws/install/sample_skill_msgs/share/sample_skill_msgs/cmake/rosidl_cmake-extras.cmake
[3.508s] -- Installing: /home/user/exchange/ws/install/sample_skill_msgs/share/sample_skill_msgs/cmake/ament_cmake_export_dependencies-extras.cmake
[3.508s] -- Installing: /home/user/exchange/ws/install/sample_skill_msgs/share/sample_skill_msgs/cmake/ament_cmake_export_include_directories-extras.cmake
[3.509s] -- Installing: /home/user/exchange/ws/install/sample_skill_msgs/share/sample_skill_msgs/cmake/ament_cmake_export_libraries-extras.cmake
[3.509s] -- Installing: /home/user/exchange/ws/install/sample_skill_msgs/share/sample_skill_msgs/cmake/ament_cmake_export_targets-extras.cmake
[3.509s] -- Installing: /home/user/exchange/ws/install/sample_skill_msgs/share/sample_skill_msgs/cmake/rosidl_cmake_export_typesupport_targets-extras.cmake
[3.509s] -- Installing: /home/user/exchange/ws/install/sample_skill_msgs/share/sample_skill_msgs/cmake/rosidl_cmake_export_typesupport_libraries-extras.cmake
[3.510s] -- Installing: /home/user/exchange/ws/install/sample_skill_msgs/share/sample_skill_msgs/cmake/sample_skill_msgsConfig.cmake
[3.510s] -- Installing: /home/user/exchange/ws/install/sample_skill_msgs/share/sample_skill_msgs/cmake/sample_skill_msgsConfig-version.cmake
[3.510s] -- Installing: /home/user/exchange/ws/install/sample_skill_msgs/share/sample_skill_msgs/package.xml
[3.512s] Invoked command in '/home/user/exchange/ws/build/sample_skill_msgs' returned '0': CMAKE_PREFIX_PATH=/opt/pal/alum:/opt/ros/humble /usr/bin/cmake --install /home/user/exchange/ws/build/sample_skill_msgs
