[0.504s] Invoking command in '/home/user/exchange/ws/build/sws_metrics': PYTHONPATH=/home/user/exchange/ws/build/sws_metrics/prefix_override:/usr/lib/python3/dist-packages/colcon_core/task/python/colcon_distutils_commands:/home/user/exchange/ws/install/sws_metrics/lib/python3.10/site-packages:${PYTHONPATH} /usr/bin/python3 -W ignore:setup.py install is deprecated -W ignore:easy_install command is deprecated setup.py develop --editable --build-directory /home/user/exchange/ws/build/sws_metrics/build --no-deps symlink_data --force
[0.633s] running develop
[0.661s] /usr/lib/python3/dist-packages/pkg_resources/__init__.py:116: PkgResourcesDeprecationWarning: 1.12.1-git20200711.33e2d80-dfsg1-0.6 is an invalid version and will not be supported in a future release
[0.661s]   warnings.warn(
[0.706s] running egg_info
[0.706s] writing sws_metrics.egg-info/PKG-INFO
[0.706s] writing dependency_links to sws_metrics.egg-info/dependency_links.txt
[0.706s] writing entry points to sws_metrics.egg-info/entry_points.txt
[0.707s] writing requirements to sws_metrics.egg-info/requires.txt
[0.707s] writing top-level names to sws_metrics.egg-info/top_level.txt
[0.708s] reading manifest file 'sws_metrics.egg-info/SOURCES.txt'
[0.708s] writing manifest file 'sws_metrics.egg-info/SOURCES.txt'
[0.709s] running build_ext
[0.709s] Creating /home/user/exchange/ws/install/sws_metrics/lib/python3.10/site-packages/sws-metrics.egg-link (link to .)
[0.709s] Installing fake_hri_pub script to /home/user/exchange/ws/install/sws_metrics/lib/sws_metrics
[0.710s] Installing gaze_estimator script to /home/user/exchange/ws/install/sws_metrics/lib/sws_metrics
[0.710s] 
[0.710s] Installed /home/user/exchange/ws/build/sws_metrics
[0.710s] running symlink_data
[0.710s] symbolically linking /home/user/exchange/ws/build/sws_metrics/resource/sws_metrics -> /home/user/exchange/ws/install/sws_metrics/share/ament_index/resource_index/packages
[0.711s] symbolically linking /home/user/exchange/ws/build/sws_metrics/package.xml -> /home/user/exchange/ws/install/sws_metrics/share/sws_metrics
[0.724s] Invoked command in '/home/user/exchange/ws/build/sws_metrics' returned '0': PYTHONPATH=/home/user/exchange/ws/build/sws_metrics/prefix_override:/usr/lib/python3/dist-packages/colcon_core/task/python/colcon_distutils_commands:/home/user/exchange/ws/install/sws_metrics/lib/python3.10/site-packages:${PYTHONPATH} /usr/bin/python3 -W ignore:setup.py install is deprecated -W ignore:easy_install command is deprecated setup.py develop --editable --build-directory /home/user/exchange/ws/build/sws_metrics/build --no-deps symlink_data --force
