running egg_info
creating ../../build/emotion_mirror/emotion_mirror.egg-info
writing ../../build/emotion_mirror/emotion_mirror.egg-info/PKG-INFO
writing dependency_links to ../../build/emotion_mirror/emotion_mirror.egg-info/dependency_links.txt
writing entry points to ../../build/emotion_mirror/emotion_mirror.egg-info/entry_points.txt
writing requirements to ../../build/emotion_mirror/emotion_mirror.egg-info/requires.txt
writing top-level names to ../../build/emotion_mirror/emotion_mirror.egg-info/top_level.txt
writing manifest file '../../build/emotion_mirror/emotion_mirror.egg-info/SOURCES.txt'
reading manifest file '../../build/emotion_mirror/emotion_mirror.egg-info/SOURCES.txt'
adding license file 'LICENSE'
writing manifest file '../../build/emotion_mirror/emotion_mirror.egg-info/SOURCES.txt'
running build
running build_py
creating /home/user/exchange/ws/build/emotion_mirror/build
creating /home/user/exchange/ws/build/emotion_mirror/build/lib
creating /home/user/exchange/ws/build/emotion_mirror/build/lib/emotion_mirror
copying emotion_mirror/mission_controller.py -> /home/user/exchange/ws/build/emotion_mirror/build/lib/emotion_mirror
copying emotion_mirror/__init__.py -> /home/user/exchange/ws/build/emotion_mirror/build/lib/emotion_mirror
copying emotion_mirror/run_app.py -> /home/user/exchange/ws/build/emotion_mirror/build/lib/emotion_mirror
running install
running install_lib
creating /home/user/exchange/ws/install/emotion_mirror/lib/python3.10/site-packages/emotion_mirror
copying /home/user/exchange/ws/build/emotion_mirror/build/lib/emotion_mirror/mission_controller.py -> /home/user/exchange/ws/install/emotion_mirror/lib/python3.10/site-packages/emotion_mirror
copying /home/user/exchange/ws/build/emotion_mirror/build/lib/emotion_mirror/__init__.py -> /home/user/exchange/ws/install/emotion_mirror/lib/python3.10/site-packages/emotion_mirror
copying /home/user/exchange/ws/build/emotion_mirror/build/lib/emotion_mirror/run_app.py -> /home/user/exchange/ws/install/emotion_mirror/lib/python3.10/site-packages/emotion_mirror
byte-compiling /home/user/exchange/ws/install/emotion_mirror/lib/python3.10/site-packages/emotion_mirror/mission_controller.py to mission_controller.cpython-310.pyc
byte-compiling /home/user/exchange/ws/install/emotion_mirror/lib/python3.10/site-packages/emotion_mirror/__init__.py to __init__.cpython-310.pyc
byte-compiling /home/user/exchange/ws/install/emotion_mirror/lib/python3.10/site-packages/emotion_mirror/run_app.py to run_app.cpython-310.pyc
running install_data
copying package.xml -> /home/user/exchange/ws/install/emotion_mirror/share/emotion_mirror
creating /home/user/exchange/ws/install/emotion_mirror/share/ament_index
creating /home/user/exchange/ws/install/emotion_mirror/share/ament_index/resource_index
creating /home/user/exchange/ws/install/emotion_mirror/share/ament_index/resource_index/packages
copying res/emotion_mirror -> /home/user/exchange/ws/install/emotion_mirror/share/ament_index/resource_index/packages
creating /home/user/exchange/ws/install/emotion_mirror/share/ament_index/resource_index/pal_system_module
copying module/emotion_mirror -> /home/user/exchange/ws/install/emotion_mirror/share/ament_index/resource_index/pal_system_module
creating /home/user/exchange/ws/install/emotion_mirror/share/emotion_mirror/launch
copying launch/emotion_mirror.launch.py -> /home/user/exchange/ws/install/emotion_mirror/share/emotion_mirror/launch
creating /home/user/exchange/ws/install/emotion_mirror/share/emotion_mirror/module
copying module/emotion_mirror_module.yaml -> /home/user/exchange/ws/install/emotion_mirror/share/emotion_mirror/module
running install_egg_info
Copying ../../build/emotion_mirror/emotion_mirror.egg-info to /home/user/exchange/ws/install/emotion_mirror/lib/python3.10/site-packages/emotion_mirror-0.1.0-py3.10.egg-info
running install_scripts
Installing run_app script to /home/user/exchange/ws/install/emotion_mirror/lib/emotion_mirror
writing list of installed files to '/home/user/exchange/ws/build/emotion_mirror/install.log'
