[0.025s] Invoking command in '/home/user/exchange/ws/build/sample_skill_msgs': CMAKE_PREFIX_PATH=/opt/pal/alum:/opt/ros/humble /usr/bin/cmake --build /home/user/exchange/ws/build/sample_skill_msgs -- -j16 -l16
[0.168s] [  3%] Built target sample_skill_msgs__cpp
[0.174s] [ 12%] Built target sample_skill_msgs__rosidl_generator_c
[0.195s] [ 12%] Built target ament_cmake_python_copy_sample_skill_msgs
[0.199s] [ 32%] Built target sample_skill_msgs__rosidl_typesupport_c
[0.199s] [ 32%] Built target sample_skill_msgs__rosidl_typesupport_cpp
[0.200s] [ 48%] Built target sample_skill_msgs__rosidl_typesupport_introspection_cpp
[0.202s] [ 58%] Built target sample_skill_msgs__rosidl_typesupport_introspection_c
[0.202s] [ 61%] Built target sample_skill_msgs__rosidl_typesupport_fastrtps_cpp
[0.208s] [ 70%] Built target sample_skill_msgs__rosidl_typesupport_fastrtps_c
[0.229s] [ 70%] Built target sample_skill_msgs
[0.252s] [ 74%] Built target sample_skill_msgs__py
[0.279s] [ 80%] Built target sample_skill_msgs__rosidl_generator_py
[0.303s] [ 93%] Built target sample_skill_msgs__rosidl_typesupport_fastrtps_c__pyext
[0.303s] [ 93%] Built target sample_skill_msgs__rosidl_typesupport_introspection_c__pyext
[0.304s] [100%] Built target sample_skill_msgs__rosidl_typesupport_c__pyext
[0.382s] running egg_info
[0.383s] writing sample_skill_msgs.egg-info/PKG-INFO
[0.383s] writing dependency_links to sample_skill_msgs.egg-info/dependency_links.txt
[0.384s] writing top-level names to sample_skill_msgs.egg-info/top_level.txt
[0.386s] reading manifest file 'sample_skill_msgs.egg-info/SOURCES.txt'
[0.386s] writing manifest file 'sample_skill_msgs.egg-info/SOURCES.txt'
[0.405s] [100%] Built target ament_cmake_python_build_sample_skill_msgs_egg
[0.417s] Invoked command in '/home/user/exchange/ws/build/sample_skill_msgs' returned '0': CMAKE_PREFIX_PATH=/opt/pal/alum:/opt/ros/humble /usr/bin/cmake --build /home/user/exchange/ws/build/sample_skill_msgs -- -j16 -l16
[0.426s] Invoking command in '/home/user/exchange/ws/build/sample_skill_msgs': CMAKE_PREFIX_PATH=/opt/pal/alum:/opt/ros/humble /usr/bin/cmake --install /home/user/exchange/ws/build/sample_skill_msgs
[0.434s] -- Install configuration: ""
[0.434s] -- Up-to-date: /home/user/exchange/ws/install/sample_skill_msgs/share/ament_index/resource_index/rosidl_interfaces/sample_skill_msgs
[0.435s] -- Up-to-date: /home/user/exchange/ws/install/sample_skill_msgs/include/sample_skill_msgs/sample_skill_msgs
[0.435s] -- Up-to-date: /home/user/exchange/ws/install/sample_skill_msgs/include/sample_skill_msgs/sample_skill_msgs/msg
[0.435s] -- Up-to-date: /home/user/exchange/ws/install/sample_skill_msgs/include/sample_skill_msgs/sample_skill_msgs/msg/rosidl_generator_c__visibility_control.h
[0.436s] -- Up-to-date: /home/user/exchange/ws/install/sample_skill_msgs/include/sample_skill_msgs/sample_skill_msgs/action
[0.436s] -- Up-to-date: /home/user/exchange/ws/install/sample_skill_msgs/include/sample_skill_msgs/sample_skill_msgs/action/skill_control.h
[0.436s] -- Up-to-date: /home/user/exchange/ws/install/sample_skill_msgs/include/sample_skill_msgs/sample_skill_msgs/action/detail
[0.436s] -- Up-to-date: /home/user/exchange/ws/install/sample_skill_msgs/include/sample_skill_msgs/sample_skill_msgs/action/detail/skill_control__functions.c
[0.436s] -- Up-to-date: /home/user/exchange/ws/install/sample_skill_msgs/include/sample_skill_msgs/sample_skill_msgs/action/detail/skill_control__functions.h
[0.436s] -- Up-to-date: /home/user/exchange/ws/install/sample_skill_msgs/include/sample_skill_msgs/sample_skill_msgs/action/detail/skill_control__type_support.h
[0.437s] -- Up-to-date: /home/user/exchange/ws/install/sample_skill_msgs/include/sample_skill_msgs/sample_skill_msgs/action/detail/skill_control__struct.h
[0.437s] -- Up-to-date: /home/user/exchange/ws/install/sample_skill_msgs/share/sample_skill_msgs/environment/library_path.sh
[0.437s] -- Up-to-date: /home/user/exchange/ws/install/sample_skill_msgs/share/sample_skill_msgs/environment/library_path.dsv
[0.438s] -- Up-to-date: /home/user/exchange/ws/install/sample_skill_msgs/lib/libsample_skill_msgs__rosidl_generator_c.so
[0.438s] -- Up-to-date: /home/user/exchange/ws/install/sample_skill_msgs/include/sample_skill_msgs/sample_skill_msgs
[0.438s] -- Up-to-date: /home/user/exchange/ws/install/sample_skill_msgs/include/sample_skill_msgs/sample_skill_msgs/msg
[0.439s] -- Up-to-date: /home/user/exchange/ws/install/sample_skill_msgs/include/sample_skill_msgs/sample_skill_msgs/msg/rosidl_typesupport_fastrtps_c__visibility_control.h
[0.439s] -- Up-to-date: /home/user/exchange/ws/install/sample_skill_msgs/include/sample_skill_msgs/sample_skill_msgs/action
[0.439s] -- Up-to-date: /home/user/exchange/ws/install/sample_skill_msgs/include/sample_skill_msgs/sample_skill_msgs/action/detail
[0.439s] -- Up-to-date: /home/user/exchange/ws/install/sample_skill_msgs/include/sample_skill_msgs/sample_skill_msgs/action/detail/skill_control__rosidl_typesupport_fastrtps_c.h
[0.439s] -- Up-to-date: /home/user/exchange/ws/install/sample_skill_msgs/lib/libsample_skill_msgs__rosidl_typesupport_fastrtps_c.so
[0.439s] -- Up-to-date: /home/user/exchange/ws/install/sample_skill_msgs/include/sample_skill_msgs/sample_skill_msgs
[0.440s] -- Up-to-date: /home/user/exchange/ws/install/sample_skill_msgs/include/sample_skill_msgs/sample_skill_msgs/msg
[0.440s] -- Up-to-date: /home/user/exchange/ws/install/sample_skill_msgs/include/sample_skill_msgs/sample_skill_msgs/msg/rosidl_generator_cpp__visibility_control.hpp
[0.440s] -- Up-to-date: /home/user/exchange/ws/install/sample_skill_msgs/include/sample_skill_msgs/sample_skill_msgs/action
[0.440s] -- Up-to-date: /home/user/exchange/ws/install/sample_skill_msgs/include/sample_skill_msgs/sample_skill_msgs/action/skill_control.hpp
[0.440s] -- Up-to-date: /home/user/exchange/ws/install/sample_skill_msgs/include/sample_skill_msgs/sample_skill_msgs/action/detail
[0.440s] -- Up-to-date: /home/user/exchange/ws/install/sample_skill_msgs/include/sample_skill_msgs/sample_skill_msgs/action/detail/skill_control__traits.hpp
[0.440s] -- Up-to-date: /home/user/exchange/ws/install/sample_skill_msgs/include/sample_skill_msgs/sample_skill_msgs/action/detail/skill_control__builder.hpp
[0.441s] -- Up-to-date: /home/user/exchange/ws/install/sample_skill_msgs/include/sample_skill_msgs/sample_skill_msgs/action/detail/skill_control__struct.hpp
[0.441s] -- Up-to-date: /home/user/exchange/ws/install/sample_skill_msgs/include/sample_skill_msgs/sample_skill_msgs/action/detail/skill_control__type_support.hpp
[0.441s] -- Up-to-date: /home/user/exchange/ws/install/sample_skill_msgs/include/sample_skill_msgs/sample_skill_msgs
[0.441s] -- Up-to-date: /home/user/exchange/ws/install/sample_skill_msgs/include/sample_skill_msgs/sample_skill_msgs/msg
[0.441s] -- Up-to-date: /home/user/exchange/ws/install/sample_skill_msgs/include/sample_skill_msgs/sample_skill_msgs/msg/rosidl_typesupport_fastrtps_cpp__visibility_control.h
[0.442s] -- Up-to-date: /home/user/exchange/ws/install/sample_skill_msgs/include/sample_skill_msgs/sample_skill_msgs/action
[0.442s] -- Up-to-date: /home/user/exchange/ws/install/sample_skill_msgs/include/sample_skill_msgs/sample_skill_msgs/action/detail
[0.442s] -- Up-to-date: /home/user/exchange/ws/install/sample_skill_msgs/include/sample_skill_msgs/sample_skill_msgs/action/detail/skill_control__rosidl_typesupport_fastrtps_cpp.hpp
[0.442s] -- Up-to-date: /home/user/exchange/ws/install/sample_skill_msgs/include/sample_skill_msgs/sample_skill_msgs/action/detail/dds_fastrtps
[0.442s] -- Up-to-date: /home/user/exchange/ws/install/sample_skill_msgs/lib/libsample_skill_msgs__rosidl_typesupport_fastrtps_cpp.so
[0.442s] -- Up-to-date: /home/user/exchange/ws/install/sample_skill_msgs/include/sample_skill_msgs/sample_skill_msgs
[0.442s] -- Up-to-date: /home/user/exchange/ws/install/sample_skill_msgs/include/sample_skill_msgs/sample_skill_msgs/msg
[0.443s] -- Up-to-date: /home/user/exchange/ws/install/sample_skill_msgs/include/sample_skill_msgs/sample_skill_msgs/msg/rosidl_typesupport_introspection_c__visibility_control.h
[0.443s] -- Up-to-date: /home/user/exchange/ws/install/sample_skill_msgs/include/sample_skill_msgs/sample_skill_msgs/action
[0.443s] -- Up-to-date: /home/user/exchange/ws/install/sample_skill_msgs/include/sample_skill_msgs/sample_skill_msgs/action/detail
[0.443s] -- Up-to-date: /home/user/exchange/ws/install/sample_skill_msgs/include/sample_skill_msgs/sample_skill_msgs/action/detail/skill_control__rosidl_typesupport_introspection_c.h
[0.443s] -- Up-to-date: /home/user/exchange/ws/install/sample_skill_msgs/include/sample_skill_msgs/sample_skill_msgs/action/detail/skill_control__type_support.c
[0.443s] -- Up-to-date: /home/user/exchange/ws/install/sample_skill_msgs/lib/libsample_skill_msgs__rosidl_typesupport_introspection_c.so
[0.444s] -- Up-to-date: /home/user/exchange/ws/install/sample_skill_msgs/lib/libsample_skill_msgs__rosidl_typesupport_c.so
[0.444s] -- Up-to-date: /home/user/exchange/ws/install/sample_skill_msgs/include/sample_skill_msgs/sample_skill_msgs
[0.445s] -- Up-to-date: /home/user/exchange/ws/install/sample_skill_msgs/include/sample_skill_msgs/sample_skill_msgs/action
[0.445s] -- Up-to-date: /home/user/exchange/ws/install/sample_skill_msgs/include/sample_skill_msgs/sample_skill_msgs/action/detail
[0.445s] -- Up-to-date: /home/user/exchange/ws/install/sample_skill_msgs/include/sample_skill_msgs/sample_skill_msgs/action/detail/skill_control__rosidl_typesupport_introspection_cpp.hpp
[0.445s] -- Up-to-date: /home/user/exchange/ws/install/sample_skill_msgs/include/sample_skill_msgs/sample_skill_msgs/action/detail/skill_control__type_support.cpp
[0.445s] -- Up-to-date: /home/user/exchange/ws/install/sample_skill_msgs/lib/libsample_skill_msgs__rosidl_typesupport_introspection_cpp.so
[0.446s] -- Up-to-date: /home/user/exchange/ws/install/sample_skill_msgs/lib/libsample_skill_msgs__rosidl_typesupport_cpp.so
[0.446s] -- Up-to-date: /home/user/exchange/ws/install/sample_skill_msgs/share/sample_skill_msgs/environment/pythonpath.sh
[0.446s] -- Up-to-date: /home/user/exchange/ws/install/sample_skill_msgs/share/sample_skill_msgs/environment/pythonpath.dsv
[0.446s] -- Up-to-date: /home/user/exchange/ws/install/sample_skill_msgs/local/lib/python3.10/dist-packages/sample_skill_msgs-0.1.0-py3.10.egg-info
[0.447s] -- Installing: /home/user/exchange/ws/install/sample_skill_msgs/local/lib/python3.10/dist-packages/sample_skill_msgs-0.1.0-py3.10.egg-info/SOURCES.txt
[0.447s] -- Installing: /home/user/exchange/ws/install/sample_skill_msgs/local/lib/python3.10/dist-packages/sample_skill_msgs-0.1.0-py3.10.egg-info/top_level.txt
[0.448s] -- Installing: /home/user/exchange/ws/install/sample_skill_msgs/local/lib/python3.10/dist-packages/sample_skill_msgs-0.1.0-py3.10.egg-info/PKG-INFO
[0.448s] -- Installing: /home/user/exchange/ws/install/sample_skill_msgs/local/lib/python3.10/dist-packages/sample_skill_msgs-0.1.0-py3.10.egg-info/dependency_links.txt
[0.449s] -- Up-to-date: /home/user/exchange/ws/install/sample_skill_msgs/local/lib/python3.10/dist-packages/sample_skill_msgs
[0.449s] -- Up-to-date: /home/user/exchange/ws/install/sample_skill_msgs/local/lib/python3.10/dist-packages/sample_skill_msgs/libsample_skill_msgs__rosidl_generator_py.so
[0.449s] -- Up-to-date: /home/user/exchange/ws/install/sample_skill_msgs/local/lib/python3.10/dist-packages/sample_skill_msgs/sample_skill_msgs_s__rosidl_typesupport_introspection_c.cpython-310-x86_64-linux-gnu.so
[0.449s] -- Up-to-date: /home/user/exchange/ws/install/sample_skill_msgs/local/lib/python3.10/dist-packages/sample_skill_msgs/__init__.py
[0.450s] -- Up-to-date: /home/user/exchange/ws/install/sample_skill_msgs/local/lib/python3.10/dist-packages/sample_skill_msgs/_sample_skill_msgs_s.ep.rosidl_typesupport_introspection_c.c
[0.450s] -- Up-to-date: /home/user/exchange/ws/install/sample_skill_msgs/local/lib/python3.10/dist-packages/sample_skill_msgs/sample_skill_msgs_s__rosidl_typesupport_c.cpython-310-x86_64-linux-gnu.so
[0.450s] -- Up-to-date: /home/user/exchange/ws/install/sample_skill_msgs/local/lib/python3.10/dist-packages/sample_skill_msgs/_sample_skill_msgs_s.ep.rosidl_typesupport_fastrtps_c.c
[0.450s] -- Up-to-date: /home/user/exchange/ws/install/sample_skill_msgs/local/lib/python3.10/dist-packages/sample_skill_msgs/sample_skill_msgs_s__rosidl_typesupport_fastrtps_c.cpython-310-x86_64-linux-gnu.so
[0.450s] -- Up-to-date: /home/user/exchange/ws/install/sample_skill_msgs/local/lib/python3.10/dist-packages/sample_skill_msgs/action
[0.450s] -- Up-to-date: /home/user/exchange/ws/install/sample_skill_msgs/local/lib/python3.10/dist-packages/sample_skill_msgs/action/__init__.py
[0.450s] -- Up-to-date: /home/user/exchange/ws/install/sample_skill_msgs/local/lib/python3.10/dist-packages/sample_skill_msgs/action/_skill_control.py
[0.450s] -- Up-to-date: /home/user/exchange/ws/install/sample_skill_msgs/local/lib/python3.10/dist-packages/sample_skill_msgs/action/_skill_control_s.c
[0.450s] -- Up-to-date: /home/user/exchange/ws/install/sample_skill_msgs/local/lib/python3.10/dist-packages/sample_skill_msgs/_sample_skill_msgs_s.ep.rosidl_typesupport_c.c
[0.475s] Listing '/home/user/exchange/ws/install/sample_skill_msgs/local/lib/python3.10/dist-packages/sample_skill_msgs'...
[0.475s] Listing '/home/user/exchange/ws/install/sample_skill_msgs/local/lib/python3.10/dist-packages/sample_skill_msgs/action'...
[0.478s] -- Up-to-date: /home/user/exchange/ws/install/sample_skill_msgs/local/lib/python3.10/dist-packages/sample_skill_msgs/sample_skill_msgs_s__rosidl_typesupport_fastrtps_c.cpython-310-x86_64-linux-gnu.so
[0.479s] -- Up-to-date: /home/user/exchange/ws/install/sample_skill_msgs/local/lib/python3.10/dist-packages/sample_skill_msgs/sample_skill_msgs_s__rosidl_typesupport_introspection_c.cpython-310-x86_64-linux-gnu.so
[0.479s] -- Up-to-date: /home/user/exchange/ws/install/sample_skill_msgs/local/lib/python3.10/dist-packages/sample_skill_msgs/sample_skill_msgs_s__rosidl_typesupport_c.cpython-310-x86_64-linux-gnu.so
[0.480s] -- Up-to-date: /home/user/exchange/ws/install/sample_skill_msgs/lib/libsample_skill_msgs__rosidl_generator_py.so
[0.480s] -- Up-to-date: /home/user/exchange/ws/install/sample_skill_msgs/share/sample_skill_msgs/action/SkillControl.idl
[0.480s] -- Up-to-date: /home/user/exchange/ws/install/sample_skill_msgs/share/sample_skill_msgs/action/SkillControl.action
[0.481s] -- Up-to-date: /home/user/exchange/ws/install/sample_skill_msgs/share/ament_index/resource_index/package_run_dependencies/sample_skill_msgs
[0.481s] -- Up-to-date: /home/user/exchange/ws/install/sample_skill_msgs/share/ament_index/resource_index/parent_prefix_path/sample_skill_msgs
[0.481s] -- Up-to-date: /home/user/exchange/ws/install/sample_skill_msgs/share/sample_skill_msgs/environment/ament_prefix_path.sh
[0.482s] -- Up-to-date: /home/user/exchange/ws/install/sample_skill_msgs/share/sample_skill_msgs/environment/ament_prefix_path.dsv
[0.482s] -- Up-to-date: /home/user/exchange/ws/install/sample_skill_msgs/share/sample_skill_msgs/environment/path.sh
[0.482s] -- Up-to-date: /home/user/exchange/ws/install/sample_skill_msgs/share/sample_skill_msgs/environment/path.dsv
[0.482s] -- Up-to-date: /home/user/exchange/ws/install/sample_skill_msgs/share/sample_skill_msgs/local_setup.bash
[0.482s] -- Up-to-date: /home/user/exchange/ws/install/sample_skill_msgs/share/sample_skill_msgs/local_setup.sh
[0.482s] -- Up-to-date: /home/user/exchange/ws/install/sample_skill_msgs/share/sample_skill_msgs/local_setup.zsh
[0.482s] -- Up-to-date: /home/user/exchange/ws/install/sample_skill_msgs/share/sample_skill_msgs/local_setup.dsv
[0.482s] -- Installing: /home/user/exchange/ws/install/sample_skill_msgs/share/sample_skill_msgs/package.dsv
[0.483s] -- Up-to-date: /home/user/exchange/ws/install/sample_skill_msgs/share/ament_index/resource_index/packages/sample_skill_msgs
[0.484s] -- Up-to-date: /home/user/exchange/ws/install/sample_skill_msgs/share/sample_skill_msgs/cmake/export_sample_skill_msgs__rosidl_generator_cExport.cmake
[0.484s] -- Up-to-date: /home/user/exchange/ws/install/sample_skill_msgs/share/sample_skill_msgs/cmake/export_sample_skill_msgs__rosidl_generator_cExport-noconfig.cmake
[0.485s] -- Up-to-date: /home/user/exchange/ws/install/sample_skill_msgs/share/sample_skill_msgs/cmake/export_sample_skill_msgs__rosidl_typesupport_fastrtps_cExport.cmake
[0.485s] -- Up-to-date: /home/user/exchange/ws/install/sample_skill_msgs/share/sample_skill_msgs/cmake/export_sample_skill_msgs__rosidl_typesupport_fastrtps_cExport-noconfig.cmake
[0.485s] -- Up-to-date: /home/user/exchange/ws/install/sample_skill_msgs/share/sample_skill_msgs/cmake/export_sample_skill_msgs__rosidl_generator_cppExport.cmake
[0.485s] -- Up-to-date: /home/user/exchange/ws/install/sample_skill_msgs/share/sample_skill_msgs/cmake/export_sample_skill_msgs__rosidl_typesupport_fastrtps_cppExport.cmake
[0.485s] -- Up-to-date: /home/user/exchange/ws/install/sample_skill_msgs/share/sample_skill_msgs/cmake/export_sample_skill_msgs__rosidl_typesupport_fastrtps_cppExport-noconfig.cmake
[0.486s] -- Up-to-date: /home/user/exchange/ws/install/sample_skill_msgs/share/sample_skill_msgs/cmake/sample_skill_msgs__rosidl_typesupport_introspection_cExport.cmake
[0.486s] -- Up-to-date: /home/user/exchange/ws/install/sample_skill_msgs/share/sample_skill_msgs/cmake/sample_skill_msgs__rosidl_typesupport_introspection_cExport-noconfig.cmake
[0.486s] -- Up-to-date: /home/user/exchange/ws/install/sample_skill_msgs/share/sample_skill_msgs/cmake/sample_skill_msgs__rosidl_typesupport_cExport.cmake
[0.487s] -- Up-to-date: /home/user/exchange/ws/install/sample_skill_msgs/share/sample_skill_msgs/cmake/sample_skill_msgs__rosidl_typesupport_cExport-noconfig.cmake
[0.487s] -- Up-to-date: /home/user/exchange/ws/install/sample_skill_msgs/share/sample_skill_msgs/cmake/sample_skill_msgs__rosidl_typesupport_introspection_cppExport.cmake
[0.487s] -- Up-to-date: /home/user/exchange/ws/install/sample_skill_msgs/share/sample_skill_msgs/cmake/sample_skill_msgs__rosidl_typesupport_introspection_cppExport-noconfig.cmake
[0.487s] -- Up-to-date: /home/user/exchange/ws/install/sample_skill_msgs/share/sample_skill_msgs/cmake/sample_skill_msgs__rosidl_typesupport_cppExport.cmake
[0.487s] -- Up-to-date: /home/user/exchange/ws/install/sample_skill_msgs/share/sample_skill_msgs/cmake/sample_skill_msgs__rosidl_typesupport_cppExport-noconfig.cmake
[0.488s] -- Up-to-date: /home/user/exchange/ws/install/sample_skill_msgs/share/sample_skill_msgs/cmake/export_sample_skill_msgs__rosidl_generator_pyExport.cmake
[0.488s] -- Up-to-date: /home/user/exchange/ws/install/sample_skill_msgs/share/sample_skill_msgs/cmake/export_sample_skill_msgs__rosidl_generator_pyExport-noconfig.cmake
[0.488s] -- Up-to-date: /home/user/exchange/ws/install/sample_skill_msgs/share/sample_skill_msgs/cmake/rosidl_cmake-extras.cmake
[0.488s] -- Up-to-date: /home/user/exchange/ws/install/sample_skill_msgs/share/sample_skill_msgs/cmake/ament_cmake_export_dependencies-extras.cmake
[0.488s] -- Up-to-date: /home/user/exchange/ws/install/sample_skill_msgs/share/sample_skill_msgs/cmake/ament_cmake_export_include_directories-extras.cmake
[0.488s] -- Up-to-date: /home/user/exchange/ws/install/sample_skill_msgs/share/sample_skill_msgs/cmake/ament_cmake_export_libraries-extras.cmake
[0.488s] -- Up-to-date: /home/user/exchange/ws/install/sample_skill_msgs/share/sample_skill_msgs/cmake/ament_cmake_export_targets-extras.cmake
[0.489s] -- Up-to-date: /home/user/exchange/ws/install/sample_skill_msgs/share/sample_skill_msgs/cmake/rosidl_cmake_export_typesupport_targets-extras.cmake
[0.489s] -- Up-to-date: /home/user/exchange/ws/install/sample_skill_msgs/share/sample_skill_msgs/cmake/rosidl_cmake_export_typesupport_libraries-extras.cmake
[0.489s] -- Up-to-date: /home/user/exchange/ws/install/sample_skill_msgs/share/sample_skill_msgs/cmake/sample_skill_msgsConfig.cmake
[0.489s] -- Up-to-date: /home/user/exchange/ws/install/sample_skill_msgs/share/sample_skill_msgs/cmake/sample_skill_msgsConfig-version.cmake
[0.489s] -- Up-to-date: /home/user/exchange/ws/install/sample_skill_msgs/share/sample_skill_msgs/package.xml
[0.493s] Invoked command in '/home/user/exchange/ws/build/sample_skill_msgs' returned '0': CMAKE_PREFIX_PATH=/opt/pal/alum:/opt/ros/humble /usr/bin/cmake --install /home/user/exchange/ws/build/sample_skill_msgs
