running egg_info
writing ../../build/emotion_mirror/emotion_mirror.egg-info/PKG-INFO
writing dependency_links to ../../build/emotion_mirror/emotion_mirror.egg-info/dependency_links.txt
writing entry points to ../../build/emotion_mirror/emotion_mirror.egg-info/entry_points.txt
writing requirements to ../../build/emotion_mirror/emotion_mirror.egg-info/requires.txt
writing top-level names to ../../build/emotion_mirror/emotion_mirror.egg-info/top_level.txt
reading manifest file '../../build/emotion_mirror/emotion_mirror.egg-info/SOURCES.txt'
adding license file 'LICENSE'
writing manifest file '../../build/emotion_mirror/emotion_mirror.egg-info/SOURCES.txt'
running build
running build_py
running install
running install_lib
running install_data
running install_egg_info
removing '/home/user/exchange/ws/install/emotion_mirror/lib/python3.10/site-packages/emotion_mirror-0.1.0-py3.10.egg-info' (and everything under it)
Copying ../../build/emotion_mirror/emotion_mirror.egg-info to /home/user/exchange/ws/install/emotion_mirror/lib/python3.10/site-packages/emotion_mirror-0.1.0-py3.10.egg-info
running install_scripts
Installing run_app script to /home/user/exchange/ws/install/emotion_mirror/lib/emotion_mirror
writing list of installed files to '/home/user/exchange/ws/build/emotion_mirror/install.log'
