running egg_info
writing ../../build/basic_say/basic_say.egg-info/PKG-INFO
writing dependency_links to ../../build/basic_say/basic_say.egg-info/dependency_links.txt
writing entry points to ../../build/basic_say/basic_say.egg-info/entry_points.txt
writing requirements to ../../build/basic_say/basic_say.egg-info/requires.txt
writing top-level names to ../../build/basic_say/basic_say.egg-info/top_level.txt
reading manifest file '../../build/basic_say/basic_say.egg-info/SOURCES.txt'
adding license file 'LICENSE'
writing manifest file '../../build/basic_say/basic_say.egg-info/SOURCES.txt'
running build
running build_py
running install
running install_lib
running install_data
running install_egg_info
removing '/home/user/exchange/ws/install/basic_say/lib/python3.10/site-packages/basic_say-0.1.0-py3.10.egg-info' (and everything under it)
Copying ../../build/basic_say/basic_say.egg-info to /home/user/exchange/ws/install/basic_say/lib/python3.10/site-packages/basic_say-0.1.0-py3.10.egg-info
running install_scripts
Installing start_skill script to /home/user/exchange/ws/install/basic_say/lib/basic_say
writing list of installed files to '/home/user/exchange/ws/build/basic_say/install.log'
