running egg_info
creating ../../build/sws_metrics/sws_metrics.egg-info
writing ../../build/sws_metrics/sws_metrics.egg-info/PKG-INFO
writing dependency_links to ../../build/sws_metrics/sws_metrics.egg-info/dependency_links.txt
writing entry points to ../../build/sws_metrics/sws_metrics.egg-info/entry_points.txt
writing requirements to ../../build/sws_metrics/sws_metrics.egg-info/requires.txt
writing top-level names to ../../build/sws_metrics/sws_metrics.egg-info/top_level.txt
writing manifest file '../../build/sws_metrics/sws_metrics.egg-info/SOURCES.txt'
reading manifest file '../../build/sws_metrics/sws_metrics.egg-info/SOURCES.txt'
writing manifest file '../../build/sws_metrics/sws_metrics.egg-info/SOURCES.txt'
running build
running build_py
creating /home/user/exchange/ws/build/sws_metrics/build
creating /home/user/exchange/ws/build/sws_metrics/build/lib
creating /home/user/exchange/ws/build/sws_metrics/build/lib/sws_metrics
copying sws_metrics/gaze_estimator.py -> /home/user/exchange/ws/build/sws_metrics/build/lib/sws_metrics
copying sws_metrics/__init__.py -> /home/user/exchange/ws/build/sws_metrics/build/lib/sws_metrics
running install
running install_lib
creating /home/user/exchange/ws/install/sws_metrics/lib/python3.10/site-packages/sws_metrics
copying /home/user/exchange/ws/build/sws_metrics/build/lib/sws_metrics/gaze_estimator.py -> /home/user/exchange/ws/install/sws_metrics/lib/python3.10/site-packages/sws_metrics
copying /home/user/exchange/ws/build/sws_metrics/build/lib/sws_metrics/__init__.py -> /home/user/exchange/ws/install/sws_metrics/lib/python3.10/site-packages/sws_metrics
byte-compiling /home/user/exchange/ws/install/sws_metrics/lib/python3.10/site-packages/sws_metrics/gaze_estimator.py to gaze_estimator.cpython-310.pyc
byte-compiling /home/user/exchange/ws/install/sws_metrics/lib/python3.10/site-packages/sws_metrics/__init__.py to __init__.cpython-310.pyc
running install_data
creating /home/user/exchange/ws/install/sws_metrics/share/ament_index
creating /home/user/exchange/ws/install/sws_metrics/share/ament_index/resource_index
creating /home/user/exchange/ws/install/sws_metrics/share/ament_index/resource_index/packages
copying resource/sws_metrics -> /home/user/exchange/ws/install/sws_metrics/share/ament_index/resource_index/packages
copying package.xml -> /home/user/exchange/ws/install/sws_metrics/share/sws_metrics
running install_egg_info
Copying ../../build/sws_metrics/sws_metrics.egg-info to /home/user/exchange/ws/install/sws_metrics/lib/python3.10/site-packages/sws_metrics-0.1.0-py3.10.egg-info
running install_scripts
Installing gaze_estimator script to /home/user/exchange/ws/install/sws_metrics/lib/sws_metrics
writing list of installed files to '/home/user/exchange/ws/build/sws_metrics/install.log'
