[0.497s] Invoking command in '/home/user/exchange/ws/src/sws_metrics': PYTHONPATH=/home/user/exchange/ws/build/sws_metrics/prefix_override:/usr/lib/python3/dist-packages/colcon_core/task/python/colcon_distutils_commands:/home/user/exchange/ws/install/sws_metrics/lib/python3.10/site-packages:${PYTHONPATH} /usr/bin/python3 -W ignore:setup.py install is deprecated -W ignore:easy_install command is deprecated setup.py egg_info --egg-base ../../build/sws_metrics build --build-base /home/user/exchange/ws/build/sws_metrics/build install --record /home/user/exchange/ws/build/sws_metrics/install.log --single-version-externally-managed install_data
[0.616s] running egg_info
[0.616s] creating ../../build/sws_metrics/sws_metrics.egg-info
[0.617s] writing ../../build/sws_metrics/sws_metrics.egg-info/PKG-INFO
[0.617s] writing dependency_links to ../../build/sws_metrics/sws_metrics.egg-info/dependency_links.txt
[0.617s] writing entry points to ../../build/sws_metrics/sws_metrics.egg-info/entry_points.txt
[0.617s] writing requirements to ../../build/sws_metrics/sws_metrics.egg-info/requires.txt
[0.618s] writing top-level names to ../../build/sws_metrics/sws_metrics.egg-info/top_level.txt
[0.619s] writing manifest file '../../build/sws_metrics/sws_metrics.egg-info/SOURCES.txt'
[0.620s] reading manifest file '../../build/sws_metrics/sws_metrics.egg-info/SOURCES.txt'
[0.620s] writing manifest file '../../build/sws_metrics/sws_metrics.egg-info/SOURCES.txt'
[0.621s] running build
[0.621s] running build_py
[0.621s] creating /home/user/exchange/ws/build/sws_metrics/build
[0.621s] creating /home/user/exchange/ws/build/sws_metrics/build/lib
[0.621s] creating /home/user/exchange/ws/build/sws_metrics/build/lib/sws_metrics
[0.622s] copying sws_metrics/gaze_estimator.py -> /home/user/exchange/ws/build/sws_metrics/build/lib/sws_metrics
[0.623s] copying sws_metrics/__init__.py -> /home/user/exchange/ws/build/sws_metrics/build/lib/sws_metrics
[0.623s] running install
[0.623s] running install_lib
[0.623s] creating /home/user/exchange/ws/install/sws_metrics/lib/python3.10/site-packages/sws_metrics
[0.624s] copying /home/user/exchange/ws/build/sws_metrics/build/lib/sws_metrics/gaze_estimator.py -> /home/user/exchange/ws/install/sws_metrics/lib/python3.10/site-packages/sws_metrics
[0.624s] copying /home/user/exchange/ws/build/sws_metrics/build/lib/sws_metrics/__init__.py -> /home/user/exchange/ws/install/sws_metrics/lib/python3.10/site-packages/sws_metrics
[0.625s] byte-compiling /home/user/exchange/ws/install/sws_metrics/lib/python3.10/site-packages/sws_metrics/gaze_estimator.py to gaze_estimator.cpython-310.pyc
[0.626s] byte-compiling /home/user/exchange/ws/install/sws_metrics/lib/python3.10/site-packages/sws_metrics/__init__.py to __init__.cpython-310.pyc
[0.627s] running install_data
[0.627s] creating /home/user/exchange/ws/install/sws_metrics/share/ament_index
[0.627s] creating /home/user/exchange/ws/install/sws_metrics/share/ament_index/resource_index
[0.628s] creating /home/user/exchange/ws/install/sws_metrics/share/ament_index/resource_index/packages
[0.628s] copying resource/sws_metrics -> /home/user/exchange/ws/install/sws_metrics/share/ament_index/resource_index/packages
[0.628s] copying package.xml -> /home/user/exchange/ws/install/sws_metrics/share/sws_metrics
[0.629s] running install_egg_info
[0.630s] Copying ../../build/sws_metrics/sws_metrics.egg-info to /home/user/exchange/ws/install/sws_metrics/lib/python3.10/site-packages/sws_metrics-0.1.0-py3.10.egg-info
[0.631s] running install_scripts
[0.641s] Installing gaze_estimator script to /home/user/exchange/ws/install/sws_metrics/lib/sws_metrics
[0.642s] writing list of installed files to '/home/user/exchange/ws/build/sws_metrics/install.log'
[0.651s] Invoked command in '/home/user/exchange/ws/src/sws_metrics' returned '0': PYTHONPATH=/home/user/exchange/ws/build/sws_metrics/prefix_override:/usr/lib/python3/dist-packages/colcon_core/task/python/colcon_distutils_commands:/home/user/exchange/ws/install/sws_metrics/lib/python3.10/site-packages:${PYTHONPATH} /usr/bin/python3 -W ignore:setup.py install is deprecated -W ignore:easy_install command is deprecated setup.py egg_info --egg-base ../../build/sws_metrics build --build-base /home/user/exchange/ws/build/sws_metrics/build install --record /home/user/exchange/ws/build/sws_metrics/install.log --single-version-externally-managed install_data
