/home/user/exchange/ws/install/basic_say/lib/python3.10/site-packages/basic_say/start_skill.py
/home/user/exchange/ws/install/basic_say/lib/python3.10/site-packages/basic_say/skill_impl.py
/home/user/exchange/ws/install/basic_say/lib/python3.10/site-packages/basic_say/__init__.py
/home/user/exchange/ws/install/basic_say/lib/python3.10/site-packages/basic_say/__pycache__/start_skill.cpython-310.pyc
/home/user/exchange/ws/install/basic_say/lib/python3.10/site-packages/basic_say/__pycache__/skill_impl.cpython-310.pyc
/home/user/exchange/ws/install/basic_say/lib/python3.10/site-packages/basic_say/__pycache__/__init__.cpython-310.pyc
/home/user/exchange/ws/install/basic_say/share/basic_say/package.xml
/home/user/exchange/ws/install/basic_say/share/ament_index/resource_index/packages/basic_say
/home/user/exchange/ws/install/basic_say/share/basic_say/launch/basic_say.launch.py
/home/user/exchange/ws/install/basic_say/share/ament_index/resource_index/pal_system_module/basic_say
/home/user/exchange/ws/install/basic_say/share/basic_say/module/basic_say_module.yaml
/home/user/exchange/ws/install/basic_say/share/ament_index/resource_index/pal_configuration.basic_say/basic_say
/home/user/exchange/ws/install/basic_say/share/basic_say/config/00-defaults.yml
/home/user/exchange/ws/install/basic_say/lib/python3.10/site-packages/basic_say-0.1.0-py3.10.egg-info/SOURCES.txt
/home/user/exchange/ws/install/basic_say/lib/python3.10/site-packages/basic_say-0.1.0-py3.10.egg-info/requires.txt
/home/user/exchange/ws/install/basic_say/lib/python3.10/site-packages/basic_say-0.1.0-py3.10.egg-info/top_level.txt
/home/user/exchange/ws/install/basic_say/lib/python3.10/site-packages/basic_say-0.1.0-py3.10.egg-info/zip-safe
/home/user/exchange/ws/install/basic_say/lib/python3.10/site-packages/basic_say-0.1.0-py3.10.egg-info/PKG-INFO
/home/user/exchange/ws/install/basic_say/lib/python3.10/site-packages/basic_say-0.1.0-py3.10.egg-info/dependency_links.txt
/home/user/exchange/ws/install/basic_say/lib/python3.10/site-packages/basic_say-0.1.0-py3.10.egg-info/entry_points.txt
/home/user/exchange/ws/install/basic_say/lib/basic_say/start_skill
