[0.015s] Invoking command in '/home/user/exchange/ws/build/sample_skill_msgs': CMAKE_PREFIX_PATH=${CMAKE_PREFIX_PATH}:/home/user/exchange/ws/install/basic_say:/home/user/exchange/ws/install/emotion_mirror:/opt/pal/alum:/opt/ros/humble /usr/bin/cmake --build /home/user/exchange/ws/build/sample_skill_msgs -- -j16 -l16
[0.061s] [  3%] Built target sample_skill_msgs__cpp
[0.061s] [ 12%] Built target sample_skill_msgs__rosidl_generator_c
[0.070s] [ 12%] Built target ament_cmake_python_copy_sample_skill_msgs
[0.081s] [ 22%] Built target sample_skill_msgs__rosidl_typesupport_cpp
[0.082s] [ 32%] Built target sample_skill_msgs__rosidl_typesupport_c
[0.082s] [ 41%] Built target sample_skill_msgs__rosidl_typesupport_introspection_c
[0.084s] [ 51%] Built target sample_skill_msgs__rosidl_typesupport_fastrtps_cpp
[0.087s] [ 61%] Built target sample_skill_msgs__rosidl_typesupport_introspection_cpp
[0.091s] [ 70%] Built target sample_skill_msgs__rosidl_typesupport_fastrtps_c
[0.113s] [ 70%] Built target sample_skill_msgs
[0.135s] [ 74%] Built target sample_skill_msgs__py
[0.161s] [ 80%] Built target sample_skill_msgs__rosidl_generator_py
[0.181s] [ 87%] Built target sample_skill_msgs__rosidl_typesupport_introspection_c__pyext
[0.181s] [ 93%] Built target sample_skill_msgs__rosidl_typesupport_c__pyext
[0.182s] [100%] Built target sample_skill_msgs__rosidl_typesupport_fastrtps_c__pyext
[0.242s] running egg_info
[0.243s] writing sample_skill_msgs.egg-info/PKG-INFO
[0.243s] writing dependency_links to sample_skill_msgs.egg-info/dependency_links.txt
[0.243s] writing top-level names to sample_skill_msgs.egg-info/top_level.txt
[0.244s] reading manifest file 'sample_skill_msgs.egg-info/SOURCES.txt'
[0.244s] writing manifest file 'sample_skill_msgs.egg-info/SOURCES.txt'
[0.263s] [100%] Built target ament_cmake_python_build_sample_skill_msgs_egg
[0.273s] Invoked command in '/home/user/exchange/ws/build/sample_skill_msgs' returned '0': CMAKE_PREFIX_PATH=${CMAKE_PREFIX_PATH}:/home/user/exchange/ws/install/basic_say:/home/user/exchange/ws/install/emotion_mirror:/opt/pal/alum:/opt/ros/humble /usr/bin/cmake --build /home/user/exchange/ws/build/sample_skill_msgs -- -j16 -l16
[0.282s] Invoking command in '/home/user/exchange/ws/build/sample_skill_msgs': CMAKE_PREFIX_PATH=${CMAKE_PREFIX_PATH}:/home/user/exchange/ws/install/basic_say:/home/user/exchange/ws/install/emotion_mirror:/opt/pal/alum:/opt/ros/humble /usr/bin/cmake --install /home/user/exchange/ws/build/sample_skill_msgs
[0.288s] -- Install configuration: ""
[0.289s] -- Up-to-date: /home/user/exchange/ws/install/sample_skill_msgs/share/ament_index/resource_index/rosidl_interfaces/sample_skill_msgs
[0.289s] -- Up-to-date: /home/user/exchange/ws/install/sample_skill_msgs/include/sample_skill_msgs/sample_skill_msgs
[0.289s] -- Up-to-date: /home/user/exchange/ws/install/sample_skill_msgs/include/sample_skill_msgs/sample_skill_msgs/msg
[0.289s] -- Up-to-date: /home/user/exchange/ws/install/sample_skill_msgs/include/sample_skill_msgs/sample_skill_msgs/msg/rosidl_generator_c__visibility_control.h
[0.289s] -- Up-to-date: /home/user/exchange/ws/install/sample_skill_msgs/include/sample_skill_msgs/sample_skill_msgs/action
[0.289s] -- Up-to-date: /home/user/exchange/ws/install/sample_skill_msgs/include/sample_skill_msgs/sample_skill_msgs/action/skill_control.h
[0.289s] -- Up-to-date: /home/user/exchange/ws/install/sample_skill_msgs/include/sample_skill_msgs/sample_skill_msgs/action/detail
[0.289s] -- Up-to-date: /home/user/exchange/ws/install/sample_skill_msgs/include/sample_skill_msgs/sample_skill_msgs/action/detail/skill_control__functions.c
[0.289s] -- Up-to-date: /home/user/exchange/ws/install/sample_skill_msgs/include/sample_skill_msgs/sample_skill_msgs/action/detail/skill_control__functions.h
[0.289s] -- Up-to-date: /home/user/exchange/ws/install/sample_skill_msgs/include/sample_skill_msgs/sample_skill_msgs/action/detail/skill_control__type_support.h
[0.290s] -- Up-to-date: /home/user/exchange/ws/install/sample_skill_msgs/include/sample_skill_msgs/sample_skill_msgs/action/detail/skill_control__struct.h
[0.290s] -- Up-to-date: /home/user/exchange/ws/install/sample_skill_msgs/share/sample_skill_msgs/environment/library_path.sh
[0.290s] -- Up-to-date: /home/user/exchange/ws/install/sample_skill_msgs/share/sample_skill_msgs/environment/library_path.dsv
[0.290s] -- Up-to-date: /home/user/exchange/ws/install/sample_skill_msgs/lib/libsample_skill_msgs__rosidl_generator_c.so
[0.290s] -- Up-to-date: /home/user/exchange/ws/install/sample_skill_msgs/include/sample_skill_msgs/sample_skill_msgs
[0.290s] -- Up-to-date: /home/user/exchange/ws/install/sample_skill_msgs/include/sample_skill_msgs/sample_skill_msgs/msg
[0.290s] -- Up-to-date: /home/user/exchange/ws/install/sample_skill_msgs/include/sample_skill_msgs/sample_skill_msgs/msg/rosidl_typesupport_fastrtps_c__visibility_control.h
[0.290s] -- Up-to-date: /home/user/exchange/ws/install/sample_skill_msgs/include/sample_skill_msgs/sample_skill_msgs/action
[0.291s] -- Up-to-date: /home/user/exchange/ws/install/sample_skill_msgs/include/sample_skill_msgs/sample_skill_msgs/action/detail
[0.291s] -- Up-to-date: /home/user/exchange/ws/install/sample_skill_msgs/include/sample_skill_msgs/sample_skill_msgs/action/detail/skill_control__rosidl_typesupport_fastrtps_c.h
[0.291s] -- Up-to-date: /home/user/exchange/ws/install/sample_skill_msgs/lib/libsample_skill_msgs__rosidl_typesupport_fastrtps_c.so
[0.291s] -- Up-to-date: /home/user/exchange/ws/install/sample_skill_msgs/include/sample_skill_msgs/sample_skill_msgs
[0.291s] -- Up-to-date: /home/user/exchange/ws/install/sample_skill_msgs/include/sample_skill_msgs/sample_skill_msgs/msg
[0.291s] -- Up-to-date: /home/user/exchange/ws/install/sample_skill_msgs/include/sample_skill_msgs/sample_skill_msgs/msg/rosidl_generator_cpp__visibility_control.hpp
[0.291s] -- Up-to-date: /home/user/exchange/ws/install/sample_skill_msgs/include/sample_skill_msgs/sample_skill_msgs/action
[0.292s] -- Up-to-date: /home/user/exchange/ws/install/sample_skill_msgs/include/sample_skill_msgs/sample_skill_msgs/action/skill_control.hpp
[0.292s] -- Up-to-date: /home/user/exchange/ws/install/sample_skill_msgs/include/sample_skill_msgs/sample_skill_msgs/action/detail
[0.292s] -- Up-to-date: /home/user/exchange/ws/install/sample_skill_msgs/include/sample_skill_msgs/sample_skill_msgs/action/detail/skill_control__traits.hpp
[0.292s] -- Up-to-date: /home/user/exchange/ws/install/sample_skill_msgs/include/sample_skill_msgs/sample_skill_msgs/action/detail/skill_control__builder.hpp
[0.292s] -- Up-to-date: /home/user/exchange/ws/install/sample_skill_msgs/include/sample_skill_msgs/sample_skill_msgs/action/detail/skill_control__struct.hpp
[0.292s] -- Up-to-date: /home/user/exchange/ws/install/sample_skill_msgs/include/sample_skill_msgs/sample_skill_msgs/action/detail/skill_control__type_support.hpp
[0.292s] -- Up-to-date: /home/user/exchange/ws/install/sample_skill_msgs/include/sample_skill_msgs/sample_skill_msgs
[0.292s] -- Up-to-date: /home/user/exchange/ws/install/sample_skill_msgs/include/sample_skill_msgs/sample_skill_msgs/msg
[0.292s] -- Up-to-date: /home/user/exchange/ws/install/sample_skill_msgs/include/sample_skill_msgs/sample_skill_msgs/msg/rosidl_typesupport_fastrtps_cpp__visibility_control.h
[0.292s] -- Up-to-date: /home/user/exchange/ws/install/sample_skill_msgs/include/sample_skill_msgs/sample_skill_msgs/action
[0.293s] -- Up-to-date: /home/user/exchange/ws/install/sample_skill_msgs/include/sample_skill_msgs/sample_skill_msgs/action/detail
[0.293s] -- Up-to-date: /home/user/exchange/ws/install/sample_skill_msgs/include/sample_skill_msgs/sample_skill_msgs/action/detail/skill_control__rosidl_typesupport_fastrtps_cpp.hpp
[0.293s] -- Up-to-date: /home/user/exchange/ws/install/sample_skill_msgs/include/sample_skill_msgs/sample_skill_msgs/action/detail/dds_fastrtps
[0.293s] -- Up-to-date: /home/user/exchange/ws/install/sample_skill_msgs/lib/libsample_skill_msgs__rosidl_typesupport_fastrtps_cpp.so
[0.293s] -- Up-to-date: /home/user/exchange/ws/install/sample_skill_msgs/include/sample_skill_msgs/sample_skill_msgs
[0.293s] -- Up-to-date: /home/user/exchange/ws/install/sample_skill_msgs/include/sample_skill_msgs/sample_skill_msgs/msg
[0.293s] -- Up-to-date: /home/user/exchange/ws/install/sample_skill_msgs/include/sample_skill_msgs/sample_skill_msgs/msg/rosidl_typesupport_introspection_c__visibility_control.h
[0.293s] -- Up-to-date: /home/user/exchange/ws/install/sample_skill_msgs/include/sample_skill_msgs/sample_skill_msgs/action
[0.293s] -- Up-to-date: /home/user/exchange/ws/install/sample_skill_msgs/include/sample_skill_msgs/sample_skill_msgs/action/detail
[0.293s] -- Up-to-date: /home/user/exchange/ws/install/sample_skill_msgs/include/sample_skill_msgs/sample_skill_msgs/action/detail/skill_control__rosidl_typesupport_introspection_c.h
[0.293s] -- Up-to-date: /home/user/exchange/ws/install/sample_skill_msgs/include/sample_skill_msgs/sample_skill_msgs/action/detail/skill_control__type_support.c
[0.293s] -- Up-to-date: /home/user/exchange/ws/install/sample_skill_msgs/lib/libsample_skill_msgs__rosidl_typesupport_introspection_c.so
[0.294s] -- Up-to-date: /home/user/exchange/ws/install/sample_skill_msgs/lib/libsample_skill_msgs__rosidl_typesupport_c.so
[0.294s] -- Up-to-date: /home/user/exchange/ws/install/sample_skill_msgs/include/sample_skill_msgs/sample_skill_msgs
[0.294s] -- Up-to-date: /home/user/exchange/ws/install/sample_skill_msgs/include/sample_skill_msgs/sample_skill_msgs/action
[0.294s] -- Up-to-date: /home/user/exchange/ws/install/sample_skill_msgs/include/sample_skill_msgs/sample_skill_msgs/action/detail
[0.294s] -- Up-to-date: /home/user/exchange/ws/install/sample_skill_msgs/include/sample_skill_msgs/sample_skill_msgs/action/detail/skill_control__rosidl_typesupport_introspection_cpp.hpp
[0.294s] -- Up-to-date: /home/user/exchange/ws/install/sample_skill_msgs/include/sample_skill_msgs/sample_skill_msgs/action/detail/skill_control__type_support.cpp
[0.294s] -- Up-to-date: /home/user/exchange/ws/install/sample_skill_msgs/lib/libsample_skill_msgs__rosidl_typesupport_introspection_cpp.so
[0.294s] -- Up-to-date: /home/user/exchange/ws/install/sample_skill_msgs/lib/libsample_skill_msgs__rosidl_typesupport_cpp.so
[0.294s] -- Up-to-date: /home/user/exchange/ws/install/sample_skill_msgs/share/sample_skill_msgs/environment/pythonpath.sh
[0.294s] -- Up-to-date: /home/user/exchange/ws/install/sample_skill_msgs/share/sample_skill_msgs/environment/pythonpath.dsv
[0.294s] -- Up-to-date: /home/user/exchange/ws/install/sample_skill_msgs/local/lib/python3.10/dist-packages/sample_skill_msgs-0.1.0-py3.10.egg-info
[0.294s] -- Installing: /home/user/exchange/ws/install/sample_skill_msgs/local/lib/python3.10/dist-packages/sample_skill_msgs-0.1.0-py3.10.egg-info/SOURCES.txt
[0.295s] -- Installing: /home/user/exchange/ws/install/sample_skill_msgs/local/lib/python3.10/dist-packages/sample_skill_msgs-0.1.0-py3.10.egg-info/top_level.txt
[0.295s] -- Installing: /home/user/exchange/ws/install/sample_skill_msgs/local/lib/python3.10/dist-packages/sample_skill_msgs-0.1.0-py3.10.egg-info/PKG-INFO
[0.295s] -- Installing: /home/user/exchange/ws/install/sample_skill_msgs/local/lib/python3.10/dist-packages/sample_skill_msgs-0.1.0-py3.10.egg-info/dependency_links.txt
[0.295s] -- Up-to-date: /home/user/exchange/ws/install/sample_skill_msgs/local/lib/python3.10/dist-packages/sample_skill_msgs
[0.295s] -- Up-to-date: /home/user/exchange/ws/install/sample_skill_msgs/local/lib/python3.10/dist-packages/sample_skill_msgs/libsample_skill_msgs__rosidl_generator_py.so
[0.295s] -- Up-to-date: /home/user/exchange/ws/install/sample_skill_msgs/local/lib/python3.10/dist-packages/sample_skill_msgs/sample_skill_msgs_s__rosidl_typesupport_introspection_c.cpython-310-x86_64-linux-gnu.so
[0.296s] -- Up-to-date: /home/user/exchange/ws/install/sample_skill_msgs/local/lib/python3.10/dist-packages/sample_skill_msgs/__init__.py
[0.296s] -- Up-to-date: /home/user/exchange/ws/install/sample_skill_msgs/local/lib/python3.10/dist-packages/sample_skill_msgs/_sample_skill_msgs_s.ep.rosidl_typesupport_introspection_c.c
[0.296s] -- Up-to-date: /home/user/exchange/ws/install/sample_skill_msgs/local/lib/python3.10/dist-packages/sample_skill_msgs/sample_skill_msgs_s__rosidl_typesupport_c.cpython-310-x86_64-linux-gnu.so
[0.296s] -- Up-to-date: /home/user/exchange/ws/install/sample_skill_msgs/local/lib/python3.10/dist-packages/sample_skill_msgs/_sample_skill_msgs_s.ep.rosidl_typesupport_fastrtps_c.c
[0.296s] -- Up-to-date: /home/user/exchange/ws/install/sample_skill_msgs/local/lib/python3.10/dist-packages/sample_skill_msgs/sample_skill_msgs_s__rosidl_typesupport_fastrtps_c.cpython-310-x86_64-linux-gnu.so
[0.296s] -- Up-to-date: /home/user/exchange/ws/install/sample_skill_msgs/local/lib/python3.10/dist-packages/sample_skill_msgs/action
[0.296s] -- Up-to-date: /home/user/exchange/ws/install/sample_skill_msgs/local/lib/python3.10/dist-packages/sample_skill_msgs/action/__init__.py
[0.296s] -- Up-to-date: /home/user/exchange/ws/install/sample_skill_msgs/local/lib/python3.10/dist-packages/sample_skill_msgs/action/_skill_control.py
[0.296s] -- Up-to-date: /home/user/exchange/ws/install/sample_skill_msgs/local/lib/python3.10/dist-packages/sample_skill_msgs/action/_skill_control_s.c
[0.296s] -- Up-to-date: /home/user/exchange/ws/install/sample_skill_msgs/local/lib/python3.10/dist-packages/sample_skill_msgs/_sample_skill_msgs_s.ep.rosidl_typesupport_c.c
[0.320s] Listing '/home/user/exchange/ws/install/sample_skill_msgs/local/lib/python3.10/dist-packages/sample_skill_msgs'...
[0.320s] Listing '/home/user/exchange/ws/install/sample_skill_msgs/local/lib/python3.10/dist-packages/sample_skill_msgs/action'...
[0.323s] -- Up-to-date: /home/user/exchange/ws/install/sample_skill_msgs/local/lib/python3.10/dist-packages/sample_skill_msgs/sample_skill_msgs_s__rosidl_typesupport_fastrtps_c.cpython-310-x86_64-linux-gnu.so
[0.323s] -- Up-to-date: /home/user/exchange/ws/install/sample_skill_msgs/local/lib/python3.10/dist-packages/sample_skill_msgs/sample_skill_msgs_s__rosidl_typesupport_introspection_c.cpython-310-x86_64-linux-gnu.so
[0.324s] -- Up-to-date: /home/user/exchange/ws/install/sample_skill_msgs/local/lib/python3.10/dist-packages/sample_skill_msgs/sample_skill_msgs_s__rosidl_typesupport_c.cpython-310-x86_64-linux-gnu.so
[0.324s] -- Up-to-date: /home/user/exchange/ws/install/sample_skill_msgs/lib/libsample_skill_msgs__rosidl_generator_py.so
[0.324s] -- Up-to-date: /home/user/exchange/ws/install/sample_skill_msgs/share/sample_skill_msgs/action/SkillControl.idl
[0.324s] -- Up-to-date: /home/user/exchange/ws/install/sample_skill_msgs/share/sample_skill_msgs/action/SkillControl.action
[0.324s] -- Up-to-date: /home/user/exchange/ws/install/sample_skill_msgs/share/ament_index/resource_index/package_run_dependencies/sample_skill_msgs
[0.324s] -- Up-to-date: /home/user/exchange/ws/install/sample_skill_msgs/share/ament_index/resource_index/parent_prefix_path/sample_skill_msgs
[0.324s] -- Up-to-date: /home/user/exchange/ws/install/sample_skill_msgs/share/sample_skill_msgs/environment/ament_prefix_path.sh
[0.325s] -- Up-to-date: /home/user/exchange/ws/install/sample_skill_msgs/share/sample_skill_msgs/environment/ament_prefix_path.dsv
[0.325s] -- Up-to-date: /home/user/exchange/ws/install/sample_skill_msgs/share/sample_skill_msgs/environment/path.sh
[0.325s] -- Up-to-date: /home/user/exchange/ws/install/sample_skill_msgs/share/sample_skill_msgs/environment/path.dsv
[0.325s] -- Up-to-date: /home/user/exchange/ws/install/sample_skill_msgs/share/sample_skill_msgs/local_setup.bash
[0.325s] -- Up-to-date: /home/user/exchange/ws/install/sample_skill_msgs/share/sample_skill_msgs/local_setup.sh
[0.325s] -- Up-to-date: /home/user/exchange/ws/install/sample_skill_msgs/share/sample_skill_msgs/local_setup.zsh
[0.325s] -- Up-to-date: /home/user/exchange/ws/install/sample_skill_msgs/share/sample_skill_msgs/local_setup.dsv
[0.325s] -- Installing: /home/user/exchange/ws/install/sample_skill_msgs/share/sample_skill_msgs/package.dsv
[0.326s] -- Up-to-date: /home/user/exchange/ws/install/sample_skill_msgs/share/ament_index/resource_index/packages/sample_skill_msgs
[0.326s] -- Up-to-date: /home/user/exchange/ws/install/sample_skill_msgs/share/sample_skill_msgs/cmake/export_sample_skill_msgs__rosidl_generator_cExport.cmake
[0.326s] -- Up-to-date: /home/user/exchange/ws/install/sample_skill_msgs/share/sample_skill_msgs/cmake/export_sample_skill_msgs__rosidl_generator_cExport-noconfig.cmake
[0.326s] -- Up-to-date: /home/user/exchange/ws/install/sample_skill_msgs/share/sample_skill_msgs/cmake/export_sample_skill_msgs__rosidl_typesupport_fastrtps_cExport.cmake
[0.326s] -- Up-to-date: /home/user/exchange/ws/install/sample_skill_msgs/share/sample_skill_msgs/cmake/export_sample_skill_msgs__rosidl_typesupport_fastrtps_cExport-noconfig.cmake
[0.327s] -- Up-to-date: /home/user/exchange/ws/install/sample_skill_msgs/share/sample_skill_msgs/cmake/export_sample_skill_msgs__rosidl_generator_cppExport.cmake
[0.327s] -- Up-to-date: /home/user/exchange/ws/install/sample_skill_msgs/share/sample_skill_msgs/cmake/export_sample_skill_msgs__rosidl_typesupport_fastrtps_cppExport.cmake
[0.327s] -- Up-to-date: /home/user/exchange/ws/install/sample_skill_msgs/share/sample_skill_msgs/cmake/export_sample_skill_msgs__rosidl_typesupport_fastrtps_cppExport-noconfig.cmake
[0.327s] -- Up-to-date: /home/user/exchange/ws/install/sample_skill_msgs/share/sample_skill_msgs/cmake/sample_skill_msgs__rosidl_typesupport_introspection_cExport.cmake
[0.327s] -- Up-to-date: /home/user/exchange/ws/install/sample_skill_msgs/share/sample_skill_msgs/cmake/sample_skill_msgs__rosidl_typesupport_introspection_cExport-noconfig.cmake
[0.327s] -- Up-to-date: /home/user/exchange/ws/install/sample_skill_msgs/share/sample_skill_msgs/cmake/sample_skill_msgs__rosidl_typesupport_cExport.cmake
[0.328s] -- Up-to-date: /home/user/exchange/ws/install/sample_skill_msgs/share/sample_skill_msgs/cmake/sample_skill_msgs__rosidl_typesupport_cExport-noconfig.cmake
[0.328s] -- Up-to-date: /home/user/exchange/ws/install/sample_skill_msgs/share/sample_skill_msgs/cmake/sample_skill_msgs__rosidl_typesupport_introspection_cppExport.cmake
[0.328s] -- Up-to-date: /home/user/exchange/ws/install/sample_skill_msgs/share/sample_skill_msgs/cmake/sample_skill_msgs__rosidl_typesupport_introspection_cppExport-noconfig.cmake
[0.328s] -- Up-to-date: /home/user/exchange/ws/install/sample_skill_msgs/share/sample_skill_msgs/cmake/sample_skill_msgs__rosidl_typesupport_cppExport.cmake
[0.328s] -- Up-to-date: /home/user/exchange/ws/install/sample_skill_msgs/share/sample_skill_msgs/cmake/sample_skill_msgs__rosidl_typesupport_cppExport-noconfig.cmake
[0.328s] -- Up-to-date: /home/user/exchange/ws/install/sample_skill_msgs/share/sample_skill_msgs/cmake/export_sample_skill_msgs__rosidl_generator_pyExport.cmake
[0.328s] -- Up-to-date: /home/user/exchange/ws/install/sample_skill_msgs/share/sample_skill_msgs/cmake/export_sample_skill_msgs__rosidl_generator_pyExport-noconfig.cmake
[0.328s] -- Up-to-date: /home/user/exchange/ws/install/sample_skill_msgs/share/sample_skill_msgs/cmake/rosidl_cmake-extras.cmake
[0.328s] -- Up-to-date: /home/user/exchange/ws/install/sample_skill_msgs/share/sample_skill_msgs/cmake/ament_cmake_export_dependencies-extras.cmake
[0.328s] -- Up-to-date: /home/user/exchange/ws/install/sample_skill_msgs/share/sample_skill_msgs/cmake/ament_cmake_export_include_directories-extras.cmake
[0.328s] -- Up-to-date: /home/user/exchange/ws/install/sample_skill_msgs/share/sample_skill_msgs/cmake/ament_cmake_export_libraries-extras.cmake
[0.328s] -- Up-to-date: /home/user/exchange/ws/install/sample_skill_msgs/share/sample_skill_msgs/cmake/ament_cmake_export_targets-extras.cmake
[0.328s] -- Up-to-date: /home/user/exchange/ws/install/sample_skill_msgs/share/sample_skill_msgs/cmake/rosidl_cmake_export_typesupport_targets-extras.cmake
[0.328s] -- Up-to-date: /home/user/exchange/ws/install/sample_skill_msgs/share/sample_skill_msgs/cmake/rosidl_cmake_export_typesupport_libraries-extras.cmake
[0.328s] -- Up-to-date: /home/user/exchange/ws/install/sample_skill_msgs/share/sample_skill_msgs/cmake/sample_skill_msgsConfig.cmake
[0.328s] -- Up-to-date: /home/user/exchange/ws/install/sample_skill_msgs/share/sample_skill_msgs/cmake/sample_skill_msgsConfig-version.cmake
[0.328s] -- Up-to-date: /home/user/exchange/ws/install/sample_skill_msgs/share/sample_skill_msgs/package.xml
[0.330s] Invoked command in '/home/user/exchange/ws/build/sample_skill_msgs' returned '0': CMAKE_PREFIX_PATH=${CMAKE_PREFIX_PATH}:/home/user/exchange/ws/install/basic_say:/home/user/exchange/ws/install/emotion_mirror:/opt/pal/alum:/opt/ros/humble /usr/bin/cmake --install /home/user/exchange/ws/build/sample_skill_msgs
