/home/user/exchange/ws/install/chatbot/lib/python3.10/site-packages/chatbot/start_node.py
/home/user/exchange/ws/install/chatbot/lib/python3.10/site-packages/chatbot/__init__.py
/home/user/exchange/ws/install/chatbot/lib/python3.10/site-packages/chatbot/node_impl.py
/home/user/exchange/ws/install/chatbot/lib/python3.10/site-packages/chatbot/__pycache__/start_node.cpython-310.pyc
/home/user/exchange/ws/install/chatbot/lib/python3.10/site-packages/chatbot/__pycache__/__init__.cpython-310.pyc
/home/user/exchange/ws/install/chatbot/lib/python3.10/site-packages/chatbot/__pycache__/node_impl.cpython-310.pyc
/home/user/exchange/ws/install/chatbot/share/chatbot/package.xml
/home/user/exchange/ws/install/chatbot/share/ament_index/resource_index/packages/chatbot
/home/user/exchange/ws/install/chatbot/share/chatbot/launch/chatbot.launch.py
/home/user/exchange/ws/install/chatbot/share/ament_index/resource_index/pal_system_module/chatbot
/home/user/exchange/ws/install/chatbot/share/chatbot/module/chatbot_module.yaml
/home/user/exchange/ws/install/chatbot/share/ament_index/resource_index/pal_configuration.chatbot/chatbot
/home/user/exchange/ws/install/chatbot/share/chatbot/config/00-defaults.yml
/home/user/exchange/ws/install/chatbot/lib/python3.10/site-packages/chatbot-0.1.0-py3.10.egg-info/SOURCES.txt
/home/user/exchange/ws/install/chatbot/lib/python3.10/site-packages/chatbot-0.1.0-py3.10.egg-info/requires.txt
/home/user/exchange/ws/install/chatbot/lib/python3.10/site-packages/chatbot-0.1.0-py3.10.egg-info/top_level.txt
/home/user/exchange/ws/install/chatbot/lib/python3.10/site-packages/chatbot-0.1.0-py3.10.egg-info/zip-safe
/home/user/exchange/ws/install/chatbot/lib/python3.10/site-packages/chatbot-0.1.0-py3.10.egg-info/PKG-INFO
/home/user/exchange/ws/install/chatbot/lib/python3.10/site-packages/chatbot-0.1.0-py3.10.egg-info/dependency_links.txt
/home/user/exchange/ws/install/chatbot/lib/python3.10/site-packages/chatbot-0.1.0-py3.10.egg-info/entry_points.txt
/home/user/exchange/ws/install/chatbot/lib/chatbot/start_node
