[35m[1mConsolidate compiler generated dependencies of target sample_skill_msgs__rosidl_generator_c[0m
[  3%] Built target sample_skill_msgs__cpp
[35m[1mConsolidate compiler generated dependencies of target sample_skill_msgs__rosidl_typesupport_introspection_cpp[0m
[35m[1mConsolidate compiler generated dependencies of target sample_skill_msgs__rosidl_typesupport_cpp[0m
[  3%] Built target ament_cmake_python_copy_sample_skill_msgs
[ 12%] Built target sample_skill_msgs__rosidl_generator_c
[35m[1mConsolidate compiler generated dependencies of target sample_skill_msgs__rosidl_typesupport_fastrtps_cpp[0m
[35m[1mConsolidate compiler generated dependencies of target sample_skill_msgs__rosidl_typesupport_c[0m
[35m[1mConsolidate compiler generated dependencies of target sample_skill_msgs__rosidl_typesupport_introspection_c[0m
[35m[1mConsolidate compiler generated dependencies of target sample_skill_msgs__rosidl_typesupport_fastrtps_c[0m
[ 22%] Built target sample_skill_msgs__rosidl_typesupport_introspection_cpp
[ 32%] Built target sample_skill_msgs__rosidl_typesupport_cpp
[ 41%] Built target sample_skill_msgs__rosidl_typesupport_fastrtps_cpp
[ 45%] [32mBuilding CXX object CMakeFiles/sample_skill_msgs__rosidl_typesupport_c.dir/rosidl_typesupport_c/sample_skill_msgs/action/skill_control__type_support.cpp.o[0m
[ 48%] [32mBuilding C object CMakeFiles/sample_skill_msgs__rosidl_typesupport_introspection_c.dir/rosidl_typesupport_introspection_c/sample_skill_msgs/action/detail/skill_control__type_support.c.o[0m
[ 51%] [32mBuilding CXX object CMakeFiles/sample_skill_msgs__rosidl_typesupport_fastrtps_c.dir/rosidl_typesupport_fastrtps_c/sample_skill_msgs/action/detail/skill_control__type_support_c.cpp.o[0m
[ 54%] [32m[1mLinking CXX shared library libsample_skill_msgs__rosidl_typesupport_c.so[0m
[ 58%] [32m[1mLinking C shared library libsample_skill_msgs__rosidl_typesupport_introspection_c.so[0m
running egg_info
writing sample_skill_msgs.egg-info/PKG-INFO
writing dependency_links to sample_skill_msgs.egg-info/dependency_links.txt
writing top-level names to sample_skill_msgs.egg-info/top_level.txt
reading manifest file 'sample_skill_msgs.egg-info/SOURCES.txt'
writing manifest file 'sample_skill_msgs.egg-info/SOURCES.txt'
[ 61%] Built target sample_skill_msgs__rosidl_typesupport_introspection_c
[ 64%] Built target sample_skill_msgs__rosidl_typesupport_c
[ 64%] Built target ament_cmake_python_build_sample_skill_msgs_egg
[ 67%] [32m[1mLinking CXX shared library libsample_skill_msgs__rosidl_typesupport_fastrtps_c.so[0m
[ 70%] Built target sample_skill_msgs__rosidl_typesupport_fastrtps_c
[ 70%] Built target sample_skill_msgs
[ 74%] Built target sample_skill_msgs__py
[35m[1mConsolidate compiler generated dependencies of target sample_skill_msgs__rosidl_generator_py[0m
[ 77%] [32m[1mLinking C shared library rosidl_generator_py/sample_skill_msgs/libsample_skill_msgs__rosidl_generator_py.so[0m
[ 80%] Built target sample_skill_msgs__rosidl_generator_py
[35m[1mConsolidate compiler generated dependencies of target sample_skill_msgs__rosidl_typesupport_c__pyext[0m
[35m[1mConsolidate compiler generated dependencies of target sample_skill_msgs__rosidl_typesupport_fastrtps_c__pyext[0m
[35m[1mConsolidate compiler generated dependencies of target sample_skill_msgs__rosidl_typesupport_introspection_c__pyext[0m
[ 90%] [32m[1mLinking C shared library rosidl_generator_py/sample_skill_msgs/sample_skill_msgs_s__rosidl_typesupport_c.cpython-310-x86_64-linux-gnu.so[0m
[ 90%] [32m[1mLinking C shared library rosidl_generator_py/sample_skill_msgs/sample_skill_msgs_s__rosidl_typesupport_introspection_c.cpython-310-x86_64-linux-gnu.so[0m
[ 90%] [32m[1mLinking C shared library rosidl_generator_py/sample_skill_msgs/sample_skill_msgs_s__rosidl_typesupport_fastrtps_c.cpython-310-x86_64-linux-gnu.so[0m
[100%] Built target sample_skill_msgs__rosidl_typesupport_introspection_c__pyext
[100%] Built target sample_skill_msgs__rosidl_typesupport_fastrtps_c__pyext
[100%] Built target sample_skill_msgs__rosidl_typesupport_c__pyext
-- Install configuration: ""
-- Up-to-date: /home/user/exchange/ws/install/sample_skill_msgs/share/ament_index/resource_index/rosidl_interfaces/sample_skill_msgs
-- Up-to-date: /home/user/exchange/ws/install/sample_skill_msgs/include/sample_skill_msgs/sample_skill_msgs
-- Up-to-date: /home/user/exchange/ws/install/sample_skill_msgs/include/sample_skill_msgs/sample_skill_msgs/msg
-- Up-to-date: /home/user/exchange/ws/install/sample_skill_msgs/include/sample_skill_msgs/sample_skill_msgs/msg/rosidl_generator_c__visibility_control.h
-- Up-to-date: /home/user/exchange/ws/install/sample_skill_msgs/include/sample_skill_msgs/sample_skill_msgs/action
-- Up-to-date: /home/user/exchange/ws/install/sample_skill_msgs/include/sample_skill_msgs/sample_skill_msgs/action/skill_control.h
-- Up-to-date: /home/user/exchange/ws/install/sample_skill_msgs/include/sample_skill_msgs/sample_skill_msgs/action/detail
-- Up-to-date: /home/user/exchange/ws/install/sample_skill_msgs/include/sample_skill_msgs/sample_skill_msgs/action/detail/skill_control__functions.c
-- Up-to-date: /home/user/exchange/ws/install/sample_skill_msgs/include/sample_skill_msgs/sample_skill_msgs/action/detail/skill_control__functions.h
-- Up-to-date: /home/user/exchange/ws/install/sample_skill_msgs/include/sample_skill_msgs/sample_skill_msgs/action/detail/skill_control__type_support.h
-- Up-to-date: /home/user/exchange/ws/install/sample_skill_msgs/include/sample_skill_msgs/sample_skill_msgs/action/detail/skill_control__struct.h
-- Up-to-date: /home/user/exchange/ws/install/sample_skill_msgs/share/sample_skill_msgs/environment/library_path.sh
-- Up-to-date: /home/user/exchange/ws/install/sample_skill_msgs/share/sample_skill_msgs/environment/library_path.dsv
-- Up-to-date: /home/user/exchange/ws/install/sample_skill_msgs/lib/libsample_skill_msgs__rosidl_generator_c.so
-- Up-to-date: /home/user/exchange/ws/install/sample_skill_msgs/include/sample_skill_msgs/sample_skill_msgs
-- Up-to-date: /home/user/exchange/ws/install/sample_skill_msgs/include/sample_skill_msgs/sample_skill_msgs/msg
-- Up-to-date: /home/user/exchange/ws/install/sample_skill_msgs/include/sample_skill_msgs/sample_skill_msgs/msg/rosidl_typesupport_fastrtps_c__visibility_control.h
-- Up-to-date: /home/user/exchange/ws/install/sample_skill_msgs/include/sample_skill_msgs/sample_skill_msgs/action
-- Up-to-date: /home/user/exchange/ws/install/sample_skill_msgs/include/sample_skill_msgs/sample_skill_msgs/action/detail
-- Up-to-date: /home/user/exchange/ws/install/sample_skill_msgs/include/sample_skill_msgs/sample_skill_msgs/action/detail/skill_control__rosidl_typesupport_fastrtps_c.h
-- Installing: /home/user/exchange/ws/install/sample_skill_msgs/lib/libsample_skill_msgs__rosidl_typesupport_fastrtps_c.so
-- Set runtime path of "/home/user/exchange/ws/install/sample_skill_msgs/lib/libsample_skill_msgs__rosidl_typesupport_fastrtps_c.so" to ""
-- Up-to-date: /home/user/exchange/ws/install/sample_skill_msgs/include/sample_skill_msgs/sample_skill_msgs
-- Up-to-date: /home/user/exchange/ws/install/sample_skill_msgs/include/sample_skill_msgs/sample_skill_msgs/msg
-- Up-to-date: /home/user/exchange/ws/install/sample_skill_msgs/include/sample_skill_msgs/sample_skill_msgs/msg/rosidl_generator_cpp__visibility_control.hpp
-- Up-to-date: /home/user/exchange/ws/install/sample_skill_msgs/include/sample_skill_msgs/sample_skill_msgs/action
-- Up-to-date: /home/user/exchange/ws/install/sample_skill_msgs/include/sample_skill_msgs/sample_skill_msgs/action/skill_control.hpp
-- Up-to-date: /home/user/exchange/ws/install/sample_skill_msgs/include/sample_skill_msgs/sample_skill_msgs/action/detail
-- Up-to-date: /home/user/exchange/ws/install/sample_skill_msgs/include/sample_skill_msgs/sample_skill_msgs/action/detail/skill_control__traits.hpp
-- Up-to-date: /home/user/exchange/ws/install/sample_skill_msgs/include/sample_skill_msgs/sample_skill_msgs/action/detail/skill_control__builder.hpp
-- Up-to-date: /home/user/exchange/ws/install/sample_skill_msgs/include/sample_skill_msgs/sample_skill_msgs/action/detail/skill_control__struct.hpp
-- Up-to-date: /home/user/exchange/ws/install/sample_skill_msgs/include/sample_skill_msgs/sample_skill_msgs/action/detail/skill_control__type_support.hpp
-- Up-to-date: /home/user/exchange/ws/install/sample_skill_msgs/include/sample_skill_msgs/sample_skill_msgs
-- Up-to-date: /home/user/exchange/ws/install/sample_skill_msgs/include/sample_skill_msgs/sample_skill_msgs/msg
-- Up-to-date: /home/user/exchange/ws/install/sample_skill_msgs/include/sample_skill_msgs/sample_skill_msgs/msg/rosidl_typesupport_fastrtps_cpp__visibility_control.h
-- Up-to-date: /home/user/exchange/ws/install/sample_skill_msgs/include/sample_skill_msgs/sample_skill_msgs/action
-- Up-to-date: /home/user/exchange/ws/install/sample_skill_msgs/include/sample_skill_msgs/sample_skill_msgs/action/detail
-- Up-to-date: /home/user/exchange/ws/install/sample_skill_msgs/include/sample_skill_msgs/sample_skill_msgs/action/detail/skill_control__rosidl_typesupport_fastrtps_cpp.hpp
-- Up-to-date: /home/user/exchange/ws/install/sample_skill_msgs/include/sample_skill_msgs/sample_skill_msgs/action/detail/dds_fastrtps
-- Up-to-date: /home/user/exchange/ws/install/sample_skill_msgs/lib/libsample_skill_msgs__rosidl_typesupport_fastrtps_cpp.so
-- Up-to-date: /home/user/exchange/ws/install/sample_skill_msgs/include/sample_skill_msgs/sample_skill_msgs
-- Up-to-date: /home/user/exchange/ws/install/sample_skill_msgs/include/sample_skill_msgs/sample_skill_msgs/msg
-- Up-to-date: /home/user/exchange/ws/install/sample_skill_msgs/include/sample_skill_msgs/sample_skill_msgs/msg/rosidl_typesupport_introspection_c__visibility_control.h
-- Up-to-date: /home/user/exchange/ws/install/sample_skill_msgs/include/sample_skill_msgs/sample_skill_msgs/action
-- Up-to-date: /home/user/exchange/ws/install/sample_skill_msgs/include/sample_skill_msgs/sample_skill_msgs/action/detail
-- Up-to-date: /home/user/exchange/ws/install/sample_skill_msgs/include/sample_skill_msgs/sample_skill_msgs/action/detail/skill_control__rosidl_typesupport_introspection_c.h
-- Installing: /home/user/exchange/ws/install/sample_skill_msgs/include/sample_skill_msgs/sample_skill_msgs/action/detail/skill_control__type_support.c
-- Installing: /home/user/exchange/ws/install/sample_skill_msgs/lib/libsample_skill_msgs__rosidl_typesupport_introspection_c.so
-- Set runtime path of "/home/user/exchange/ws/install/sample_skill_msgs/lib/libsample_skill_msgs__rosidl_typesupport_introspection_c.so" to ""
-- Installing: /home/user/exchange/ws/install/sample_skill_msgs/lib/libsample_skill_msgs__rosidl_typesupport_c.so
-- Set runtime path of "/home/user/exchange/ws/install/sample_skill_msgs/lib/libsample_skill_msgs__rosidl_typesupport_c.so" to ""
-- Up-to-date: /home/user/exchange/ws/install/sample_skill_msgs/include/sample_skill_msgs/sample_skill_msgs
-- Up-to-date: /home/user/exchange/ws/install/sample_skill_msgs/include/sample_skill_msgs/sample_skill_msgs/action
-- Up-to-date: /home/user/exchange/ws/install/sample_skill_msgs/include/sample_skill_msgs/sample_skill_msgs/action/detail
-- Up-to-date: /home/user/exchange/ws/install/sample_skill_msgs/include/sample_skill_msgs/sample_skill_msgs/action/detail/skill_control__rosidl_typesupport_introspection_cpp.hpp
-- Up-to-date: /home/user/exchange/ws/install/sample_skill_msgs/include/sample_skill_msgs/sample_skill_msgs/action/detail/skill_control__type_support.cpp
-- Up-to-date: /home/user/exchange/ws/install/sample_skill_msgs/lib/libsample_skill_msgs__rosidl_typesupport_introspection_cpp.so
-- Up-to-date: /home/user/exchange/ws/install/sample_skill_msgs/lib/libsample_skill_msgs__rosidl_typesupport_cpp.so
-- Up-to-date: /home/user/exchange/ws/install/sample_skill_msgs/share/sample_skill_msgs/environment/pythonpath.sh
-- Up-to-date: /home/user/exchange/ws/install/sample_skill_msgs/share/sample_skill_msgs/environment/pythonpath.dsv
-- Up-to-date: /home/user/exchange/ws/install/sample_skill_msgs/local/lib/python3.10/dist-packages/sample_skill_msgs-0.1.0-py3.10.egg-info
-- Installing: /home/user/exchange/ws/install/sample_skill_msgs/local/lib/python3.10/dist-packages/sample_skill_msgs-0.1.0-py3.10.egg-info/SOURCES.txt
-- Installing: /home/user/exchange/ws/install/sample_skill_msgs/local/lib/python3.10/dist-packages/sample_skill_msgs-0.1.0-py3.10.egg-info/top_level.txt
-- Installing: /home/user/exchange/ws/install/sample_skill_msgs/local/lib/python3.10/dist-packages/sample_skill_msgs-0.1.0-py3.10.egg-info/PKG-INFO
-- Installing: /home/user/exchange/ws/install/sample_skill_msgs/local/lib/python3.10/dist-packages/sample_skill_msgs-0.1.0-py3.10.egg-info/dependency_links.txt
-- Up-to-date: /home/user/exchange/ws/install/sample_skill_msgs/local/lib/python3.10/dist-packages/sample_skill_msgs
-- Installing: /home/user/exchange/ws/install/sample_skill_msgs/local/lib/python3.10/dist-packages/sample_skill_msgs/libsample_skill_msgs__rosidl_generator_py.so
-- Installing: /home/user/exchange/ws/install/sample_skill_msgs/local/lib/python3.10/dist-packages/sample_skill_msgs/sample_skill_msgs_s__rosidl_typesupport_introspection_c.cpython-310-x86_64-linux-gnu.so
-- Up-to-date: /home/user/exchange/ws/install/sample_skill_msgs/local/lib/python3.10/dist-packages/sample_skill_msgs/__init__.py
-- Up-to-date: /home/user/exchange/ws/install/sample_skill_msgs/local/lib/python3.10/dist-packages/sample_skill_msgs/_sample_skill_msgs_s.ep.rosidl_typesupport_introspection_c.c
-- Installing: /home/user/exchange/ws/install/sample_skill_msgs/local/lib/python3.10/dist-packages/sample_skill_msgs/sample_skill_msgs_s__rosidl_typesupport_c.cpython-310-x86_64-linux-gnu.so
-- Up-to-date: /home/user/exchange/ws/install/sample_skill_msgs/local/lib/python3.10/dist-packages/sample_skill_msgs/_sample_skill_msgs_s.ep.rosidl_typesupport_fastrtps_c.c
-- Installing: /home/user/exchange/ws/install/sample_skill_msgs/local/lib/python3.10/dist-packages/sample_skill_msgs/sample_skill_msgs_s__rosidl_typesupport_fastrtps_c.cpython-310-x86_64-linux-gnu.so
-- Up-to-date: /home/user/exchange/ws/install/sample_skill_msgs/local/lib/python3.10/dist-packages/sample_skill_msgs/action
-- Up-to-date: /home/user/exchange/ws/install/sample_skill_msgs/local/lib/python3.10/dist-packages/sample_skill_msgs/action/__init__.py
-- Up-to-date: /home/user/exchange/ws/install/sample_skill_msgs/local/lib/python3.10/dist-packages/sample_skill_msgs/action/_skill_control.py
-- Up-to-date: /home/user/exchange/ws/install/sample_skill_msgs/local/lib/python3.10/dist-packages/sample_skill_msgs/action/_skill_control_s.c
-- Up-to-date: /home/user/exchange/ws/install/sample_skill_msgs/local/lib/python3.10/dist-packages/sample_skill_msgs/_sample_skill_msgs_s.ep.rosidl_typesupport_c.c
Listing '/home/user/exchange/ws/install/sample_skill_msgs/local/lib/python3.10/dist-packages/sample_skill_msgs'...
Listing '/home/user/exchange/ws/install/sample_skill_msgs/local/lib/python3.10/dist-packages/sample_skill_msgs/action'...
-- Installing: /home/user/exchange/ws/install/sample_skill_msgs/local/lib/python3.10/dist-packages/sample_skill_msgs/sample_skill_msgs_s__rosidl_typesupport_fastrtps_c.cpython-310-x86_64-linux-gnu.so
-- Set runtime path of "/home/user/exchange/ws/install/sample_skill_msgs/local/lib/python3.10/dist-packages/sample_skill_msgs/sample_skill_msgs_s__rosidl_typesupport_fastrtps_c.cpython-310-x86_64-linux-gnu.so" to ""
-- Installing: /home/user/exchange/ws/install/sample_skill_msgs/local/lib/python3.10/dist-packages/sample_skill_msgs/sample_skill_msgs_s__rosidl_typesupport_introspection_c.cpython-310-x86_64-linux-gnu.so
-- Set runtime path of "/home/user/exchange/ws/install/sample_skill_msgs/local/lib/python3.10/dist-packages/sample_skill_msgs/sample_skill_msgs_s__rosidl_typesupport_introspection_c.cpython-310-x86_64-linux-gnu.so" to ""
-- Installing: /home/user/exchange/ws/install/sample_skill_msgs/local/lib/python3.10/dist-packages/sample_skill_msgs/sample_skill_msgs_s__rosidl_typesupport_c.cpython-310-x86_64-linux-gnu.so
-- Set runtime path of "/home/user/exchange/ws/install/sample_skill_msgs/local/lib/python3.10/dist-packages/sample_skill_msgs/sample_skill_msgs_s__rosidl_typesupport_c.cpython-310-x86_64-linux-gnu.so" to ""
-- Installing: /home/user/exchange/ws/install/sample_skill_msgs/lib/libsample_skill_msgs__rosidl_generator_py.so
-- Set runtime path of "/home/user/exchange/ws/install/sample_skill_msgs/lib/libsample_skill_msgs__rosidl_generator_py.so" to ""
-- Up-to-date: /home/user/exchange/ws/install/sample_skill_msgs/share/sample_skill_msgs/action/SkillControl.idl
-- Up-to-date: /home/user/exchange/ws/install/sample_skill_msgs/share/sample_skill_msgs/action/SkillControl.action
-- Up-to-date: /home/user/exchange/ws/install/sample_skill_msgs/share/ament_index/resource_index/package_run_dependencies/sample_skill_msgs
-- Up-to-date: /home/user/exchange/ws/install/sample_skill_msgs/share/ament_index/resource_index/parent_prefix_path/sample_skill_msgs
-- Up-to-date: /home/user/exchange/ws/install/sample_skill_msgs/share/sample_skill_msgs/environment/ament_prefix_path.sh
-- Up-to-date: /home/user/exchange/ws/install/sample_skill_msgs/share/sample_skill_msgs/environment/ament_prefix_path.dsv
-- Up-to-date: /home/user/exchange/ws/install/sample_skill_msgs/share/sample_skill_msgs/environment/path.sh
-- Up-to-date: /home/user/exchange/ws/install/sample_skill_msgs/share/sample_skill_msgs/environment/path.dsv
-- Up-to-date: /home/user/exchange/ws/install/sample_skill_msgs/share/sample_skill_msgs/local_setup.bash
-- Up-to-date: /home/user/exchange/ws/install/sample_skill_msgs/share/sample_skill_msgs/local_setup.sh
-- Up-to-date: /home/user/exchange/ws/install/sample_skill_msgs/share/sample_skill_msgs/local_setup.zsh
-- Up-to-date: /home/user/exchange/ws/install/sample_skill_msgs/share/sample_skill_msgs/local_setup.dsv
-- Installing: /home/user/exchange/ws/install/sample_skill_msgs/share/sample_skill_msgs/package.dsv
-- Up-to-date: /home/user/exchange/ws/install/sample_skill_msgs/share/ament_index/resource_index/packages/sample_skill_msgs
-- Up-to-date: /home/user/exchange/ws/install/sample_skill_msgs/share/sample_skill_msgs/cmake/export_sample_skill_msgs__rosidl_generator_cExport.cmake
-- Up-to-date: /home/user/exchange/ws/install/sample_skill_msgs/share/sample_skill_msgs/cmake/export_sample_skill_msgs__rosidl_generator_cExport-noconfig.cmake
-- Up-to-date: /home/user/exchange/ws/install/sample_skill_msgs/share/sample_skill_msgs/cmake/export_sample_skill_msgs__rosidl_typesupport_fastrtps_cExport.cmake
-- Up-to-date: /home/user/exchange/ws/install/sample_skill_msgs/share/sample_skill_msgs/cmake/export_sample_skill_msgs__rosidl_typesupport_fastrtps_cExport-noconfig.cmake
-- Up-to-date: /home/user/exchange/ws/install/sample_skill_msgs/share/sample_skill_msgs/cmake/export_sample_skill_msgs__rosidl_generator_cppExport.cmake
-- Up-to-date: /home/user/exchange/ws/install/sample_skill_msgs/share/sample_skill_msgs/cmake/export_sample_skill_msgs__rosidl_typesupport_fastrtps_cppExport.cmake
-- Up-to-date: /home/user/exchange/ws/install/sample_skill_msgs/share/sample_skill_msgs/cmake/export_sample_skill_msgs__rosidl_typesupport_fastrtps_cppExport-noconfig.cmake
-- Up-to-date: /home/user/exchange/ws/install/sample_skill_msgs/share/sample_skill_msgs/cmake/sample_skill_msgs__rosidl_typesupport_introspection_cExport.cmake
-- Up-to-date: /home/user/exchange/ws/install/sample_skill_msgs/share/sample_skill_msgs/cmake/sample_skill_msgs__rosidl_typesupport_introspection_cExport-noconfig.cmake
-- Up-to-date: /home/user/exchange/ws/install/sample_skill_msgs/share/sample_skill_msgs/cmake/sample_skill_msgs__rosidl_typesupport_cExport.cmake
-- Up-to-date: /home/user/exchange/ws/install/sample_skill_msgs/share/sample_skill_msgs/cmake/sample_skill_msgs__rosidl_typesupport_cExport-noconfig.cmake
-- Up-to-date: /home/user/exchange/ws/install/sample_skill_msgs/share/sample_skill_msgs/cmake/sample_skill_msgs__rosidl_typesupport_introspection_cppExport.cmake
-- Up-to-date: /home/user/exchange/ws/install/sample_skill_msgs/share/sample_skill_msgs/cmake/sample_skill_msgs__rosidl_typesupport_introspection_cppExport-noconfig.cmake
-- Up-to-date: /home/user/exchange/ws/install/sample_skill_msgs/share/sample_skill_msgs/cmake/sample_skill_msgs__rosidl_typesupport_cppExport.cmake
-- Up-to-date: /home/user/exchange/ws/install/sample_skill_msgs/share/sample_skill_msgs/cmake/sample_skill_msgs__rosidl_typesupport_cppExport-noconfig.cmake
-- Up-to-date: /home/user/exchange/ws/install/sample_skill_msgs/share/sample_skill_msgs/cmake/export_sample_skill_msgs__rosidl_generator_pyExport.cmake
-- Up-to-date: /home/user/exchange/ws/install/sample_skill_msgs/share/sample_skill_msgs/cmake/export_sample_skill_msgs__rosidl_generator_pyExport-noconfig.cmake
-- Up-to-date: /home/user/exchange/ws/install/sample_skill_msgs/share/sample_skill_msgs/cmake/rosidl_cmake-extras.cmake
-- Up-to-date: /home/user/exchange/ws/install/sample_skill_msgs/share/sample_skill_msgs/cmake/ament_cmake_export_dependencies-extras.cmake
-- Up-to-date: /home/user/exchange/ws/install/sample_skill_msgs/share/sample_skill_msgs/cmake/ament_cmake_export_include_directories-extras.cmake
-- Up-to-date: /home/user/exchange/ws/install/sample_skill_msgs/share/sample_skill_msgs/cmake/ament_cmake_export_libraries-extras.cmake
-- Up-to-date: /home/user/exchange/ws/install/sample_skill_msgs/share/sample_skill_msgs/cmake/ament_cmake_export_targets-extras.cmake
-- Up-to-date: /home/user/exchange/ws/install/sample_skill_msgs/share/sample_skill_msgs/cmake/rosidl_cmake_export_typesupport_targets-extras.cmake
-- Up-to-date: /home/user/exchange/ws/install/sample_skill_msgs/share/sample_skill_msgs/cmake/rosidl_cmake_export_typesupport_libraries-extras.cmake
-- Up-to-date: /home/user/exchange/ws/install/sample_skill_msgs/share/sample_skill_msgs/cmake/sample_skill_msgsConfig.cmake
-- Up-to-date: /home/user/exchange/ws/install/sample_skill_msgs/share/sample_skill_msgs/cmake/sample_skill_msgsConfig-version.cmake
-- Up-to-date: /home/user/exchange/ws/install/sample_skill_msgs/share/sample_skill_msgs/package.xml
