[0.498s] Invoking command in '/home/user/exchange/ws/src/emotion_mirror': PYTHONPATH=/home/user/exchange/ws/build/emotion_mirror/prefix_override:/usr/lib/python3/dist-packages/colcon_core/task/python/colcon_distutils_commands:/home/user/exchange/ws/install/emotion_mirror/lib/python3.10/site-packages:${PYTHONPATH} /usr/bin/python3 -W ignore:setup.py install is deprecated -W ignore:easy_install command is deprecated setup.py egg_info --egg-base ../../build/emotion_mirror build --build-base /home/user/exchange/ws/build/emotion_mirror/build install --record /home/user/exchange/ws/build/emotion_mirror/install.log --single-version-externally-managed install_data
[0.664s] running egg_info
[0.664s] writing ../../build/emotion_mirror/emotion_mirror.egg-info/PKG-INFO
[0.664s] writing dependency_links to ../../build/emotion_mirror/emotion_mirror.egg-info/dependency_links.txt
[0.664s] writing entry points to ../../build/emotion_mirror/emotion_mirror.egg-info/entry_points.txt
[0.665s] writing requirements to ../../build/emotion_mirror/emotion_mirror.egg-info/requires.txt
[0.665s] writing top-level names to ../../build/emotion_mirror/emotion_mirror.egg-info/top_level.txt
[0.666s] reading manifest file '../../build/emotion_mirror/emotion_mirror.egg-info/SOURCES.txt'
[0.666s] adding license file 'LICENSE'
[0.667s] writing manifest file '../../build/emotion_mirror/emotion_mirror.egg-info/SOURCES.txt'
[0.667s] running build
[0.667s] running build_py
[0.667s] running install
[0.667s] running install_lib
[0.668s] running install_data
[0.669s] running install_egg_info
[0.670s] removing '/home/user/exchange/ws/install/emotion_mirror/lib/python3.10/site-packages/emotion_mirror-0.1.0-py3.10.egg-info' (and everything under it)
[0.671s] Copying ../../build/emotion_mirror/emotion_mirror.egg-info to /home/user/exchange/ws/install/emotion_mirror/lib/python3.10/site-packages/emotion_mirror-0.1.0-py3.10.egg-info
[0.673s] running install_scripts
[0.687s] Installing run_app script to /home/user/exchange/ws/install/emotion_mirror/lib/emotion_mirror
[0.688s] writing list of installed files to '/home/user/exchange/ws/build/emotion_mirror/install.log'
[0.702s] Invoked command in '/home/user/exchange/ws/src/emotion_mirror' returned '0': PYTHONPATH=/home/user/exchange/ws/build/emotion_mirror/prefix_override:/usr/lib/python3/dist-packages/colcon_core/task/python/colcon_distutils_commands:/home/user/exchange/ws/install/emotion_mirror/lib/python3.10/site-packages:${PYTHONPATH} /usr/bin/python3 -W ignore:setup.py install is deprecated -W ignore:easy_install command is deprecated setup.py egg_info --egg-base ../../build/emotion_mirror build --build-base /home/user/exchange/ws/build/emotion_mirror/build install --record /home/user/exchange/ws/build/emotion_mirror/install.log --single-version-externally-managed install_data
