[0.056s] DEBUG:colcon:Command line arguments: ['/usr/bin/colcon', 'build']
[0.056s] DEBUG:colcon:Parsed command line arguments: Namespace(log_base=None, log_level=None, verb_name='build', build_base='build', install_base='install', merge_install=False, symlink_install=False, test_result_base=None, continue_on_error=False, executor='parallel', parallel_workers=16, event_handlers=None, ignore_user_meta=False, metas=['./colcon.meta'], base_paths=['.'], packages_ignore=None, packages_ignore_regex=None, paths=None, packages_up_to=None, packages_up_to_regex=None, packages_above=None, packages_above_and_dependencies=None, packages_above_depth=None, packages_select_by_dep=None, packages_skip_by_dep=None, packages_skip_up_to=None, packages_select_build_failed=False, packages_skip_build_finished=False, packages_select_test_failures=False, packages_skip_test_passed=False, packages_select=None, packages_skip=None, packages_select_regex=None, packages_skip_regex=None, packages_start=None, packages_end=None, cmake_args=None, cmake_target=None, cmake_target_skip_unavailable=False, cmake_clean_cache=False, cmake_clean_first=False, cmake_force_configure=False, ament_cmake_args=None, catkin_cmake_args=None, catkin_skip_building_tests=False, verb_parser=<colcon_defaults.argument_parser.defaults.DefaultArgumentsDecorator object at 0x77405454bc70>, verb_extension=<colcon_core.verb.build.BuildVerb object at 0x77405454b820>, main=<bound method BuildVerb.main of <colcon_core.verb.build.BuildVerb object at 0x77405454b820>>)
[0.139s] Level 1:colcon.colcon_core.package_discovery:discover_packages(colcon_meta) check parameters
[0.139s] Level 1:colcon.colcon_core.package_discovery:discover_packages(recursive) check parameters
[0.139s] Level 1:colcon.colcon_core.package_discovery:discover_packages(ignore) check parameters
[0.139s] Level 1:colcon.colcon_core.package_discovery:discover_packages(path) check parameters
[0.139s] Level 1:colcon.colcon_core.package_discovery:discover_packages(colcon_meta) discover
[0.139s] Level 1:colcon.colcon_core.package_discovery:discover_packages(recursive) discover
[0.139s] INFO:colcon.colcon_core.package_discovery:Crawling recursively for packages in '/home/user/exchange/ws'
[0.139s] Level 1:colcon.colcon_core.package_identification:_identify(.) by extensions ['ignore', 'ignore_ament_install']
[0.139s] Level 1:colcon.colcon_core.package_identification:_identify(.) by extension 'ignore'
[0.139s] Level 1:colcon.colcon_core.package_identification:_identify(.) by extension 'ignore_ament_install'
[0.139s] Level 1:colcon.colcon_core.package_identification:_identify(.) by extensions ['colcon_pkg']
[0.139s] Level 1:colcon.colcon_core.package_identification:_identify(.) by extension 'colcon_pkg'
[0.140s] Level 1:colcon.colcon_core.package_identification:_identify(.) by extensions ['colcon_meta']
[0.140s] Level 1:colcon.colcon_core.package_identification:_identify(.) by extension 'colcon_meta'
[0.140s] Level 1:colcon.colcon_core.package_identification:_identify(.) by extensions ['ros']
[0.140s] Level 1:colcon.colcon_core.package_identification:_identify(.) by extension 'ros'
[0.146s] Level 1:colcon.colcon_core.package_identification:_identify(.) by extensions ['cmake', 'python']
[0.146s] Level 1:colcon.colcon_core.package_identification:_identify(.) by extension 'cmake'
[0.146s] Level 1:colcon.colcon_core.package_identification:_identify(.) by extension 'python'
[0.146s] Level 1:colcon.colcon_core.package_identification:_identify(.) by extensions ['python_setup_py']
[0.146s] Level 1:colcon.colcon_core.package_identification:_identify(.) by extension 'python_setup_py'
[0.146s] Level 1:colcon.colcon_core.package_identification:_identify(build) by extensions ['ignore', 'ignore_ament_install']
[0.146s] Level 1:colcon.colcon_core.package_identification:_identify(build) by extension 'ignore'
[0.146s] Level 1:colcon.colcon_core.package_identification:_identify(build) ignored
[0.146s] Level 1:colcon.colcon_core.package_identification:_identify(install) by extensions ['ignore', 'ignore_ament_install']
[0.146s] Level 1:colcon.colcon_core.package_identification:_identify(install) by extension 'ignore'
[0.146s] Level 1:colcon.colcon_core.package_identification:_identify(install) ignored
[0.147s] Level 1:colcon.colcon_core.package_identification:_identify(log) by extensions ['ignore', 'ignore_ament_install']
[0.147s] Level 1:colcon.colcon_core.package_identification:_identify(log) by extension 'ignore'
[0.147s] Level 1:colcon.colcon_core.package_identification:_identify(log) ignored
[0.147s] Level 1:colcon.colcon_core.package_identification:_identify(src) by extensions ['ignore', 'ignore_ament_install']
[0.147s] Level 1:colcon.colcon_core.package_identification:_identify(src) by extension 'ignore'
[0.147s] Level 1:colcon.colcon_core.package_identification:_identify(src) by extension 'ignore_ament_install'
[0.147s] Level 1:colcon.colcon_core.package_identification:_identify(src) by extensions ['colcon_pkg']
[0.147s] Level 1:colcon.colcon_core.package_identification:_identify(src) by extension 'colcon_pkg'
[0.147s] Level 1:colcon.colcon_core.package_identification:_identify(src) by extensions ['colcon_meta']
[0.147s] Level 1:colcon.colcon_core.package_identification:_identify(src) by extension 'colcon_meta'
[0.147s] Level 1:colcon.colcon_core.package_identification:_identify(src) by extensions ['ros']
[0.147s] Level 1:colcon.colcon_core.package_identification:_identify(src) by extension 'ros'
[0.147s] Level 1:colcon.colcon_core.package_identification:_identify(src) by extensions ['cmake', 'python']
[0.147s] Level 1:colcon.colcon_core.package_identification:_identify(src) by extension 'cmake'
[0.147s] Level 1:colcon.colcon_core.package_identification:_identify(src) by extension 'python'
[0.147s] Level 1:colcon.colcon_core.package_identification:_identify(src) by extensions ['python_setup_py']
[0.147s] Level 1:colcon.colcon_core.package_identification:_identify(src) by extension 'python_setup_py'
[0.147s] Level 1:colcon.colcon_core.package_identification:_identify(src/basic_say) by extensions ['ignore', 'ignore_ament_install']
[0.147s] Level 1:colcon.colcon_core.package_identification:_identify(src/basic_say) by extension 'ignore'
[0.147s] Level 1:colcon.colcon_core.package_identification:_identify(src/basic_say) by extension 'ignore_ament_install'
[0.148s] Level 1:colcon.colcon_core.package_identification:_identify(src/basic_say) by extensions ['colcon_pkg']
[0.148s] Level 1:colcon.colcon_core.package_identification:_identify(src/basic_say) by extension 'colcon_pkg'
[0.148s] Level 1:colcon.colcon_core.package_identification:_identify(src/basic_say) by extensions ['colcon_meta']
[0.148s] Level 1:colcon.colcon_core.package_identification:_identify(src/basic_say) by extension 'colcon_meta'
[0.148s] Level 1:colcon.colcon_core.package_identification:_identify(src/basic_say) by extensions ['ros']
[0.148s] Level 1:colcon.colcon_core.package_identification:_identify(src/basic_say) by extension 'ros'
[0.149s] DEBUG:colcon.colcon_core.package_identification:Package 'src/basic_say' with type 'ros.ament_python' and name 'basic_say'
[0.149s] Level 1:colcon.colcon_core.package_identification:_identify(src/emotion_mirror) by extensions ['ignore', 'ignore_ament_install']
[0.149s] Level 1:colcon.colcon_core.package_identification:_identify(src/emotion_mirror) by extension 'ignore'
[0.149s] Level 1:colcon.colcon_core.package_identification:_identify(src/emotion_mirror) by extension 'ignore_ament_install'
[0.150s] Level 1:colcon.colcon_core.package_identification:_identify(src/emotion_mirror) by extensions ['colcon_pkg']
[0.150s] Level 1:colcon.colcon_core.package_identification:_identify(src/emotion_mirror) by extension 'colcon_pkg'
[0.150s] Level 1:colcon.colcon_core.package_identification:_identify(src/emotion_mirror) by extensions ['colcon_meta']
[0.150s] Level 1:colcon.colcon_core.package_identification:_identify(src/emotion_mirror) by extension 'colcon_meta'
[0.150s] Level 1:colcon.colcon_core.package_identification:_identify(src/emotion_mirror) by extensions ['ros']
[0.150s] Level 1:colcon.colcon_core.package_identification:_identify(src/emotion_mirror) by extension 'ros'
[0.150s] DEBUG:colcon.colcon_core.package_identification:Package 'src/emotion_mirror' with type 'ros.ament_python' and name 'emotion_mirror'
[0.150s] Level 1:colcon.colcon_core.package_identification:_identify(src/sample_skill_msgs) by extensions ['ignore', 'ignore_ament_install']
[0.151s] Level 1:colcon.colcon_core.package_identification:_identify(src/sample_skill_msgs) by extension 'ignore'
[0.151s] Level 1:colcon.colcon_core.package_identification:_identify(src/sample_skill_msgs) by extension 'ignore_ament_install'
[0.151s] Level 1:colcon.colcon_core.package_identification:_identify(src/sample_skill_msgs) by extensions ['colcon_pkg']
[0.151s] Level 1:colcon.colcon_core.package_identification:_identify(src/sample_skill_msgs) by extension 'colcon_pkg'
[0.151s] Level 1:colcon.colcon_core.package_identification:_identify(src/sample_skill_msgs) by extensions ['colcon_meta']
[0.151s] Level 1:colcon.colcon_core.package_identification:_identify(src/sample_skill_msgs) by extension 'colcon_meta'
[0.151s] Level 1:colcon.colcon_core.package_identification:_identify(src/sample_skill_msgs) by extensions ['ros']
[0.151s] Level 1:colcon.colcon_core.package_identification:_identify(src/sample_skill_msgs) by extension 'ros'
[0.151s] DEBUG:colcon.colcon_core.package_identification:Package 'src/sample_skill_msgs' with type 'ros.ament_cmake' and name 'sample_skill_msgs'
[0.151s] Level 1:colcon.colcon_core.package_discovery:discover_packages(recursive) using defaults
[0.151s] Level 1:colcon.colcon_core.package_discovery:discover_packages(ignore) discover
[0.151s] Level 1:colcon.colcon_core.package_discovery:discover_packages(ignore) using defaults
[0.152s] Level 1:colcon.colcon_core.package_discovery:discover_packages(path) discover
[0.152s] Level 1:colcon.colcon_core.package_discovery:discover_packages(path) using defaults
[0.162s] Level 5:colcon.colcon_core.verb:set package 'emotion_mirror' build argument 'cmake_args' from command line to 'None'
[0.162s] Level 5:colcon.colcon_core.verb:set package 'emotion_mirror' build argument 'cmake_target' from command line to 'None'
[0.162s] Level 5:colcon.colcon_core.verb:set package 'emotion_mirror' build argument 'cmake_target_skip_unavailable' from command line to 'False'
[0.162s] Level 5:colcon.colcon_core.verb:set package 'emotion_mirror' build argument 'cmake_clean_cache' from command line to 'False'
[0.162s] Level 5:colcon.colcon_core.verb:set package 'emotion_mirror' build argument 'cmake_clean_first' from command line to 'False'
[0.162s] Level 5:colcon.colcon_core.verb:set package 'emotion_mirror' build argument 'cmake_force_configure' from command line to 'False'
[0.162s] Level 5:colcon.colcon_core.verb:set package 'emotion_mirror' build argument 'ament_cmake_args' from command line to 'None'
[0.162s] Level 5:colcon.colcon_core.verb:set package 'emotion_mirror' build argument 'catkin_cmake_args' from command line to 'None'
[0.162s] Level 5:colcon.colcon_core.verb:set package 'emotion_mirror' build argument 'catkin_skip_building_tests' from command line to 'False'
[0.163s] DEBUG:colcon.colcon_core.verb:Building package 'emotion_mirror' with the following arguments: {'ament_cmake_args': None, 'build_base': '/home/user/exchange/ws/build/emotion_mirror', 'catkin_cmake_args': None, 'catkin_skip_building_tests': False, 'cmake_args': None, 'cmake_clean_cache': False, 'cmake_clean_first': False, 'cmake_force_configure': False, 'cmake_target': None, 'cmake_target_skip_unavailable': False, 'install_base': '/home/user/exchange/ws/install/emotion_mirror', 'merge_install': False, 'path': '/home/user/exchange/ws/src/emotion_mirror', 'symlink_install': False, 'test_result_base': None}
[0.163s] Level 5:colcon.colcon_core.verb:set package 'sample_skill_msgs' build argument 'cmake_args' from command line to 'None'
[0.163s] Level 5:colcon.colcon_core.verb:set package 'sample_skill_msgs' build argument 'cmake_target' from command line to 'None'
[0.163s] Level 5:colcon.colcon_core.verb:set package 'sample_skill_msgs' build argument 'cmake_target_skip_unavailable' from command line to 'False'
[0.163s] Level 5:colcon.colcon_core.verb:set package 'sample_skill_msgs' build argument 'cmake_clean_cache' from command line to 'False'
[0.163s] Level 5:colcon.colcon_core.verb:set package 'sample_skill_msgs' build argument 'cmake_clean_first' from command line to 'False'
[0.163s] Level 5:colcon.colcon_core.verb:set package 'sample_skill_msgs' build argument 'cmake_force_configure' from command line to 'False'
[0.163s] Level 5:colcon.colcon_core.verb:set package 'sample_skill_msgs' build argument 'ament_cmake_args' from command line to 'None'
[0.163s] Level 5:colcon.colcon_core.verb:set package 'sample_skill_msgs' build argument 'catkin_cmake_args' from command line to 'None'
[0.163s] Level 5:colcon.colcon_core.verb:set package 'sample_skill_msgs' build argument 'catkin_skip_building_tests' from command line to 'False'
[0.163s] DEBUG:colcon.colcon_core.verb:Building package 'sample_skill_msgs' with the following arguments: {'ament_cmake_args': None, 'build_base': '/home/user/exchange/ws/build/sample_skill_msgs', 'catkin_cmake_args': None, 'catkin_skip_building_tests': False, 'cmake_args': None, 'cmake_clean_cache': False, 'cmake_clean_first': False, 'cmake_force_configure': False, 'cmake_target': None, 'cmake_target_skip_unavailable': False, 'install_base': '/home/user/exchange/ws/install/sample_skill_msgs', 'merge_install': False, 'path': '/home/user/exchange/ws/src/sample_skill_msgs', 'symlink_install': False, 'test_result_base': None}
[0.163s] Level 5:colcon.colcon_core.verb:set package 'basic_say' build argument 'cmake_args' from command line to 'None'
[0.163s] Level 5:colcon.colcon_core.verb:set package 'basic_say' build argument 'cmake_target' from command line to 'None'
[0.163s] Level 5:colcon.colcon_core.verb:set package 'basic_say' build argument 'cmake_target_skip_unavailable' from command line to 'False'
[0.163s] Level 5:colcon.colcon_core.verb:set package 'basic_say' build argument 'cmake_clean_cache' from command line to 'False'
[0.163s] Level 5:colcon.colcon_core.verb:set package 'basic_say' build argument 'cmake_clean_first' from command line to 'False'
[0.163s] Level 5:colcon.colcon_core.verb:set package 'basic_say' build argument 'cmake_force_configure' from command line to 'False'
[0.163s] Level 5:colcon.colcon_core.verb:set package 'basic_say' build argument 'ament_cmake_args' from command line to 'None'
[0.163s] Level 5:colcon.colcon_core.verb:set package 'basic_say' build argument 'catkin_cmake_args' from command line to 'None'
[0.163s] Level 5:colcon.colcon_core.verb:set package 'basic_say' build argument 'catkin_skip_building_tests' from command line to 'False'
[0.163s] DEBUG:colcon.colcon_core.verb:Building package 'basic_say' with the following arguments: {'ament_cmake_args': None, 'build_base': '/home/user/exchange/ws/build/basic_say', 'catkin_cmake_args': None, 'catkin_skip_building_tests': False, 'cmake_args': None, 'cmake_clean_cache': False, 'cmake_clean_first': False, 'cmake_force_configure': False, 'cmake_target': None, 'cmake_target_skip_unavailable': False, 'install_base': '/home/user/exchange/ws/install/basic_say', 'merge_install': False, 'path': '/home/user/exchange/ws/src/basic_say', 'symlink_install': False, 'test_result_base': None}
[0.163s] INFO:colcon.colcon_core.executor:Executing jobs using 'parallel' executor
[0.164s] DEBUG:colcon.colcon_parallel_executor.executor.parallel:run_until_complete
[0.164s] INFO:colcon.colcon_ros.task.ament_cmake.build:Building ROS package in '/home/user/exchange/ws/src/sample_skill_msgs' with build type 'ament_cmake'
[0.164s] INFO:colcon.colcon_cmake.task.cmake.build:Building CMake package in '/home/user/exchange/ws/src/sample_skill_msgs'
[0.166s] INFO:colcon.colcon_core.plugin_system:Skipping extension 'colcon_core.shell.bat': Not used on non-Windows systems
[0.166s] INFO:colcon.colcon_core.shell:Skip shell extension 'powershell' for command environment: Not usable outside of PowerShell
[0.166s] DEBUG:colcon.colcon_core.shell:Skip shell extension 'dsv' for command environment
[0.170s] INFO:colcon.colcon_ros.task.ament_python.build:Building ROS package in '/home/user/exchange/ws/src/emotion_mirror' with build type 'ament_python'
[0.171s] Level 1:colcon.colcon_core.shell:create_environment_hook('emotion_mirror', 'ament_prefix_path')
[0.171s] INFO:colcon.colcon_core.shell:Creating environment hook '/home/user/exchange/ws/install/emotion_mirror/share/emotion_mirror/hook/ament_prefix_path.ps1'
[0.171s] INFO:colcon.colcon_core.shell:Creating environment descriptor '/home/user/exchange/ws/install/emotion_mirror/share/emotion_mirror/hook/ament_prefix_path.dsv'
[0.172s] INFO:colcon.colcon_core.shell:Creating environment hook '/home/user/exchange/ws/install/emotion_mirror/share/emotion_mirror/hook/ament_prefix_path.sh'
[0.172s] INFO:colcon.colcon_core.shell:Skip shell extension 'powershell' for command environment: Not usable outside of PowerShell
[0.172s] DEBUG:colcon.colcon_core.shell:Skip shell extension 'dsv' for command environment
[0.181s] DEBUG:colcon.colcon_core.event_handler.log_command:Invoking command in '/home/user/exchange/ws/build/sample_skill_msgs': CMAKE_PREFIX_PATH=${CMAKE_PREFIX_PATH}:/home/user/exchange/ws/install/basic_say:/home/user/exchange/ws/install/emotion_mirror:/opt/pal/alum:/opt/ros/humble /usr/bin/cmake --build /home/user/exchange/ws/build/sample_skill_msgs -- -j16 -l16
[0.317s] INFO:colcon.colcon_core.task.python.build:Building Python package in '/home/user/exchange/ws/src/emotion_mirror'
[0.317s] INFO:colcon.colcon_core.shell:Skip shell extension 'powershell' for command environment: Not usable outside of PowerShell
[0.317s] DEBUG:colcon.colcon_core.shell:Skip shell extension 'dsv' for command environment
[0.394s] DEBUG:colcon.colcon_core.event_handler.log_command:Invoked command in '/home/user/exchange/ws/build/sample_skill_msgs' returned '0': CMAKE_PREFIX_PATH=${CMAKE_PREFIX_PATH}:/home/user/exchange/ws/install/basic_say:/home/user/exchange/ws/install/emotion_mirror:/opt/pal/alum:/opt/ros/humble /usr/bin/cmake --build /home/user/exchange/ws/build/sample_skill_msgs -- -j16 -l16
[0.401s] DEBUG:colcon.colcon_core.event_handler.log_command:Invoking command in '/home/user/exchange/ws/build/sample_skill_msgs': CMAKE_PREFIX_PATH=${CMAKE_PREFIX_PATH}:/home/user/exchange/ws/install/basic_say:/home/user/exchange/ws/install/emotion_mirror:/opt/pal/alum:/opt/ros/humble /usr/bin/cmake --install /home/user/exchange/ws/build/sample_skill_msgs
[0.442s] Level 1:colcon.colcon_core.environment:create_environment_scripts_only(sample_skill_msgs)
[0.443s] DEBUG:colcon.colcon_core.event_handler.log_command:Invoked command in '/home/user/exchange/ws/build/sample_skill_msgs' returned '0': CMAKE_PREFIX_PATH=${CMAKE_PREFIX_PATH}:/home/user/exchange/ws/install/basic_say:/home/user/exchange/ws/install/emotion_mirror:/opt/pal/alum:/opt/ros/humble /usr/bin/cmake --install /home/user/exchange/ws/build/sample_skill_msgs
[0.444s] Level 1:colcon.colcon_core.environment:checking '/home/user/exchange/ws/install/sample_skill_msgs' for CMake module files
[0.445s] Level 1:colcon.colcon_core.environment:checking '/home/user/exchange/ws/install/sample_skill_msgs' for CMake config files
[0.445s] Level 1:colcon.colcon_core.shell:create_environment_hook('sample_skill_msgs', 'cmake_prefix_path')
[0.445s] INFO:colcon.colcon_core.shell:Creating environment hook '/home/user/exchange/ws/install/sample_skill_msgs/share/sample_skill_msgs/hook/cmake_prefix_path.ps1'
[0.445s] INFO:colcon.colcon_core.shell:Creating environment descriptor '/home/user/exchange/ws/install/sample_skill_msgs/share/sample_skill_msgs/hook/cmake_prefix_path.dsv'
[0.446s] INFO:colcon.colcon_core.shell:Creating environment hook '/home/user/exchange/ws/install/sample_skill_msgs/share/sample_skill_msgs/hook/cmake_prefix_path.sh'
[0.446s] Level 1:colcon.colcon_core.environment:checking '/home/user/exchange/ws/install/sample_skill_msgs/lib'
[0.446s] Level 1:colcon.colcon_core.shell:create_environment_hook('sample_skill_msgs', 'ld_library_path_lib')
[0.446s] INFO:colcon.colcon_core.shell:Creating environment hook '/home/user/exchange/ws/install/sample_skill_msgs/share/sample_skill_msgs/hook/ld_library_path_lib.ps1'
[0.447s] INFO:colcon.colcon_core.shell:Creating environment descriptor '/home/user/exchange/ws/install/sample_skill_msgs/share/sample_skill_msgs/hook/ld_library_path_lib.dsv'
[0.447s] INFO:colcon.colcon_core.shell:Creating environment hook '/home/user/exchange/ws/install/sample_skill_msgs/share/sample_skill_msgs/hook/ld_library_path_lib.sh'
[0.447s] Level 1:colcon.colcon_core.environment:checking '/home/user/exchange/ws/install/sample_skill_msgs/bin'
[0.447s] Level 1:colcon.colcon_core.environment:checking '/home/user/exchange/ws/install/sample_skill_msgs/lib/pkgconfig/sample_skill_msgs.pc'
[0.447s] Level 1:colcon.colcon_core.environment:checking '/home/user/exchange/ws/install/sample_skill_msgs/lib/python3.10/site-packages'
[0.448s] Level 1:colcon.colcon_core.environment:checking '/home/user/exchange/ws/install/sample_skill_msgs/bin'
[0.448s] INFO:colcon.colcon_core.shell:Creating package script '/home/user/exchange/ws/install/sample_skill_msgs/share/sample_skill_msgs/package.ps1'
[0.448s] INFO:colcon.colcon_core.shell:Creating package descriptor '/home/user/exchange/ws/install/sample_skill_msgs/share/sample_skill_msgs/package.dsv'
[0.449s] INFO:colcon.colcon_core.shell:Creating package script '/home/user/exchange/ws/install/sample_skill_msgs/share/sample_skill_msgs/package.sh'
[0.449s] INFO:colcon.colcon_core.shell:Creating package script '/home/user/exchange/ws/install/sample_skill_msgs/share/sample_skill_msgs/package.bash'
[0.449s] INFO:colcon.colcon_core.shell:Creating package script '/home/user/exchange/ws/install/sample_skill_msgs/share/sample_skill_msgs/package.zsh'
[0.456s] Level 1:colcon.colcon_core.environment:create_file_with_runtime_dependencies(/home/user/exchange/ws/install/sample_skill_msgs/share/colcon-core/packages/sample_skill_msgs)
[0.456s] Level 1:colcon.colcon_core.environment:create_environment_scripts_only(sample_skill_msgs)
[0.457s] Level 1:colcon.colcon_core.environment:checking '/home/user/exchange/ws/install/sample_skill_msgs' for CMake module files
[0.457s] Level 1:colcon.colcon_core.environment:checking '/home/user/exchange/ws/install/sample_skill_msgs' for CMake config files
[0.457s] Level 1:colcon.colcon_core.shell:create_environment_hook('sample_skill_msgs', 'cmake_prefix_path')
[0.457s] INFO:colcon.colcon_core.shell:Creating environment hook '/home/user/exchange/ws/install/sample_skill_msgs/share/sample_skill_msgs/hook/cmake_prefix_path.ps1'
[0.457s] INFO:colcon.colcon_core.shell:Creating environment descriptor '/home/user/exchange/ws/install/sample_skill_msgs/share/sample_skill_msgs/hook/cmake_prefix_path.dsv'
[0.458s] INFO:colcon.colcon_core.shell:Creating environment hook '/home/user/exchange/ws/install/sample_skill_msgs/share/sample_skill_msgs/hook/cmake_prefix_path.sh'
[0.458s] Level 1:colcon.colcon_core.environment:checking '/home/user/exchange/ws/install/sample_skill_msgs/lib'
[0.458s] Level 1:colcon.colcon_core.shell:create_environment_hook('sample_skill_msgs', 'ld_library_path_lib')
[0.458s] INFO:colcon.colcon_core.shell:Creating environment hook '/home/user/exchange/ws/install/sample_skill_msgs/share/sample_skill_msgs/hook/ld_library_path_lib.ps1'
[0.459s] INFO:colcon.colcon_core.shell:Creating environment descriptor '/home/user/exchange/ws/install/sample_skill_msgs/share/sample_skill_msgs/hook/ld_library_path_lib.dsv'
[0.459s] INFO:colcon.colcon_core.shell:Creating environment hook '/home/user/exchange/ws/install/sample_skill_msgs/share/sample_skill_msgs/hook/ld_library_path_lib.sh'
[0.459s] Level 1:colcon.colcon_core.environment:checking '/home/user/exchange/ws/install/sample_skill_msgs/bin'
[0.459s] Level 1:colcon.colcon_core.environment:checking '/home/user/exchange/ws/install/sample_skill_msgs/lib/pkgconfig/sample_skill_msgs.pc'
[0.459s] Level 1:colcon.colcon_core.environment:checking '/home/user/exchange/ws/install/sample_skill_msgs/lib/python3.10/site-packages'
[0.460s] Level 1:colcon.colcon_core.environment:checking '/home/user/exchange/ws/install/sample_skill_msgs/bin'
[0.460s] INFO:colcon.colcon_core.shell:Creating package script '/home/user/exchange/ws/install/sample_skill_msgs/share/sample_skill_msgs/package.ps1'
[0.460s] INFO:colcon.colcon_core.shell:Creating package descriptor '/home/user/exchange/ws/install/sample_skill_msgs/share/sample_skill_msgs/package.dsv'
[0.460s] INFO:colcon.colcon_core.shell:Creating package script '/home/user/exchange/ws/install/sample_skill_msgs/share/sample_skill_msgs/package.sh'
[0.461s] INFO:colcon.colcon_core.shell:Creating package script '/home/user/exchange/ws/install/sample_skill_msgs/share/sample_skill_msgs/package.bash'
[0.461s] INFO:colcon.colcon_core.shell:Creating package script '/home/user/exchange/ws/install/sample_skill_msgs/share/sample_skill_msgs/package.zsh'
[0.462s] Level 1:colcon.colcon_core.environment:create_file_with_runtime_dependencies(/home/user/exchange/ws/install/sample_skill_msgs/share/colcon-core/packages/sample_skill_msgs)
[0.462s] INFO:colcon.colcon_ros.task.ament_python.build:Building ROS package in '/home/user/exchange/ws/src/basic_say' with build type 'ament_python'
[0.462s] Level 1:colcon.colcon_core.shell:create_environment_hook('basic_say', 'ament_prefix_path')
[0.462s] INFO:colcon.colcon_core.shell:Creating environment hook '/home/user/exchange/ws/install/basic_say/share/basic_say/hook/ament_prefix_path.ps1'
[0.463s] INFO:colcon.colcon_core.shell:Creating environment descriptor '/home/user/exchange/ws/install/basic_say/share/basic_say/hook/ament_prefix_path.dsv'
[0.463s] INFO:colcon.colcon_core.shell:Creating environment hook '/home/user/exchange/ws/install/basic_say/share/basic_say/hook/ament_prefix_path.sh'
[0.464s] INFO:colcon.colcon_core.shell:Skip shell extension 'powershell' for command environment: Not usable outside of PowerShell
[0.464s] DEBUG:colcon.colcon_core.shell:Skip shell extension 'dsv' for command environment
[0.606s] INFO:colcon.colcon_core.task.python.build:Building Python package in '/home/user/exchange/ws/src/basic_say'
[0.606s] INFO:colcon.colcon_core.shell:Skip shell extension 'powershell' for command environment: Not usable outside of PowerShell
[0.606s] DEBUG:colcon.colcon_core.shell:Skip shell extension 'dsv' for command environment
[0.611s] DEBUG:colcon.colcon_core.event_handler.log_command:Invoking command in '/home/user/exchange/ws/src/emotion_mirror': PYTHONPATH=/home/user/exchange/ws/build/emotion_mirror/prefix_override:/usr/lib/python3/dist-packages/colcon_core/task/python/colcon_distutils_commands:/home/user/exchange/ws/install/emotion_mirror/lib/python3.10/site-packages:${PYTHONPATH} /usr/bin/python3 -W ignore:setup.py install is deprecated -W ignore:easy_install command is deprecated setup.py egg_info --egg-base ../../build/emotion_mirror build --build-base /home/user/exchange/ws/build/emotion_mirror/build install --record /home/user/exchange/ws/build/emotion_mirror/install.log --single-version-externally-managed install_data
[0.766s] Level 1:colcon.colcon_core.environment:checking '/home/user/exchange/ws/install/emotion_mirror' for CMake module files
[0.766s] DEBUG:colcon.colcon_core.event_handler.log_command:Invoked command in '/home/user/exchange/ws/src/emotion_mirror' returned '0': PYTHONPATH=/home/user/exchange/ws/build/emotion_mirror/prefix_override:/usr/lib/python3/dist-packages/colcon_core/task/python/colcon_distutils_commands:/home/user/exchange/ws/install/emotion_mirror/lib/python3.10/site-packages:${PYTHONPATH} /usr/bin/python3 -W ignore:setup.py install is deprecated -W ignore:easy_install command is deprecated setup.py egg_info --egg-base ../../build/emotion_mirror build --build-base /home/user/exchange/ws/build/emotion_mirror/build install --record /home/user/exchange/ws/build/emotion_mirror/install.log --single-version-externally-managed install_data
[0.767s] Level 1:colcon.colcon_core.environment:checking '/home/user/exchange/ws/install/emotion_mirror' for CMake config files
[0.767s] Level 1:colcon.colcon_core.environment:checking '/home/user/exchange/ws/install/emotion_mirror/lib'
[0.767s] Level 1:colcon.colcon_core.environment:checking '/home/user/exchange/ws/install/emotion_mirror/bin'
[0.767s] Level 1:colcon.colcon_core.environment:checking '/home/user/exchange/ws/install/emotion_mirror/lib/pkgconfig/emotion_mirror.pc'
[0.767s] Level 1:colcon.colcon_core.environment:checking '/home/user/exchange/ws/install/emotion_mirror/lib/python3.10/site-packages'
[0.768s] Level 1:colcon.colcon_core.shell:create_environment_hook('emotion_mirror', 'pythonpath')
[0.768s] INFO:colcon.colcon_core.shell:Creating environment hook '/home/user/exchange/ws/install/emotion_mirror/share/emotion_mirror/hook/pythonpath.ps1'
[0.768s] INFO:colcon.colcon_core.shell:Creating environment descriptor '/home/user/exchange/ws/install/emotion_mirror/share/emotion_mirror/hook/pythonpath.dsv'
[0.768s] INFO:colcon.colcon_core.shell:Creating environment hook '/home/user/exchange/ws/install/emotion_mirror/share/emotion_mirror/hook/pythonpath.sh'
[0.769s] Level 1:colcon.colcon_core.environment:checking '/home/user/exchange/ws/install/emotion_mirror/bin'
[0.769s] Level 1:colcon.colcon_core.environment:create_environment_scripts_only(emotion_mirror)
[0.769s] INFO:colcon.colcon_core.shell:Creating package script '/home/user/exchange/ws/install/emotion_mirror/share/emotion_mirror/package.ps1'
[0.769s] INFO:colcon.colcon_core.shell:Creating package descriptor '/home/user/exchange/ws/install/emotion_mirror/share/emotion_mirror/package.dsv'
[0.770s] INFO:colcon.colcon_core.shell:Creating package script '/home/user/exchange/ws/install/emotion_mirror/share/emotion_mirror/package.sh'
[0.770s] INFO:colcon.colcon_core.shell:Creating package script '/home/user/exchange/ws/install/emotion_mirror/share/emotion_mirror/package.bash'
[0.770s] INFO:colcon.colcon_core.shell:Creating package script '/home/user/exchange/ws/install/emotion_mirror/share/emotion_mirror/package.zsh'
[0.770s] Level 1:colcon.colcon_core.environment:create_file_with_runtime_dependencies(/home/user/exchange/ws/install/emotion_mirror/share/colcon-core/packages/emotion_mirror)
[0.811s] DEBUG:colcon.colcon_core.event_handler.log_command:Invoking command in '/home/user/exchange/ws/src/basic_say': PYTHONPATH=/home/user/exchange/ws/build/basic_say/prefix_override:/usr/lib/python3/dist-packages/colcon_core/task/python/colcon_distutils_commands:/home/user/exchange/ws/install/basic_say/lib/python3.10/site-packages:${PYTHONPATH} /usr/bin/python3 -W ignore:setup.py install is deprecated -W ignore:easy_install command is deprecated setup.py egg_info --egg-base ../../build/basic_say build --build-base /home/user/exchange/ws/build/basic_say/build install --record /home/user/exchange/ws/build/basic_say/install.log --single-version-externally-managed install_data
[0.952s] Level 1:colcon.colcon_core.environment:checking '/home/user/exchange/ws/install/basic_say' for CMake module files
[0.952s] DEBUG:colcon.colcon_core.event_handler.log_command:Invoked command in '/home/user/exchange/ws/src/basic_say' returned '0': PYTHONPATH=/home/user/exchange/ws/build/basic_say/prefix_override:/usr/lib/python3/dist-packages/colcon_core/task/python/colcon_distutils_commands:/home/user/exchange/ws/install/basic_say/lib/python3.10/site-packages:${PYTHONPATH} /usr/bin/python3 -W ignore:setup.py install is deprecated -W ignore:easy_install command is deprecated setup.py egg_info --egg-base ../../build/basic_say build --build-base /home/user/exchange/ws/build/basic_say/build install --record /home/user/exchange/ws/build/basic_say/install.log --single-version-externally-managed install_data
[0.952s] Level 1:colcon.colcon_core.environment:checking '/home/user/exchange/ws/install/basic_say' for CMake config files
[0.953s] Level 1:colcon.colcon_core.environment:checking '/home/user/exchange/ws/install/basic_say/lib'
[0.953s] Level 1:colcon.colcon_core.environment:checking '/home/user/exchange/ws/install/basic_say/bin'
[0.953s] Level 1:colcon.colcon_core.environment:checking '/home/user/exchange/ws/install/basic_say/lib/pkgconfig/basic_say.pc'
[0.953s] Level 1:colcon.colcon_core.environment:checking '/home/user/exchange/ws/install/basic_say/lib/python3.10/site-packages'
[0.953s] Level 1:colcon.colcon_core.shell:create_environment_hook('basic_say', 'pythonpath')
[0.953s] INFO:colcon.colcon_core.shell:Creating environment hook '/home/user/exchange/ws/install/basic_say/share/basic_say/hook/pythonpath.ps1'
[0.953s] INFO:colcon.colcon_core.shell:Creating environment descriptor '/home/user/exchange/ws/install/basic_say/share/basic_say/hook/pythonpath.dsv'
[0.954s] INFO:colcon.colcon_core.shell:Creating environment hook '/home/user/exchange/ws/install/basic_say/share/basic_say/hook/pythonpath.sh'
[0.954s] Level 1:colcon.colcon_core.environment:checking '/home/user/exchange/ws/install/basic_say/bin'
[0.954s] Level 1:colcon.colcon_core.environment:create_environment_scripts_only(basic_say)
[0.954s] INFO:colcon.colcon_core.shell:Creating package script '/home/user/exchange/ws/install/basic_say/share/basic_say/package.ps1'
[0.955s] INFO:colcon.colcon_core.shell:Creating package descriptor '/home/user/exchange/ws/install/basic_say/share/basic_say/package.dsv'
[0.955s] INFO:colcon.colcon_core.shell:Creating package script '/home/user/exchange/ws/install/basic_say/share/basic_say/package.sh'
[0.955s] INFO:colcon.colcon_core.shell:Creating package script '/home/user/exchange/ws/install/basic_say/share/basic_say/package.bash'
[0.956s] INFO:colcon.colcon_core.shell:Creating package script '/home/user/exchange/ws/install/basic_say/share/basic_say/package.zsh'
[0.956s] Level 1:colcon.colcon_core.environment:create_file_with_runtime_dependencies(/home/user/exchange/ws/install/basic_say/share/colcon-core/packages/basic_say)
[0.956s] DEBUG:colcon.colcon_parallel_executor.executor.parallel:closing loop
[0.957s] DEBUG:colcon.colcon_parallel_executor.executor.parallel:loop closed
[0.957s] DEBUG:colcon.colcon_parallel_executor.executor.parallel:run_until_complete finished with '0'
[0.957s] DEBUG:colcon.colcon_core.event_reactor:joining thread
[0.961s] INFO:colcon.colcon_core.plugin_system:Skipping extension 'colcon_notification.desktop_notification.notify_send': Could not find 'notify-send'
[0.961s] INFO:colcon.colcon_core.plugin_system:Skipping extension 'colcon_notification.desktop_notification.terminal_notifier': Not used on non-Darwin systems
[0.961s] INFO:colcon.colcon_core.plugin_system:Skipping extension 'colcon_notification.desktop_notification.win32': Not used on non-Windows systems
[0.961s] INFO:colcon.colcon_notification.desktop_notification:Sending desktop notification using 'notify2'
[0.963s] DEBUG:colcon.colcon_notification.desktop_notification.notify2:Failed to initialize notify2: org.freedesktop.DBus.Error.Spawn.ExecFailed: /usr/bin/dbus-launch terminated abnormally without any error message
[0.963s] DEBUG:colcon.colcon_core.event_reactor:joined thread
[0.964s] INFO:colcon.colcon_core.shell:Creating prefix script '/home/user/exchange/ws/install/local_setup.ps1'
[0.964s] INFO:colcon.colcon_core.shell:Creating prefix util module '/home/user/exchange/ws/install/_local_setup_util_ps1.py'
[0.965s] INFO:colcon.colcon_core.shell:Creating prefix chain script '/home/user/exchange/ws/install/setup.ps1'
[0.966s] INFO:colcon.colcon_core.shell:Creating prefix script '/home/user/exchange/ws/install/local_setup.sh'
[0.966s] INFO:colcon.colcon_core.shell:Creating prefix util module '/home/user/exchange/ws/install/_local_setup_util_sh.py'
[0.967s] INFO:colcon.colcon_core.shell:Creating prefix chain script '/home/user/exchange/ws/install/setup.sh'
[0.967s] INFO:colcon.colcon_core.shell:Creating prefix script '/home/user/exchange/ws/install/local_setup.bash'
[0.968s] INFO:colcon.colcon_core.shell:Creating prefix chain script '/home/user/exchange/ws/install/setup.bash'
[0.969s] INFO:colcon.colcon_core.shell:Creating prefix script '/home/user/exchange/ws/install/local_setup.zsh'
[0.970s] INFO:colcon.colcon_core.shell:Creating prefix chain script '/home/user/exchange/ws/install/setup.zsh'
